{
  "discussions": {
    "pageInfo": {
      "hasNextPage": true,
      "endCursor": "Y3Vyc29yOnYyOpK5MjAyMi0wOS0wMlQwNzo0MTowOC0wNTowMM4AQniZ"
    },
    "edges": [
      {
        "node": {
          "title": "ERROR: CLI_ARGS:1: unused parameter",
          "author": {
            "login": "FanZhangchen"
          },
          "bodyText": "Hi MOOSE team,\nI am trying to follow the workshop and do step6 of the tutorials. However, when I ran the command below\ncd ~/projects/moose/tutorials/darcy-thermo_mech/step06_coupled_darcy_heat_conduction make -j 12 ../darcy_thermo_mech-opt -i step6a_coupled.i Mesh/nx=50 Mesh/ny=3 Executioner/num_steps=1 Executioner/automatic_scaling=0 -pc_type svd -pc_svd_monitor -ksp_view_pmat,\nI got some error feedback from the terminal, which are shown below\n*** ERROR *** CLI_ARGS:1: unused parameter 'Mesh/nx' CLI_ARGS:1: unused parameter 'Mesh/ny' CLI_ARGS:1: unused parameter 'Mesh/nx' CLI_ARGS:1: unused parameter 'Mesh/ny'\nDo you have any ideas on how to solve it?\nThank you so much.",
          "url": "https://github.com/idaholab/moose/discussions/22008",
          "updatedAt": "2022-09-06T01:38:28Z",
          "publishedAt": "2022-09-05T14:24:54Z",
          "category": {
            "name": "Q&A General"
          },
          "comments": {
            "edges": [
              {
                "node": {
                  "author": {
                    "login": "GiudGiud"
                  },
                  "bodyText": "Hello\nIsn\u2019t there a subblock in Mesh? Like Mesh/cmg/nx ?\nGuillaume",
                  "url": "https://github.com/idaholab/moose/discussions/22008#discussioncomment-3561822",
                  "updatedAt": "2022-09-05T16:23:55Z",
                  "publishedAt": "2022-09-05T16:23:54Z",
                  "isAnswer": true,
                  "replies": {
                    "edges": [
                      {
                        "node": {
                          "author": {
                            "login": "FanZhangchen"
                          },
                          "bodyText": "Thank you for your help. There is a subblock in Mesh named gmg. The command could be run after I used Mesh/gmg/nx.",
                          "url": "https://github.com/idaholab/moose/discussions/22008#discussioncomment-3564969",
                          "updatedAt": "2022-09-06T01:38:24Z",
                          "publishedAt": "2022-09-06T01:38:23Z",
                          "isAnswer": false
                        }
                      }
                    ]
                  }
                }
              }
            ]
          }
        }
      },
      {
        "node": {
          "title": "A question about the reference to the MaterialProperty in Material class",
          "author": {
            "login": "TJT-post95"
          },
          "bodyText": "For example, a no-const reference _diffusivity of MaterialProperty ie declared in Example 8, and it is initialized by function declareProperty(\"diffusivity\"). However, the parameter in the function is only a string for the name of property. So, does _diffusivity[_qp] have the assignment operations during initialization? Would it also work if we just declare MaterialProperty _diffusivity directly? Continuing to learn MOOSE, and looking forward to a reply.\nThank you!",
          "url": "https://github.com/idaholab/moose/discussions/21860",
          "updatedAt": "2022-09-05T02:37:19Z",
          "publishedAt": "2022-08-16T16:13:53Z",
          "category": {
            "name": "Q&A General"
          },
          "comments": {
            "edges": [
              {
                "node": {
                  "author": {
                    "login": "GiudGiud"
                  },
                  "bodyText": "Hello\nSorry for the delay we missed this.\nA Material object declares new material properties. Then this material also provides the definition to compute the vlaue of these properties. Computing and setting the value, done with diffusivity[_qp] =  is not a const-compatible operation, hence the on-const reference held by the object\nGuillaume",
                  "url": "https://github.com/idaholab/moose/discussions/21860#discussioncomment-3539867",
                  "updatedAt": "2022-09-02T20:09:14Z",
                  "publishedAt": "2022-09-02T20:09:14Z",
                  "isAnswer": true,
                  "replies": {
                    "edges": [
                      {
                        "node": {
                          "author": {
                            "login": "TJT-post95"
                          },
                          "bodyText": "Thank you!\nAccording to the definition of MaterialProperty class, the object of MaterialProperty class must be referenced to avoid the shallow copy problem. According to my current understanding, this may be the main reason that we don't declare MaterialProperty _diffusivity; directly?",
                          "url": "https://github.com/idaholab/moose/discussions/21860#discussioncomment-3542732",
                          "updatedAt": "2022-09-03T13:46:34Z",
                          "publishedAt": "2022-09-03T13:46:34Z",
                          "isAnswer": false
                        }
                      },
                      {
                        "node": {
                          "author": {
                            "login": "GiudGiud"
                          },
                          "bodyText": "It s more that if you don\u2019t take a reference, then you are making a copy of the property.\nIf you make a copy of the property in your kernel for example, then when the Material object updates the properties, you don\u2019t see the updated values in the copy\nGuillaume",
                          "url": "https://github.com/idaholab/moose/discussions/21860#discussioncomment-3544401",
                          "updatedAt": "2022-09-03T20:33:19Z",
                          "publishedAt": "2022-09-03T20:33:18Z",
                          "isAnswer": false
                        }
                      },
                      {
                        "node": {
                          "author": {
                            "login": "TJT-post95"
                          },
                          "bodyText": "I agree with your explanation, so we use constant reference in the Kernel. But in our own Material class, we declare the member variable MaterialProperty<Real> & _diffusivity; rather than MaterialProperty<Real>  _diffusivity;. After reading the source file of MaterialProperty class, now I think this may be a choice made by MOOSE to facilitate development and avoid the shallow copy problem?",
                          "url": "https://github.com/idaholab/moose/discussions/21860#discussioncomment-3545939",
                          "updatedAt": "2022-09-04T07:37:47Z",
                          "publishedAt": "2022-09-04T07:37:46Z",
                          "isAnswer": false
                        }
                      },
                      {
                        "node": {
                          "author": {
                            "login": "hugary1995"
                          },
                          "bodyText": "It's not const because you want to write to it. It's a reference because because all material properties are registered and managed in a warehouse, thus the object declaring it only holds a reference. There is no shallow copy problem here.",
                          "url": "https://github.com/idaholab/moose/discussions/21860#discussioncomment-3550615",
                          "updatedAt": "2022-09-04T18:30:54Z",
                          "publishedAt": "2022-09-04T18:30:53Z",
                          "isAnswer": false
                        }
                      },
                      {
                        "node": {
                          "author": {
                            "login": "TJT-post95"
                          },
                          "bodyText": "Got! Thank you Guillaume and hugary1995.",
                          "url": "https://github.com/idaholab/moose/discussions/21860#discussioncomment-3553812",
                          "updatedAt": "2022-09-05T02:37:20Z",
                          "publishedAt": "2022-09-05T02:37:19Z",
                          "isAnswer": false
                        }
                      }
                    ]
                  }
                }
              }
            ]
          }
        }
      },
      {
        "node": {
          "title": "Installation Error",
          "author": {
            "login": "FanZhangchen"
          },
          "bodyText": "MOOSE Teams,\nI am new to MOOSE and I meet some problems when I try to install MOOSE. I follow the install procedure on the website #, but when I try to compile and test MOOSE, it's all failed in it.\nRan 50 tests in 3.6 seconds. Average test time 0.1 seconds, maximum test time 0.2 seconds. 0 passed, 68 skipped, 0 pending, 50 FAILED MAX FAILURES REACHED\nAfter that, I went to the Troubleshooting page to find the problems. I follow the Build Issues and all seems to be correct. However, when I attempted to rebuild MOOSE again, it showed the same errors. I tried to do a Failing Tests, but it offers a fatal error when I entered 'make -j 8'.\n{standard input}: Assembler messages: {standard input}:25473: Warning: end of file not at end of a line; newline inserted {standard input}: Error: open CFI at the end of file; missing .cfi_endproc directive x86_64-conda-linux-gnu-c++: fatal error: Killed signal terminated program cc1plus compilation terminated. make: *** [/home/fanzhangchen/projects/moose/framework/build.mk:144: /home/fanzhangchen/projects/moose/test/build/unity_src/userobjects_Unity.x86_64-conda-linux-gnu.opt.lo] Error 1 make: *** Waiting for unfinished jobs....\nCould you help me about these problems?",
          "url": "https://github.com/idaholab/moose/discussions/21994",
          "updatedAt": "2022-09-05T12:53:52Z",
          "publishedAt": "2022-09-02T01:36:56Z",
          "category": {
            "name": "Q&A Getting Started"
          },
          "comments": {
            "edges": [
              {
                "node": {
                  "author": {
                    "login": "GiudGiud"
                  },
                  "bodyText": "Hello\nThe compilation failed, so the tests wont run for sure.\nI searched a bit for this error and it seems you may be running out of memory. On what machine are you building MOOSE?\nCan you try to build with only one process, eg make -j 1\nGuillaume",
                  "url": "https://github.com/idaholab/moose/discussions/21994#discussioncomment-3532021",
                  "updatedAt": "2022-09-02T01:46:46Z",
                  "publishedAt": "2022-09-02T01:46:45Z",
                  "isAnswer": true,
                  "replies": {
                    "edges": [
                      {
                        "node": {
                          "author": {
                            "login": "FanZhangchen"
                          },
                          "bodyText": "Hi Guillaume,\nThanks for your reply. I build MOOSE in Ubuntu virtual machine with 4 processors and 8G memory. I have tried to build it with one process, and it can be compiled. However, when I entered ./run_tests -j 1, there were MAX FAILURES REACHED. When I tried to use ./run_tests -i always_ok -p 2, it showed that\ntests/test_harness.always_ok: Working Directory: /home/fanzhangchen/projects/moose/test/tests/test_harness\ntests/test_harness.always_ok: Running command: mpiexec -n 2 /home/fanzhangchen/projects/moose/test/moose_test-opt -i good.i --error --error-override --no-gdb-backtrace\ntests/test_harness.always_ok: \ntests/test_harness.always_ok: ===================================================================================\ntests/test_harness.always_ok: =   BAD TERMINATION OF ONE OF YOUR APPLICATION PROCESSES\ntests/test_harness.always_ok: =   PID 326121 RUNNING AT fanzhangchen-virtual-machine\ntests/test_harness.always_ok: =   EXIT CODE: 139\ntests/test_harness.always_ok: =   CLEANING UP REMAINING PROCESSES\ntests/test_harness.always_ok: =   YOU CAN IGNORE THE BELOW CLEANUP MESSAGES\ntests/test_harness.always_ok: ===================================================================================\ntests/test_harness.always_ok: YOUR APPLICATION TERMINATED WITH THE EXIT STRING: Segmentation fault (signal 11)\ntests/test_harness.always_ok: This typically refers to a problem with your application.\ntests/test_harness.always_ok: Please see the FAQ page for debugging suggestions\ntests/test_harness.always_ok: /home/fanzhangchen/projects/moose/test/moose_test-opt: Relink `/home/fanzhangchen/mambaforge3/envs/moose/libmesh-vtk/lib/././libvtkkissfft-9.1.so.1' with `/lib/x86_64-linux-gnu/libm.so.6' for IFUNC symbol `sincos'\ntests/test_harness.always_ok: /home/fanzhangchen/projects/moose/test/moose_test-opt: Relink `/home/fanzhangchen/mambaforge3/envs/moose/libmesh-vtk/lib/././libvtkkissfft-9.1.so.1' with `/lib/x86_64-linux-gnu/libm.so.6' for IFUNC symbol `sincos'\ntests/test_harness.always_ok: \ntests/test_harness.always_ok: \ntests/test_harness.always_ok: Exit Code: 139\ntests/test_harness.always_ok: ################################################################################\ntests/test_harness.always_ok: Tester failed, reason: CRASH\ntests/test_harness.always_ok: \ntests/test_harness.always_ok ...................................................... [OVERSIZED] FAILED (CRASH)\n\n\nFinal Test Results:\n--------------------------------------------------------------------------------------------------------------\ntests/test_harness.always_ok ...................................................... [OVERSIZED] FAILED (CRASH)\n--------------------------------------------------------------------------------------------------------------\nRan 1 tests in 0.1 seconds. Average test time 0.1 seconds, maximum test time 0.1 seconds.\n0 passed, 0 skipped, 0 pending, 1 FAILED\n\nZhangchen",
                          "url": "https://github.com/idaholab/moose/discussions/21994#discussioncomment-3532150",
                          "updatedAt": "2022-09-02T02:23:48Z",
                          "publishedAt": "2022-09-02T02:13:11Z",
                          "isAnswer": false
                        }
                      },
                      {
                        "node": {
                          "author": {
                            "login": "GiudGiud"
                          },
                          "bodyText": "seg fault is weird on this test.\nIs this a fresh install?",
                          "url": "https://github.com/idaholab/moose/discussions/21994#discussioncomment-3532257",
                          "updatedAt": "2022-09-02T02:27:28Z",
                          "publishedAt": "2022-09-02T02:27:27Z",
                          "isAnswer": false
                        }
                      },
                      {
                        "node": {
                          "author": {
                            "login": "FanZhangchen"
                          },
                          "bodyText": "Yes, it is a fresh install in this machine.",
                          "url": "https://github.com/idaholab/moose/discussions/21994#discussioncomment-3532274",
                          "updatedAt": "2022-09-02T02:29:19Z",
                          "publishedAt": "2022-09-02T02:29:18Z",
                          "isAnswer": false
                        }
                      },
                      {
                        "node": {
                          "author": {
                            "login": "GiudGiud"
                          },
                          "bodyText": "are all the failures with mpi / multi-processors?\nis there a common thing between all 50 failing tests?\ncan you attach the console log of the failing test suite here",
                          "url": "https://github.com/idaholab/moose/discussions/21994#discussioncomment-3532337",
                          "updatedAt": "2022-09-02T02:37:56Z",
                          "publishedAt": "2022-09-02T02:37:55Z",
                          "isAnswer": false
                        }
                      },
                      {
                        "node": {
                          "author": {
                            "login": "FanZhangchen"
                          },
                          "bodyText": "There were 68 skipped in the failing tests.\nThe console log is attached\nmisc/check_error.node_value_off_block ..................................................... [METHOD!=DBG] SKIP\nmisc/check_error.bad_second_order_test .................................................... [METHOD!=DBG] SKIP\noutputs/format.tecplot_bin_test_override ............................................... [TECPLOT!=FALSE] SKIP\nsamplers/base.errors/setNumberOfCols ............................................... [METHOD!=DEVEL, DBG] SKIP\nsamplers/base.errors/setNumberOfRows ............................................... [METHOD!=DEVEL, DBG] SKIP\nauxkernels/solution_aux.aux_nonlinear_solution/from_xdr ........................ [--with-dof-id-bytes!=4] SKIP\nproblems/eigen_problem/eigensolvers.no_slepc ............................................. [SLEPC!=FALSE] SKIP\nsystem_interfaces.libraries/boost ......................................................... [BOOST!=TRUE] SKIP\nsystem_interfaces.partitioner/party ....................................................... [PARTY!=TRUE] SKIP\nsystem_interfaces.thread/pthread .................................................. [THREADING!=PTHREADS] SKIP\nsystem_interfaces.compiler/clang ...................................................... [COMPILER!=CLANG] SKIP\nsystem_interfaces.partitioner/chaco ....................................................... [CHACO!=TRUE] SKIP\nmortar/continuity-3d-non-conforming.continuity_sphere_hex20 [Minimum AD size 200 needed, but MOOSE is...] SKIP\nmortar/continuity-3d-non-conforming.continuity_tet10 [Minimum AD size 100 needed, but MOOSE is config...] SKIP\nmortar/continuity-3d-non-conforming.continuity_sphere_hex27 [Minimum AD size 200 needed, but MOOSE is...] SKIP\nmortar/continuity-3d-non-conforming.continuity_sphere_hex27-debug-mesh [Minimum AD size 200 needed, b...] SKIP\nfvkernels/mms/advective-outflow.QUICKLimiter .................................................... [HEAVY] SKIP\npartitioners/petsc_partitioner.party ...................................................... [PARTY!=TRUE] SKIP\npartitioners/petsc_partitioner.chaco ............ [PLATFORM!=DARWIN, CHACO!=TRUE, --with-dof-id-bytes!=4] SKIP\nmesh/splitting.meshgenerators_acting_on_split .................................. [MESH_MODE!=DISTRIBUTED] SKIP\nmesh/splitting.split_with_distributed_error .................................... [MESH_MODE!=DISTRIBUTED] SKIP\ndgkernels/2d_diffusion_dg.proper_ghosting_with_action_parallel_distributed ..... [MESH_MODE!=DISTRIBUTED] SKIP\ndgkernels/2d_diffusion_dg.proper_ghosting_with_action_serial_distributed ....... [MESH_MODE!=DISTRIBUTED] SKIP\ndgkernels/2d_diffusion_dg.no_additional_rms_distributed ........................ [MESH_MODE!=DISTRIBUTED] SKIP\nkernels/ad_coupled_value.test_ad_output ............................................ [AD_MODE!=NONSPARSE] SKIP\nutils/libtorch_nn.libtorch-nn-errors/wrong-activation .................................. [LIBTORCH!=TRUE] SKIP\nutils/libtorch_nn.libtorch-nn-activation/linear ........................................ [LIBTORCH!=TRUE] SKIP\nutils/libtorch_nn.libtorch-nn-activation/sigmoid ....................................... [LIBTORCH!=TRUE] SKIP\nutils/libtorch_nn.libtorch-nn-activation/elu ........................................... [LIBTORCH!=TRUE] SKIP\nutils/libtorch_nn.libtorch-nn-activation/relu .......................................... [LIBTORCH!=TRUE] SKIP\nutils/libtorch_nn.libtorch-nn-activation/gelu .......................................... [LIBTORCH!=TRUE] SKIP\nutils/libtorch_nn.libtorch-nn-errors/wrong-activation-number ........................... [LIBTORCH!=TRUE] SKIP\nmisc/check_error.bad_stateful_material_only_older: Working Directory: /home/fanzhangchen/projects/moose/test/tests/misc/check_error\nmisc/check_error.bad_stateful_material_only_older: Running command: /home/fanzhangchen/projects/moose/test/moose_test-opt -i bad_stateful_material.i Materials/stateful_mat/get_older=true --error --error-override --no-gdb-backtrace\nmisc/check_error.bad_stateful_material_only_older: /home/fanzhangchen/projects/moose/test/moose_test-opt: Relink `/home/fanzhangchen/mambaforge3/envs/moose/libmesh-vtk/lib/././libvtkkissfft-9.1.so.1' with `/lib/x86_64-linux-gnu/libm.so.6' for IFUNC symbol `sincos'\nmisc/check_error.bad_stateful_material_only_older: Segmentation fault (core dumped)\nmisc/check_error.bad_stateful_material_only_older: ################################################################################\nmisc/check_error.bad_stateful_material_only_older: \nmisc/check_error.bad_stateful_material_only_older: Unable to match the following pattern against the program's output:\nmisc/check_error.bad_stateful_material_only_older: \nmisc/check_error.bad_stateful_material_only_older: One or more Material Properties were not supplied on block\nmisc/check_error.bad_stateful_material_only_older: \nmisc/check_error.bad_stateful_material_only_older: ################################################################################\nmisc/check_error.bad_stateful_material_only_older: Tester failed, reason: EXPECTED ERROR MISSING\nmisc/check_error.bad_stateful_material_only_older: \nmisc/check_error.bad_stateful_material_only_older ............................ FAILED (EXPECTED ERROR MISSING)\ncontrols/error.tid_warehouse_error ........................................................ [METHOD!=DBG] SKIP\nmortar/convergence-studies/continuity-3d.p1p1 ................................................... [HEAVY] SKIP\nmortar/convergence-studies/continuity-3d.p2p0 ................................................... [HEAVY] SKIP\nmortar/convergence-studies/continuity-3d.p1p0 ................................................... [HEAVY] SKIP\nmortar/convergence-studies/continuity-3d.p2p2 ................................................... [HEAVY] SKIP\nmortar/convergence-studies/continuity-3d.p1p1dual ............................................... [HEAVY] SKIP\nmortar/convergence-studies/continuity-3d.p2p1 ................................................... [HEAVY] SKIP\nperformance.os/linux ................................................................. [PLATFORM!=DARWIN] SKIP\nperformance.os/macOS ................................................................. [PLATFORM!=DARWIN] SKIP\noutputs/nemesis.nemesis_elemental_distributed .................................. [MESH_MODE!=DISTRIBUTED] SKIP\noutputs/nemesis.nemesis_scalar_distributed ..................................... [MESH_MODE!=DISTRIBUTED] SKIP\noutputs/vtk.solution/diff_parallel_mesh ................................. [#6149, MESH_MODE!=DISTRIBUTED] SKIP\nmortar/convergence-studies/solution-continuity.p1p1 ............................................. [HEAVY] SKIP\nmortar/convergence-studies/solution-continuity.p2p0 ............................................. [HEAVY] SKIP\nmortar/convergence-studies/solution-continuity.p2p1 ............................................. [HEAVY] SKIP\nmortar/convergence-studies/solution-continuity.p1p0 ............................................. [HEAVY] SKIP\nmortar/convergence-studies/solution-continuity.p2p2 ............................................. [HEAVY] SKIP\nmortar/convergence-studies/gap-conductance.p1p0 ................................................. [HEAVY] SKIP\nmortar/convergence-studies/gap-conductance.p2p1 ................................................. [HEAVY] SKIP\nmortar/convergence-studies/gap-conductance.p2p2 ................................................. [HEAVY] SKIP\nmortar/convergence-studies/gap-conductance.p1p1 ................................................. [HEAVY] SKIP\nmortar/convergence-studies/gap-conductance.p2p0 ................................................. [HEAVY] SKIP\nfunctions/image_function/error.errors/no_vtk ............................................... [VTK!=FALSE] SKIP\nfvkernels/fv_adapt.steady-mms ................................................................... [HEAVY] SKIP\npartitioners/block_weighted_partitioner.tests/distributed_mesh ................. [MESH_MODE!=DISTRIBUTED] SKIP\npreconditioners/auto_smp.fail ................................................. [AD_INDEXING_TYPE!=LOCAL] SKIP\nmisc/check_error.function_file_test7: Working Directory: /home/fanzhangchen/projects/moose/test/tests/misc/check_error\nmisc/check_error.function_file_test7: Running command: /home/fanzhangchen/projects/moose/test/moose_test-opt -i function_file_test7.i --error --error-override --no-gdb-backtrace\nmisc/check_error.function_file_test7: /home/fanzhangchen/projects/moose/test/moose_test-opt: Relink `/home/fanzhangchen/mambaforge3/envs/moose/libmesh-vtk/lib/././libvtkkissfft-9.1.so.1' with `/lib/x86_64-linux-gnu/libm.so.6' for IFUNC symbol `sincos'\nmisc/check_error.function_file_test7: Segmentation fault (core dumped)\nmisc/check_error.function_file_test7: ################################################################################\nmisc/check_error.function_file_test7: \nmisc/check_error.function_file_test7: Unable to match the following pattern against the program's output:\nmisc/check_error.function_file_test7: \nmisc/check_error.function_file_test7: In \\S+: Either 'data_file', 'x' and 'y', or 'xy_data' must be specified exclusively.\nmisc/check_error.function_file_test7: \nmisc/check_error.function_file_test7: ################################################################################\nmisc/check_error.function_file_test7: Tester failed, reason: EXPECTED ERROR MISSING\nmisc/check_error.function_file_test7: \nmisc/check_error.function_file_test7 ......................................... FAILED (EXPECTED ERROR MISSING)\noutputs/png.image_tests/adv_diff_reaction ................................................ [LIBPNG!=TRUE] SKIP\noutputs/png.image_tests/wedge ............................................................ [LIBPNG!=TRUE] SKIP\noutputs/png.image_tests/square_domain .................................................... [LIBPNG!=TRUE] SKIP\ntransfers/multiapp_interpolation_transfer.fromsub_restricted ......................... [PLATFORM!=DARWIN] SKIP\nfvkernels/mms/non-orthogonal.extended ........................................................... [HEAVY] SKIP\nfvkernels/mms/non-orthogonal.compact ............................................................ [HEAVY] SKIP\nrelationship_managers/two_rm.evaluable_neighbors/distributed ................... [MESH_MODE!=DISTRIBUTED] SKIP\nrelationship_managers/two_rm.evaluable_neighbors/replicated .................... [--with-dof-id-bytes!=4] SKIP\nmisc/check_error.scalar_kernel_with_var: Working Directory: /home/fanzhangchen/projects/moose/test/tests/misc/check_error\nmisc/check_error.scalar_kernel_with_var: Running command: /home/fanzhangchen/projects/moose/test/moose_test-opt -i scalar_kernel_with_var.i --error --error-override --no-gdb-backtrace\nmisc/check_error.scalar_kernel_with_var: /home/fanzhangchen/projects/moose/test/moose_test-opt: Relink `/home/fanzhangchen/mambaforge3/envs/moose/libmesh-vtk/lib/././libvtkkissfft-9.1.so.1' with `/lib/x86_64-linux-gnu/libm.so.6' for IFUNC symbol `sincos'\nmisc/check_error.scalar_kernel_with_var: Segmentation fault (core dumped)\nmisc/check_error.scalar_kernel_with_var: ################################################################################\nmisc/check_error.scalar_kernel_with_var: \nmisc/check_error.scalar_kernel_with_var: Unable to match the following pattern against the program's output:\nmisc/check_error.scalar_kernel_with_var: \nmisc/check_error.scalar_kernel_with_var: Scalar variable 'u' does not exist in this system\nmisc/check_error.scalar_kernel_with_var: \nmisc/check_error.scalar_kernel_with_var: ################################################################################\nmisc/check_error.scalar_kernel_with_var: Tester failed, reason: EXPECTED ERROR MISSING\nmisc/check_error.scalar_kernel_with_var: \nmisc/check_error.scalar_kernel_with_var ...................................... FAILED (EXPECTED ERROR MISSING)\nvectorpostprocessors/work_balance.work_balance/distributed ..................... [MESH_MODE!=DISTRIBUTED] SKIP\nkernels/ad_max_dofs_per_elem_error.ad_max_dofs_per_elem_error ...................... [AD_MODE!=NONSPARSE] SKIP\nmisc/check_error.bad_bc_test: Working Directory: /home/fanzhangchen/projects/moose/test/tests/misc/check_error\nmisc/check_error.bad_bc_test: Running command: /home/fanzhangchen/projects/moose/test/moose_test-opt -i bad_bc_test.i --error --error-override --no-gdb-backtrace\nmisc/check_error.bad_bc_test: /home/fanzhangchen/projects/moose/test/moose_test-opt: Relink `/home/fanzhangchen/mambaforge3/envs/moose/libmesh-vtk/lib/././libvtkkissfft-9.1.so.1' with `/lib/x86_64-linux-gnu/libm.so.6' for IFUNC symbol `sincos'\nmisc/check_error.bad_bc_test: Segmentation fault (core dumped)\nmisc/check_error.bad_bc_test: ################################################################################\nmisc/check_error.bad_bc_test: \nmisc/check_error.bad_bc_test: Unable to match the following pattern against the program's output:\nmisc/check_error.bad_bc_test: \nmisc/check_error.bad_bc_test: A '\\w+' is not a registered object\nmisc/check_error.bad_bc_test: \nmisc/check_error.bad_bc_test: ################################################################################\nmisc/check_error.bad_bc_test: Tester failed, reason: EXPECTED ERROR MISSING\nmisc/check_error.bad_bc_test: \nmisc/check_error.bad_bc_test ................................................. FAILED (EXPECTED ERROR MISSING)\nmisc/check_error.ic_bnd_for_non_nodal: Working Directory: /home/fanzhangchen/projects/moose/test/tests/misc/check_error\nmisc/check_error.ic_bnd_for_non_nodal: Running command: /home/fanzhangchen/projects/moose/test/moose_test-opt -i ic_bnd_for_non_nodal.i --error --error-override --no-gdb-backtrace\nmisc/check_error.ic_bnd_for_non_nodal: /home/fanzhangchen/projects/moose/test/moose_test-opt: Relink `/home/fanzhangchen/mambaforge3/envs/moose/libmesh-vtk/lib/././libvtkkissfft-9.1.so.1' with `/lib/x86_64-linux-gnu/libm.so.6' for IFUNC symbol `sincos'\nmisc/check_error.ic_bnd_for_non_nodal: Segmentation fault (core dumped)\nmisc/check_error.ic_bnd_for_non_nodal: ################################################################################\nmisc/check_error.ic_bnd_for_non_nodal: \nmisc/check_error.ic_bnd_for_non_nodal: Unable to match the following pattern against the program's output:\nmisc/check_error.ic_bnd_for_non_nodal: \nmisc/check_error.ic_bnd_for_non_nodal: You are trying to set a boundary restricted variable on non-nodal variable. That is not allowed.\nmisc/check_error.ic_bnd_for_non_nodal: \nmisc/check_error.ic_bnd_for_non_nodal: ################################################################################\nmisc/check_error.ic_bnd_for_non_nodal: Tester failed, reason: EXPECTED ERROR MISSING\nmisc/check_error.ic_bnd_for_non_nodal: \nmisc/check_error.ic_bnd_for_non_nodal ........................................ FAILED (EXPECTED ERROR MISSING)\nmisc/check_error.missing_mesh_test: Working Directory: /home/fanzhangchen/projects/moose/test/tests/misc/check_error\nmisc/check_error.missing_mesh_test: Running command: /home/fanzhangchen/projects/moose/test/moose_test-opt -i missing_mesh_test.i --error --error-override --no-gdb-backtrace\nmisc/check_error.missing_mesh_test: /home/fanzhangchen/projects/moose/test/moose_test-opt: Relink `/home/fanzhangchen/mambaforge3/envs/moose/libmesh-vtk/lib/././libvtkkissfft-9.1.so.1' with `/lib/x86_64-linux-gnu/libm.so.6' for IFUNC symbol `sincos'\nmisc/check_error.missing_mesh_test: Segmentation fault (core dumped)\nmisc/check_error.missing_mesh_test: ################################################################################\nmisc/check_error.missing_mesh_test: \nmisc/check_error.missing_mesh_test: Unable to match the following pattern against the program's output:\nmisc/check_error.missing_mesh_test: \nmisc/check_error.missing_mesh_test: Unable to open file \\S+\nmisc/check_error.missing_mesh_test: \nmisc/check_error.missing_mesh_test: ################################################################################\nmisc/check_error.missing_mesh_test: Tester failed, reason: EXPECTED ERROR MISSING\nmisc/check_error.missing_mesh_test: \nmisc/check_error.missing_mesh_test ........................................... FAILED (EXPECTED ERROR MISSING)\nmisc/check_error.function_file_test8: Working Directory: /home/fanzhangchen/projects/moose/test/tests/misc/check_error\nmisc/check_error.function_file_test8: Running command: /home/fanzhangchen/projects/moose/test/moose_test-opt -i function_file_test8.i --error --error-override --no-gdb-backtrace\nmisc/check_error.function_file_test8: /home/fanzhangchen/projects/moose/test/moose_test-opt: Relink `/home/fanzhangchen/mambaforge3/envs/moose/libmesh-vtk/lib/././libvtkkissfft-9.1.so.1' with `/lib/x86_64-linux-gnu/libm.so.6' for IFUNC symbol `sincos'\nmisc/check_error.function_file_test8: Segmentation fault (core dumped)\nmisc/check_error.function_file_test8: ################################################################################\nmisc/check_error.function_file_test8: \nmisc/check_error.function_file_test8: Unable to match the following pattern against the program's output:\nmisc/check_error.function_file_test8: \nmisc/check_error.function_file_test8: In \\S+: Length of data provided in 'xy_data' must be a multiple of 2.\nmisc/check_error.function_file_test8: \nmisc/check_error.function_file_test8: ################################################################################\nmisc/check_error.function_file_test8: Tester failed, reason: EXPECTED ERROR MISSING\nmisc/check_error.function_file_test8: \nmisc/check_error.function_file_test8 ......................................... FAILED (EXPECTED ERROR MISSING)\nmisc/check_error.nodal_kernel_with_aux_var: Working Directory: /home/fanzhangchen/projects/moose/test/tests/misc/check_error\nmisc/check_error.nodal_kernel_with_aux_var: Running command: /home/fanzhangchen/projects/moose/test/moose_test-opt -i nodal_kernel_with_aux_var.i --error --error-override --no-gdb-backtrace\nmisc/check_error.nodal_kernel_with_aux_var: /home/fanzhangchen/projects/moose/test/moose_test-opt: Relink `/home/fanzhangchen/mambaforge3/envs/moose/libmesh-vtk/lib/././libvtkkissfft-9.1.so.1' with `/lib/x86_64-linux-gnu/libm.so.6' for IFUNC symbol `sincos'\nmisc/check_error.nodal_kernel_with_aux_var: Segmentation fault (core dumped)\nmisc/check_error.nodal_kernel_with_aux_var: ################################################################################\nmisc/check_error.nodal_kernel_with_aux_var: \nmisc/check_error.nodal_kernel_with_aux_var: Unable to match the following pattern against the program's output:\nmisc/check_error.nodal_kernel_with_aux_var: \nmisc/check_error.nodal_kernel_with_aux_var: No nonlinear variable named v found. Did you specify an auxiliary variable when you meant to specify a nonlinear variable\nmisc/check_error.nodal_kernel_with_aux_var: \nmisc/check_error.nodal_kernel_with_aux_var: ################################################################################\nmisc/check_error.nodal_kernel_with_aux_var: Tester failed, reason: EXPECTED ERROR MISSING\nmisc/check_error.nodal_kernel_with_aux_var: \nmisc/check_error.nodal_kernel_with_aux_var ................................... FAILED (EXPECTED ERROR MISSING)\nmisc/check_error.bad_bc_var_test: Working Directory: /home/fanzhangchen/projects/moose/test/tests/misc/check_error\nmisc/check_error.bad_bc_var_test: Running command: /home/fanzhangchen/projects/moose/test/moose_test-opt -i bad_bc_var_test.i --error --error-override --no-gdb-backtrace\nmisc/check_error.bad_bc_var_test: /home/fanzhangchen/projects/moose/test/moose_test-opt: Relink `/home/fanzhangchen/mambaforge3/envs/moose/libmesh-vtk/lib/././libvtkkissfft-9.1.so.1' with `/lib/x86_64-linux-gnu/libm.so.6' for IFUNC symbol `sincos'\nmisc/check_error.bad_bc_var_test: Segmentation fault (core dumped)\nmisc/check_error.bad_bc_var_test: ################################################################################\nmisc/check_error.bad_bc_var_test: \nmisc/check_error.bad_bc_var_test: Unable to match the following pattern against the program's output:\nmisc/check_error.bad_bc_var_test: \nmisc/check_error.bad_bc_var_test: No nonlinear variable named foo found. Did you specify an auxiliary variable when you meant to specify a nonlinear variable\nmisc/check_error.bad_bc_var_test: \nmisc/check_error.bad_bc_var_test: ################################################################################\nmisc/check_error.bad_bc_var_test: Tester failed, reason: EXPECTED ERROR MISSING\nmisc/check_error.bad_bc_var_test: \nmisc/check_error.bad_bc_var_test ............................................. FAILED (EXPECTED ERROR MISSING)\nmisc/check_error.old_integrity_check: Working Directory: /home/fanzhangchen/projects/moose/test/tests/misc/check_error\nmisc/check_error.old_integrity_check: Running command: /home/fanzhangchen/projects/moose/test/moose_test-opt -i old_integrity_check.i --error --error-override --no-gdb-backtrace\nmisc/check_error.old_integrity_check: /home/fanzhangchen/projects/moose/test/moose_test-opt: Relink `/home/fanzhangchen/mambaforge3/envs/moose/libmesh-vtk/lib/././libvtkkissfft-9.1.so.1' with `/lib/x86_64-linux-gnu/libm.so.6' for IFUNC symbol `sincos'\nmisc/check_error.old_integrity_check: Segmentation fault (core dumped)\nmisc/check_error.old_integrity_check: ################################################################################\nmisc/check_error.old_integrity_check: \nmisc/check_error.old_integrity_check: Unable to match the following pattern against the program's output:\nmisc/check_error.old_integrity_check: \nmisc/check_error.old_integrity_check: Calling \"coupled\\[Vector\\]\\[Gradient/Dot\\]Old\\[er\\]\" on variable \"\\S+\" when using a \\\"Steady\\\" executioner is not allowed. This value is available only in transient simulations.\nmisc/check_error.old_integrity_check: \nmisc/check_error.old_integrity_check: ################################################################################\nmisc/check_error.old_integrity_check: Tester failed, reason: EXPECTED ERROR MISSING\nmisc/check_error.old_integrity_check: \nmisc/check_error.old_integrity_check ......................................... FAILED (EXPECTED ERROR MISSING)\nmisc/check_error.missing_req_par_action_obj_test: Working Directory: /home/fanzhangchen/projects/moose/test/tests/misc/check_error\nmisc/check_error.missing_req_par_action_obj_test: Running command: /home/fanzhangchen/projects/moose/test/moose_test-opt -i missing_req_par_action_obj_test.i --error --error-override --no-gdb-backtrace\nmisc/check_error.missing_req_par_action_obj_test: /home/fanzhangchen/projects/moose/test/moose_test-opt: Relink `/home/fanzhangchen/mambaforge3/envs/moose/libmesh-vtk/lib/././libvtkkissfft-9.1.so.1' with `/lib/x86_64-linux-gnu/libm.so.6' for IFUNC symbol `sincos'\nmisc/check_error.missing_req_par_action_obj_test: Segmentation fault (core dumped)\nmisc/check_error.missing_req_par_action_obj_test: ################################################################################\nmisc/check_error.missing_req_par_action_obj_test: \nmisc/check_error.missing_req_par_action_obj_test: Unable to match the following pattern against the program's output:\nmisc/check_error.missing_req_par_action_obj_test: \nmisc/check_error.missing_req_par_action_obj_test: missing required parameter 'ConvectionDiffusion/variables'\nmisc/check_error.missing_req_par_action_obj_test: \nmisc/check_error.missing_req_par_action_obj_test: ################################################################################\nmisc/check_error.missing_req_par_action_obj_test: Tester failed, reason: EXPECTED ERROR MISSING\nmisc/check_error.missing_req_par_action_obj_test: \nmisc/check_error.missing_req_par_action_obj_test ............................. FAILED (EXPECTED ERROR MISSING)\nmisc/check_error.function_file_test9: Working Directory: /home/fanzhangchen/projects/moose/test/tests/misc/check_error\nmisc/check_error.function_file_test9: Running command: /home/fanzhangchen/projects/moose/test/moose_test-opt -i function_file_test9.i --error --error-override --no-gdb-backtrace\nmisc/check_error.function_file_test9: /home/fanzhangchen/projects/moose/test/moose_test-opt: Relink `/home/fanzhangchen/mambaforge3/envs/moose/libmesh-vtk/lib/././libvtkkissfft-9.1.so.1' with `/lib/x86_64-linux-gnu/libm.so.6' for IFUNC symbol `sincos'\nmisc/check_error.function_file_test9: Segmentation fault (core dumped)\nmisc/check_error.function_file_test9: ################################################################################\nmisc/check_error.function_file_test9: \nmisc/check_error.function_file_test9: Unable to match the following pattern against the program's output:\nmisc/check_error.function_file_test9: \nmisc/check_error.function_file_test9: In \\S+: Either 'data_file', 'x' and 'y', or 'xy_data' must be specified exclusively.\nmisc/check_error.function_file_test9: \nmisc/check_error.function_file_test9: ################################################################################\nmisc/check_error.function_file_test9: Tester failed, reason: EXPECTED ERROR MISSING\nmisc/check_error.function_file_test9: \nmisc/check_error.function_file_test9 ......................................... FAILED (EXPECTED ERROR MISSING)\nmisc/check_error.constraint_with_aux_var: Working Directory: /home/fanzhangchen/projects/moose/test/tests/misc/check_error\nmisc/check_error.constraint_with_aux_var: Running command: /home/fanzhangchen/projects/moose/test/moose_test-opt -i constraint_with_aux_var.i --error --error-override --no-gdb-backtrace\nmisc/check_error.constraint_with_aux_var: /home/fanzhangchen/projects/moose/test/moose_test-opt: Relink `/home/fanzhangchen/mambaforge3/envs/moose/libmesh-vtk/lib/././libvtkkissfft-9.1.so.1' with `/lib/x86_64-linux-gnu/libm.so.6' for IFUNC symbol `sincos'\nmisc/check_error.constraint_with_aux_var: Segmentation fault (core dumped)\nmisc/check_error.constraint_with_aux_var: ################################################################################\nmisc/check_error.constraint_with_aux_var: \nmisc/check_error.constraint_with_aux_var: Unable to match the following pattern against the program's output:\nmisc/check_error.constraint_with_aux_var: \nmisc/check_error.constraint_with_aux_var: Cannot add Constraint for variable v, it is not a nonlinear variable\nmisc/check_error.constraint_with_aux_var: \nmisc/check_error.constraint_with_aux_var: ################################################################################\nmisc/check_error.constraint_with_aux_var: Tester failed, reason: EXPECTED ERROR MISSING\nmisc/check_error.constraint_with_aux_var: \nmisc/check_error.constraint_with_aux_var ..................................... FAILED (EXPECTED ERROR MISSING)\nmisc/check_error.bad_enum_test: Working Directory: /home/fanzhangchen/projects/moose/test/tests/misc/check_error\nmisc/check_error.bad_enum_test: Running command: /home/fanzhangchen/projects/moose/test/moose_test-opt -i bad_enum_test.i --error --error-override --no-gdb-backtrace\nmisc/check_error.bad_enum_test: /home/fanzhangchen/projects/moose/test/moose_test-opt: Relink `/home/fanzhangchen/mambaforge3/envs/moose/libmesh-vtk/lib/././libvtkkissfft-9.1.so.1' with `/lib/x86_64-linux-gnu/libm.so.6' for IFUNC symbol `sincos'\nmisc/check_error.bad_enum_test: Segmentation fault (core dumped)\nmisc/check_error.bad_enum_test: ################################################################################\nmisc/check_error.bad_enum_test: \nmisc/check_error.bad_enum_test: Unable to match the following pattern against the program's output:\nmisc/check_error.bad_enum_test: \nmisc/check_error.bad_enum_test: Invalid option \"\\w+\" in MooseEnum.\nmisc/check_error.bad_enum_test: \nmisc/check_error.bad_enum_test: ################################################################################\nmisc/check_error.bad_enum_test: Tester failed, reason: EXPECTED ERROR MISSING\nmisc/check_error.bad_enum_test: \nmisc/check_error.bad_enum_test ............................................... FAILED (EXPECTED ERROR MISSING)\nmisc/check_error.dot_integrity_check: Working Directory: /home/fanzhangchen/projects/moose/test/tests/misc/check_error\nmisc/check_error.dot_integrity_check: Running command: /home/fanzhangchen/projects/moose/test/moose_test-opt -i dot_integrity_check.i --error --error-override --no-gdb-backtrace\nmisc/check_error.dot_integrity_check: /home/fanzhangchen/projects/moose/test/moose_test-opt: Relink `/home/fanzhangchen/mambaforge3/envs/moose/libmesh-vtk/lib/././libvtkkissfft-9.1.so.1' with `/lib/x86_64-linux-gnu/libm.so.6' for IFUNC symbol `sincos'\nmisc/check_error.dot_integrity_check: Segmentation fault (core dumped)\nmisc/check_error.dot_integrity_check: ################################################################################\nmisc/check_error.dot_integrity_check: \nmisc/check_error.dot_integrity_check: Unable to match the following pattern against the program's output:\nmisc/check_error.dot_integrity_check: \nmisc/check_error.dot_integrity_check: Calling \"coupled\\[Vector\\]\\[Gradient/Dot\\]Old\\[er\\]\" on variable \"\\S+\" when using a \\\"Steady\\\" executioner is not allowed. This value is available only in transient simulations.\nmisc/check_error.dot_integrity_check: \nmisc/check_error.dot_integrity_check: ################################################################################\nmisc/check_error.dot_integrity_check: Tester failed, reason: EXPECTED ERROR MISSING\nmisc/check_error.dot_integrity_check: \nmisc/check_error.dot_integrity_check ......................................... FAILED (EXPECTED ERROR MISSING)\nmisc/check_error.missing_req_par_mesh_block_test: Working Directory: /home/fanzhangchen/projects/moose/test/tests/misc/check_error\nmisc/check_error.missing_req_par_mesh_block_test: Running command: /home/fanzhangchen/projects/moose/test/moose_test-opt -i missing_req_par_mesh_block_test.i --error --error-override --no-gdb-backtrace\nmisc/check_error.missing_req_par_mesh_block_test: /home/fanzhangchen/projects/moose/test/moose_test-opt: Relink `/home/fanzhangchen/mambaforge3/envs/moose/libmesh-vtk/lib/././libvtkkissfft-9.1.so.1' with `/lib/x86_64-linux-gnu/libm.so.6' for IFUNC symbol `sincos'\nmisc/check_error.missing_req_par_mesh_block_test: Segmentation fault (core dumped)\nmisc/check_error.missing_req_par_mesh_block_test: ################################################################################\nmisc/check_error.missing_req_par_mesh_block_test: \nmisc/check_error.missing_req_par_mesh_block_test: Unable to match the following pattern against the program's output:\nmisc/check_error.missing_req_par_mesh_block_test: \nmisc/check_error.missing_req_par_mesh_block_test: missing required parameter 'Mesh/stripes'\nmisc/check_error.missing_req_par_mesh_block_test: \nmisc/check_error.missing_req_par_mesh_block_test: ################################################################################\nmisc/check_error.missing_req_par_mesh_block_test: Tester failed, reason: EXPECTED ERROR MISSING\nmisc/check_error.missing_req_par_mesh_block_test: \nmisc/check_error.missing_req_par_mesh_block_test ............................. FAILED (EXPECTED ERROR MISSING)\nmisc/check_error.function_file_test10: Working Directory: /home/fanzhangchen/projects/moose/test/tests/misc/check_error\nmisc/check_error.function_file_test10: Running command: /home/fanzhangchen/projects/moose/test/moose_test-opt -i function_file_test10.i --error --error-override --no-gdb-backtrace\nmisc/check_error.function_file_test10: /home/fanzhangchen/projects/moose/test/moose_test-opt: Relink `/home/fanzhangchen/mambaforge3/envs/moose/libmesh-vtk/lib/././libvtkkissfft-9.1.so.1' with `/lib/x86_64-linux-gnu/libm.so.6' for IFUNC symbol `sincos'\nmisc/check_error.function_file_test10: Segmentation fault (core dumped)\nmisc/check_error.function_file_test10: ################################################################################\nmisc/check_error.function_file_test10: \nmisc/check_error.function_file_test10: Unable to match the following pattern against the program's output:\nmisc/check_error.function_file_test10: \nmisc/check_error.function_file_test10: Invalid option \"3\" in MooseEnum.\\s+Valid options \\(not case-sensitive\\) are \"x y z\nmisc/check_error.function_file_test10: \nmisc/check_error.function_file_test10: ################################################################################\nmisc/check_error.function_file_test10: Tester failed, reason: EXPECTED ERROR MISSING\nmisc/check_error.function_file_test10: \nmisc/check_error.function_file_test10 ........................................ FAILED (EXPECTED ERROR MISSING)\nmisc/check_error.scalar_aux_kernel_with_var: Working Directory: /home/fanzhangchen/projects/moose/test/tests/misc/check_error\nmisc/check_error.scalar_aux_kernel_with_var: Running command: /home/fanzhangchen/projects/moose/test/moose_test-opt -i scalar_aux_kernel_with_var.i --error --error-override --no-gdb-backtrace\nmisc/check_error.scalar_aux_kernel_with_var: /home/fanzhangchen/projects/moose/test/moose_test-opt: Relink `/home/fanzhangchen/mambaforge3/envs/moose/libmesh-vtk/lib/././libvtkkissfft-9.1.so.1' with `/lib/x86_64-linux-gnu/libm.so.6' for IFUNC symbol `sincos'\nmisc/check_error.scalar_aux_kernel_with_var: Segmentation fault (core dumped)\nmisc/check_error.scalar_aux_kernel_with_var: ################################################################################\nmisc/check_error.scalar_aux_kernel_with_var: \nmisc/check_error.scalar_aux_kernel_with_var: Unable to match the following pattern against the program's output:\nmisc/check_error.scalar_aux_kernel_with_var: \nmisc/check_error.scalar_aux_kernel_with_var: Scalar variable 'u' does not exist in this system\nmisc/check_error.scalar_aux_kernel_with_var: \nmisc/check_error.scalar_aux_kernel_with_var: ################################################################################\nmisc/check_error.scalar_aux_kernel_with_var: Tester failed, reason: EXPECTED ERROR MISSING\nmisc/check_error.scalar_aux_kernel_with_var: \nmisc/check_error.scalar_aux_kernel_with_var .................................. FAILED (EXPECTED ERROR MISSING)\nmisc/check_error.bad_executioner_test: Working Directory: /home/fanzhangchen/projects/moose/test/tests/misc/check_error\nmisc/check_error.bad_executioner_test: Running command: /home/fanzhangchen/projects/moose/test/moose_test-opt -i bad_executioner_test.i --error --error-override --no-gdb-backtrace\nmisc/check_error.bad_executioner_test: /home/fanzhangchen/projects/moose/test/moose_test-opt: Relink `/home/fanzhangchen/mambaforge3/envs/moose/libmesh-vtk/lib/././libvtkkissfft-9.1.so.1' with `/lib/x86_64-linux-gnu/libm.so.6' for IFUNC symbol `sincos'\nmisc/check_error.bad_executioner_test: Segmentation fault (core dumped)\nmisc/check_error.bad_executioner_test: ################################################################################\nmisc/check_error.bad_executioner_test: \nmisc/check_error.bad_executioner_test: Unable to match the following pattern against the program's output:\nmisc/check_error.bad_executioner_test: \nmisc/check_error.bad_executioner_test: A '\\w+' is not a registered object\nmisc/check_error.bad_executioner_test: \nmisc/check_error.bad_executioner_test: ################################################################################\nmisc/check_error.bad_executioner_test: Tester failed, reason: EXPECTED ERROR MISSING\nmisc/check_error.bad_executioner_test: \nmisc/check_error.bad_executioner_test ........................................ FAILED (EXPECTED ERROR MISSING)\nmisc/check_error.scalar_old_integrity_check: Working Directory: /home/fanzhangchen/projects/moose/test/tests/misc/check_error\nmisc/check_error.scalar_old_integrity_check: Running command: /home/fanzhangchen/projects/moose/test/moose_test-opt -i scalar_old_integrity_check.i --error --error-override --no-gdb-backtrace\nmisc/check_error.scalar_old_integrity_check: /home/fanzhangchen/projects/moose/test/moose_test-opt: Relink `/home/fanzhangchen/mambaforge3/envs/moose/libmesh-vtk/lib/././libvtkkissfft-9.1.so.1' with `/lib/x86_64-linux-gnu/libm.so.6' for IFUNC symbol `sincos'\nmisc/check_error.scalar_old_integrity_check: Segmentation fault (core dumped)\nmisc/check_error.scalar_old_integrity_check: ################################################################################\nmisc/check_error.scalar_old_integrity_check: \nmisc/check_error.scalar_old_integrity_check: Unable to match the following pattern against the program's output:\nmisc/check_error.scalar_old_integrity_check: \nmisc/check_error.scalar_old_integrity_check: Calling 'coupledScalarValueOld' on variable \\S+ when using a \\\"Steady\\\" executioner is not allowed. This value is available only in transient simulations.\nmisc/check_error.scalar_old_integrity_check: \nmisc/check_error.scalar_old_integrity_check: ################################################################################\nmisc/check_error.scalar_old_integrity_check: Tester failed, reason: EXPECTED ERROR MISSING\nmisc/check_error.scalar_old_integrity_check: \nmisc/check_error.scalar_old_integrity_check .................................. FAILED (EXPECTED ERROR MISSING)\nmisc/check_error.missing_req_par_moose_obj_test: Working Directory: /home/fanzhangchen/projects/moose/test/tests/misc/check_error\nmisc/check_error.missing_req_par_moose_obj_test: Running command: /home/fanzhangchen/projects/moose/test/moose_test-opt -i missing_req_par_moose_obj_test.i --error --error-override --no-gdb-backtrace\nmisc/check_error.missing_req_par_moose_obj_test: /home/fanzhangchen/projects/moose/test/moose_test-opt: Relink `/home/fanzhangchen/mambaforge3/envs/moose/libmesh-vtk/lib/././libvtkkissfft-9.1.so.1' with `/lib/x86_64-linux-gnu/libm.so.6' for IFUNC symbol `sincos'\nmisc/check_error.missing_req_par_moose_obj_test: Segmentation fault (core dumped)\nmisc/check_error.missing_req_par_moose_obj_test: ################################################################################\nmisc/check_error.missing_req_par_moose_obj_test: \nmisc/check_error.missing_req_par_moose_obj_test: Unable to match the following pattern against the program's output:\nmisc/check_error.missing_req_par_moose_obj_test: \nmisc/check_error.missing_req_par_moose_obj_test: missing required parameter 'Kernels/diff/type'\nmisc/check_error.missing_req_par_moose_obj_test: \nmisc/check_error.missing_req_par_moose_obj_test: ################################################################################\nmisc/check_error.missing_req_par_moose_obj_test: Tester failed, reason: EXPECTED ERROR MISSING\nmisc/check_error.missing_req_par_moose_obj_test: \nmisc/check_error.missing_req_par_moose_obj_test .............................. FAILED (EXPECTED ERROR MISSING)\nmisc/check_error.function_file_test11: Working Directory: /home/fanzhangchen/projects/moose/test/tests/misc/check_error\nmisc/check_error.function_file_test11: Running command: /home/fanzhangchen/projects/moose/test/moose_test-opt -i function_file_test11.i --error --error-override --no-gdb-backtrace\nmisc/check_error.function_file_test11: /home/fanzhangchen/projects/moose/test/moose_test-opt: Relink `/home/fanzhangchen/mambaforge3/envs/moose/libmesh-vtk/lib/././libvtkkissfft-9.1.so.1' with `/lib/x86_64-linux-gnu/libm.so.6' for IFUNC symbol `sincos'\nmisc/check_error.function_file_test11: Segmentation fault (core dumped)\nmisc/check_error.function_file_test11: ################################################################################\nmisc/check_error.function_file_test11: \nmisc/check_error.function_file_test11: Unable to match the following pattern against the program's output:\nmisc/check_error.function_file_test11: \nmisc/check_error.function_file_test11: In \\S+: Read more than two columns of data from file '\\S+'.  Did you mean to use \"format = rows\" or set \"xy_in_file_only\" to false?\nmisc/check_error.function_file_test11: \nmisc/check_error.function_file_test11: ################################################################################\nmisc/check_error.function_file_test11: Tester failed, reason: EXPECTED ERROR MISSING\nmisc/check_error.function_file_test11: \nmisc/check_error.function_file_test11 ........................................ FAILED (EXPECTED ERROR MISSING)\nmisc/check_error.dirac_kernel_with_aux_var: Working Directory: /home/fanzhangchen/projects/moose/test/tests/misc/check_error\nmisc/check_error.dirac_kernel_with_aux_var: Running command: /home/fanzhangchen/projects/moose/test/moose_test-opt -i dirac_kernel_with_aux_var.i --error --error-override --no-gdb-backtrace\nmisc/check_error.dirac_kernel_with_aux_var: /home/fanzhangchen/projects/moose/test/moose_test-opt: Relink `/home/fanzhangchen/mambaforge3/envs/moose/libmesh-vtk/lib/././libvtkkissfft-9.1.so.1' with `/lib/x86_64-linux-gnu/libm.so.6' for IFUNC symbol `sincos'\nmisc/check_error.dirac_kernel_with_aux_var: Segmentation fault (core dumped)\nmisc/check_error.dirac_kernel_with_aux_var: ################################################################################\nmisc/check_error.dirac_kernel_with_aux_var: \nmisc/check_error.dirac_kernel_with_aux_var: Unable to match the following pattern against the program's output:\nmisc/check_error.dirac_kernel_with_aux_var: \nmisc/check_error.dirac_kernel_with_aux_var: No nonlinear variable named v found. Did you specify an auxiliary variable when you meant to specify a nonlinear variable\nmisc/check_error.dirac_kernel_with_aux_var: \nmisc/check_error.dirac_kernel_with_aux_var: ################################################################################\nmisc/check_error.dirac_kernel_with_aux_var: Tester failed, reason: EXPECTED ERROR MISSING\nmisc/check_error.dirac_kernel_with_aux_var: \nmisc/check_error.dirac_kernel_with_aux_var ................................... FAILED (EXPECTED ERROR MISSING)\nmisc/check_error.bad_kernel_test: Working Directory: /home/fanzhangchen/projects/moose/test/tests/misc/check_error\nmisc/check_error.bad_kernel_test: Running command: /home/fanzhangchen/projects/moose/test/moose_test-opt -i bad_kernel_test.i --error --error-override --no-gdb-backtrace\nmisc/check_error.bad_kernel_test: /home/fanzhangchen/projects/moose/test/moose_test-opt: Relink `/home/fanzhangchen/mambaforge3/envs/moose/libmesh-vtk/lib/././libvtkkissfft-9.1.so.1' with `/lib/x86_64-linux-gnu/libm.so.6' for IFUNC symbol `sincos'\nmisc/check_error.bad_kernel_test: Segmentation fault (core dumped)\nmisc/check_error.bad_kernel_test: ################################################################################\nmisc/check_error.bad_kernel_test: \nmisc/check_error.bad_kernel_test: Unable to match the following pattern against the program's output:\nmisc/check_error.bad_kernel_test: \nmisc/check_error.bad_kernel_test: A '\\w+' is not a registered object\nmisc/check_error.bad_kernel_test: \nmisc/check_error.bad_kernel_test: ################################################################################\nmisc/check_error.bad_kernel_test: Tester failed, reason: EXPECTED ERROR MISSING\nmisc/check_error.bad_kernel_test: \nmisc/check_error.bad_kernel_test ............................................. FAILED (EXPECTED ERROR MISSING)\nmisc/check_error.scalar_dot_integrity_check: Working Directory: /home/fanzhangchen/projects/moose/test/tests/misc/check_error\nmisc/check_error.scalar_dot_integrity_check: Running command: /home/fanzhangchen/projects/moose/test/moose_test-opt -i scalar_dot_integrity_check.i --error --error-override --no-gdb-backtrace\nmisc/check_error.scalar_dot_integrity_check: /home/fanzhangchen/projects/moose/test/moose_test-opt: Relink `/home/fanzhangchen/mambaforge3/envs/moose/libmesh-vtk/lib/././libvtkkissfft-9.1.so.1' with `/lib/x86_64-linux-gnu/libm.so.6' for IFUNC symbol `sincos'\nmisc/check_error.scalar_dot_integrity_check: Segmentation fault (core dumped)\nmisc/check_error.scalar_dot_integrity_check: ################################################################################\nmisc/check_error.scalar_dot_integrity_check: \nmisc/check_error.scalar_dot_integrity_check: Unable to match the following pattern against the program's output:\nmisc/check_error.scalar_dot_integrity_check: \nmisc/check_error.scalar_dot_integrity_check: Calling 'coupledScalarDot' on variable \\S+ when using a \\\"Steady\\\" executioner is not allowed. This value is available only in transient simulations.\nmisc/check_error.scalar_dot_integrity_check: \nmisc/check_error.scalar_dot_integrity_check: ################################################################################\nmisc/check_error.scalar_dot_integrity_check: Tester failed, reason: EXPECTED ERROR MISSING\nmisc/check_error.scalar_dot_integrity_check: \nmisc/check_error.scalar_dot_integrity_check .................................. FAILED (EXPECTED ERROR MISSING)\nmisc/check_error.missing_var_in_kernel_test: Working Directory: /home/fanzhangchen/projects/moose/test/tests/misc/check_error\nmisc/check_error.missing_var_in_kernel_test: Running command: /home/fanzhangchen/projects/moose/test/moose_test-opt -i missing_var_in_kernel_test.i --error --error-override --no-gdb-backtrace\nmisc/check_error.missing_var_in_kernel_test: /home/fanzhangchen/projects/moose/test/moose_test-opt: Relink `/home/fanzhangchen/mambaforge3/envs/moose/libmesh-vtk/lib/././libvtkkissfft-9.1.so.1' with `/lib/x86_64-linux-gnu/libm.so.6' for IFUNC symbol `sincos'\nmisc/check_error.missing_var_in_kernel_test: Segmentation fault (core dumped)\nmisc/check_error.missing_var_in_kernel_test: ################################################################################\nmisc/check_error.missing_var_in_kernel_test: \nmisc/check_error.missing_var_in_kernel_test: Unable to match the following pattern against the program's output:\nmisc/check_error.missing_var_in_kernel_test: \nmisc/check_error.missing_var_in_kernel_test: missing required parameter 'Kernels/diff/variable'\nmisc/check_error.missing_var_in_kernel_test: \nmisc/check_error.missing_var_in_kernel_test: ################################################################################\nmisc/check_error.missing_var_in_kernel_test: Tester failed, reason: EXPECTED ERROR MISSING\nmisc/check_error.missing_var_in_kernel_test: \nmisc/check_error.missing_var_in_kernel_test .................................. FAILED (EXPECTED ERROR MISSING)\nmisc/check_error.function_file_test12: Working Directory: /home/fanzhangchen/projects/moose/test/tests/misc/check_error\nmisc/check_error.function_file_test12: Running command: /home/fanzhangchen/projects/moose/test/moose_test-opt -i function_file_test12.i --error --error-override --no-gdb-backtrace\nmisc/check_error.function_file_test12: /home/fanzhangchen/projects/moose/test/moose_test-opt: Relink `/home/fanzhangchen/mambaforge3/envs/moose/libmesh-vtk/lib/././libvtkkissfft-9.1.so.1' with `/lib/x86_64-linux-gnu/libm.so.6' for IFUNC symbol `sincos'\nmisc/check_error.function_file_test12: Segmentation fault (core dumped)\nmisc/check_error.function_file_test12: ################################################################################\nmisc/check_error.function_file_test12: \nmisc/check_error.function_file_test12: Unable to match the following pattern against the program's output:\nmisc/check_error.function_file_test12: \nmisc/check_error.function_file_test12: Index out-of-range of the available data in '\\S+', which contains 3 columns of data.\nmisc/check_error.function_file_test12: \nmisc/check_error.function_file_test12: ################################################################################\nmisc/check_error.function_file_test12: Tester failed, reason: EXPECTED ERROR MISSING\nmisc/check_error.function_file_test12: \nmisc/check_error.function_file_test12 ........................................ FAILED (EXPECTED ERROR MISSING)\nmisc/check_error.dg_kernel_with_aux_var: Working Directory: /home/fanzhangchen/projects/moose/test/tests/misc/check_error\nmisc/check_error.dg_kernel_with_aux_var: Running command: /home/fanzhangchen/projects/moose/test/moose_test-opt -i dg_kernel_with_aux_var.i --error --error-override --no-gdb-backtrace\nmisc/check_error.dg_kernel_with_aux_var: /home/fanzhangchen/projects/moose/test/moose_test-opt: Relink `/home/fanzhangchen/mambaforge3/envs/moose/libmesh-vtk/lib/././libvtkkissfft-9.1.so.1' with `/lib/x86_64-linux-gnu/libm.so.6' for IFUNC symbol `sincos'\nmisc/check_error.dg_kernel_with_aux_var: Segmentation fault (core dumped)\nmisc/check_error.dg_kernel_with_aux_var: ################################################################################\nmisc/check_error.dg_kernel_with_aux_var: \nmisc/check_error.dg_kernel_with_aux_var: Unable to match the following pattern against the program's output:\nmisc/check_error.dg_kernel_with_aux_var: \nmisc/check_error.dg_kernel_with_aux_var: No nonlinear variable named v found. Did you specify an auxiliary variable when you meant to specify a nonlinear variable\nmisc/check_error.dg_kernel_with_aux_var: \nmisc/check_error.dg_kernel_with_aux_var: ################################################################################\nmisc/check_error.dg_kernel_with_aux_var: Tester failed, reason: EXPECTED ERROR MISSING\nmisc/check_error.dg_kernel_with_aux_var: \nmisc/check_error.dg_kernel_with_aux_var ...................................... FAILED (EXPECTED ERROR MISSING)\nmisc/check_error.bad_kernel_var_test: Working Directory: /home/fanzhangchen/projects/moose/test/tests/misc/check_error\nmisc/check_error.bad_kernel_var_test: Running command: /home/fanzhangchen/projects/moose/test/moose_test-opt -i bad_kernel_var_test.i --error --error-override --no-gdb-backtrace\nmisc/check_error.bad_kernel_var_test: /home/fanzhangchen/projects/moose/test/moose_test-opt: Relink `/home/fanzhangchen/mambaforge3/envs/moose/libmesh-vtk/lib/././libvtkkissfft-9.1.so.1' with `/lib/x86_64-linux-gnu/libm.so.6' for IFUNC symbol `sincos'\nmisc/check_error.bad_kernel_var_test: Segmentation fault (core dumped)\nmisc/check_error.bad_kernel_var_test: ################################################################################\nmisc/check_error.bad_kernel_var_test: \nmisc/check_error.bad_kernel_var_test: Unable to match the following pattern against the program's output:\nmisc/check_error.bad_kernel_var_test: \nmisc/check_error.bad_kernel_var_test: Unknown variable foo\nmisc/check_error.bad_kernel_var_test: \nmisc/check_error.bad_kernel_var_test: ################################################################################\nmisc/check_error.bad_kernel_var_test: Tester failed, reason: EXPECTED ERROR MISSING\nmisc/check_error.bad_kernel_var_test: \nmisc/check_error.bad_kernel_var_test ......................................... FAILED (EXPECTED ERROR MISSING)\nmisc/check_error.missing_required_coupled_test: Working Directory: /home/fanzhangchen/projects/moose/test/tests/misc/check_error\nmisc/check_error.missing_required_coupled_test: Running command: /home/fanzhangchen/projects/moose/test/moose_test-opt -i missing_required_coupled.i --error --error-override --no-gdb-backtrace\nmisc/check_error.missing_required_coupled_test: /home/fanzhangchen/projects/moose/test/moose_test-opt: Relink `/home/fanzhangchen/mambaforge3/envs/moose/libmesh-vtk/lib/././libvtkkissfft-9.1.so.1' with `/lib/x86_64-linux-gnu/libm.so.6' for IFUNC symbol `sincos'\nmisc/check_error.missing_required_coupled_test: Segmentation fault (core dumped)\nmisc/check_error.missing_required_coupled_test: ################################################################################\nmisc/check_error.missing_required_coupled_test: \nmisc/check_error.missing_required_coupled_test: Unable to match the following pattern against the program's output:\nmisc/check_error.missing_required_coupled_test: \nmisc/check_error.missing_required_coupled_test: missing required parameter 'Kernels/conv_v/velocity_vector'\nmisc/check_error.missing_required_coupled_test: \nmisc/check_error.missing_required_coupled_test: ################################################################################\nmisc/check_error.missing_required_coupled_test: Tester failed, reason: EXPECTED ERROR MISSING\nmisc/check_error.missing_required_coupled_test: \nmisc/check_error.missing_required_coupled_test ............................... FAILED (EXPECTED ERROR MISSING)\nmisc/check_error.function_file_test13: Working Directory: /home/fanzhangchen/projects/moose/test/tests/misc/check_error\nmisc/check_error.function_file_test13: Running command: /home/fanzhangchen/projects/moose/test/moose_test-opt -i function_file_test13.i --error --error-override --no-gdb-backtrace\nmisc/check_error.function_file_test13: /home/fanzhangchen/projects/moose/test/moose_test-opt: Relink `/home/fanzhangchen/mambaforge3/envs/moose/libmesh-vtk/lib/././libvtkkissfft-9.1.so.1' with `/lib/x86_64-linux-gnu/libm.so.6' for IFUNC symbol `sincos'\nmisc/check_error.function_file_test13: Segmentation fault (core dumped)\nmisc/check_error.function_file_test13: ################################################################################\nmisc/check_error.function_file_test13: \nmisc/check_error.function_file_test13: Unable to match the following pattern against the program's output:\nmisc/check_error.function_file_test13: \nmisc/check_error.function_file_test13: Index out-of-range of the available data in '\\S+', which contains 3 columns of data.\nmisc/check_error.function_file_test13: \nmisc/check_error.function_file_test13: ################################################################################\nmisc/check_error.function_file_test13: Tester failed, reason: EXPECTED ERROR MISSING\nmisc/check_error.function_file_test13: \nmisc/check_error.function_file_test13 ........................................ FAILED (EXPECTED ERROR MISSING)\nmisc/check_error.interface_kernel_with_aux_var: Working Directory: /home/fanzhangchen/projects/moose/test/tests/misc/check_error\nmisc/check_error.interface_kernel_with_aux_var: Running command: /home/fanzhangchen/projects/moose/test/moose_test-opt -i interface_kernel_with_aux_var.i --error --error-override --no-gdb-backtrace\nmisc/check_error.interface_kernel_with_aux_var: /home/fanzhangchen/projects/moose/test/moose_test-opt: Relink `/home/fanzhangchen/mambaforge3/envs/moose/libmesh-vtk/lib/././libvtkkissfft-9.1.so.1' with `/lib/x86_64-linux-gnu/libm.so.6' for IFUNC symbol `sincos'\nmisc/check_error.interface_kernel_with_aux_var: Segmentation fault (core dumped)\nmisc/check_error.interface_kernel_with_aux_var: ################################################################################\nmisc/check_error.interface_kernel_with_aux_var: \nmisc/check_error.interface_kernel_with_aux_var: Unable to match the following pattern against the program's output:\nmisc/check_error.interface_kernel_with_aux_var: \nmisc/check_error.interface_kernel_with_aux_var: No nonlinear variable named v found. Did you specify an auxiliary variable when you meant to specify a nonlinear variable\nmisc/check_error.interface_kernel_with_aux_var: \nmisc/check_error.interface_kernel_with_aux_var: ################################################################################\nmisc/check_error.interface_kernel_with_aux_var: Tester failed, reason: EXPECTED ERROR MISSING\nmisc/check_error.interface_kernel_with_aux_var: \nmisc/check_error.interface_kernel_with_aux_var ............................... FAILED (EXPECTED ERROR MISSING)\nmisc/check_error.bad_material_test: Working Directory: /home/fanzhangchen/projects/moose/test/tests/misc/check_error\nmisc/check_error.bad_material_test: Running command: /home/fanzhangchen/projects/moose/test/moose_test-opt -i bad_material_test.i --error --error-override --no-gdb-backtrace\nmisc/check_error.bad_material_test: /home/fanzhangchen/projects/moose/test/moose_test-opt: Relink `/home/fanzhangchen/mambaforge3/envs/moose/libmesh-vtk/lib/././libvtkkissfft-9.1.so.1' with `/lib/x86_64-linux-gnu/libm.so.6' for IFUNC symbol `sincos'\nmisc/check_error.bad_material_test: Segmentation fault (core dumped)\nmisc/check_error.bad_material_test: ################################################################################\nmisc/check_error.bad_material_test: \nmisc/check_error.bad_material_test: Unable to match the following pattern against the program's output:\nmisc/check_error.bad_material_test: \nmisc/check_error.bad_material_test: A '\\w+' is not a registered object\nmisc/check_error.bad_material_test: \nmisc/check_error.bad_material_test: ################################################################################\nmisc/check_error.bad_material_test: Tester failed, reason: EXPECTED ERROR MISSING\nmisc/check_error.bad_material_test: \nmisc/check_error.bad_material_test ........................................... FAILED (EXPECTED ERROR MISSING)\nmisc/check_error.check_syntax_ok: Working Directory: /home/fanzhangchen/projects/moose/test/tests/misc/check_error\nmisc/check_error.check_syntax_ok: Running command: /home/fanzhangchen/projects/moose/test/moose_test-opt -i check_syntax_ok.i --check-input --error --error-override --no-gdb-backtrace\nmisc/check_error.check_syntax_ok: /home/fanzhangchen/projects/moose/test/moose_test-opt: Relink `/home/fanzhangchen/mambaforge3/envs/moose/libmesh-vtk/lib/././libvtkkissfft-9.1.so.1' with `/lib/x86_64-linux-gnu/libm.so.6' for IFUNC symbol `sincos'\nmisc/check_error.check_syntax_ok: Segmentation fault (core dumped)\nmisc/check_error.check_syntax_ok: ################################################################################\nmisc/check_error.check_syntax_ok: \nmisc/check_error.check_syntax_ok: Unable to match the following pattern against the program's output:\nmisc/check_error.check_syntax_ok: \nmisc/check_error.check_syntax_ok: Syntax OK\nmisc/check_error.check_syntax_ok: \nmisc/check_error.check_syntax_ok: ################################################################################\nmisc/check_error.check_syntax_ok: Tester failed, reason: EXPECTED OUTPUT MISSING\nmisc/check_error.check_syntax_ok: \nmisc/check_error.check_syntax_ok ............................................ FAILED (EXPECTED OUTPUT MISSING)\nmisc/check_error.multi_precond_test: Working Directory: /home/fanzhangchen/projects/moose/test/tests/misc/check_error\nmisc/check_error.multi_precond_test: Running command: /home/fanzhangchen/projects/moose/test/moose_test-opt -i multi_precond_test.i --error --error-override --no-gdb-backtrace\nmisc/check_error.multi_precond_test: /home/fanzhangchen/projects/moose/test/moose_test-opt: Relink `/home/fanzhangchen/mambaforge3/envs/moose/libmesh-vtk/lib/././libvtkkissfft-9.1.so.1' with `/lib/x86_64-linux-gnu/libm.so.6' for IFUNC symbol `sincos'\nmisc/check_error.multi_precond_test: Segmentation fault (core dumped)\nmisc/check_error.multi_precond_test: ################################################################################\nmisc/check_error.multi_precond_test: \nmisc/check_error.multi_precond_test: Unable to match the following pattern against the program's output:\nmisc/check_error.multi_precond_test: \nmisc/check_error.multi_precond_test: More than one active Preconditioner detected\nmisc/check_error.multi_precond_test: \nmisc/check_error.multi_precond_test: ################################################################################\nmisc/check_error.multi_precond_test: Tester failed, reason: EXPECTED ERROR MISSING\nmisc/check_error.multi_precond_test: \nmisc/check_error.multi_precond_test .......................................... FAILED (EXPECTED ERROR MISSING)\nmisc/check_error.function_file_test14: Working Directory: /home/fanzhangchen/projects/moose/test/tests/misc/check_error\nmisc/check_error.function_file_test14: Running command: /home/fanzhangchen/projects/moose/test/moose_test-opt -i function_file_test14.i --error --error-override --no-gdb-backtrace\nmisc/check_error.function_file_test14: /home/fanzhangchen/projects/moose/test/moose_test-opt: Relink `/home/fanzhangchen/mambaforge3/envs/moose/libmesh-vtk/lib/././libvtkkissfft-9.1.so.1' with `/lib/x86_64-linux-gnu/libm.so.6' for IFUNC symbol `sincos'\nmisc/check_error.function_file_test14: Segmentation fault (core dumped)\nmisc/check_error.function_file_test14: ################################################################################\nmisc/check_error.function_file_test14: \nmisc/check_error.function_file_test14: Unable to match the following pattern against the program's output:\nmisc/check_error.function_file_test14: \nmisc/check_error.function_file_test14: In \\S+: Read more than two rows of data from file '\\S+'.  Did you mean to use \"format = columns\" or set \"xy_in_file_only\" to false?\nmisc/check_error.function_file_test14: \nmisc/check_error.function_file_test14: ################################################################################\nmisc/check_error.function_file_test14: Tester failed, reason: EXPECTED ERROR MISSING\nmisc/check_error.function_file_test14: \nmisc/check_error.function_file_test14 ........................................ FAILED (EXPECTED ERROR MISSING)\nmisc/check_error.kernel_with_empty_var: Working Directory: /home/fanzhangchen/projects/moose/test/tests/misc/check_error\nmisc/check_error.kernel_with_empty_var: Running command: /home/fanzhangchen/projects/moose/test/moose_test-opt -i kernel_with_empty_var.i --error --error-override --no-gdb-backtrace\nmisc/check_error.kernel_with_empty_var: /home/fanzhangchen/projects/moose/test/moose_test-opt: Relink `/home/fanzhangchen/mambaforge3/envs/moose/libmesh-vtk/lib/././libvtkkissfft-9.1.so.1' with `/lib/x86_64-linux-gnu/libm.so.6' for IFUNC symbol `sincos'\nmisc/check_error.kernel_with_empty_var: Segmentation fault (core dumped)\nmisc/check_error.kernel_with_empty_var: ################################################################################\nmisc/check_error.kernel_with_empty_var: \nmisc/check_error.kernel_with_empty_var: Unable to match the following pattern against the program's output:\nmisc/check_error.kernel_with_empty_var: \nmisc/check_error.kernel_with_empty_var: Error constructing object 'rea' while retrieving value for 'variable' parameter! Did you set variable = '' \\(empty string\\) by accident\nmisc/check_error.kernel_with_empty_var: \nmisc/check_error.kernel_with_empty_var: ################################################################################\nmisc/check_error.kernel_with_empty_var: Tester failed, reason: EXPECTED ERROR MISSING\nmisc/check_error.kernel_with_empty_var: \nmisc/check_error.kernel_with_empty_var ....................................... FAILED (EXPECTED ERROR MISSING)\nmisc/check_error.bad_parsed_function_vars_test: Working Directory: /home/fanzhangchen/projects/moose/test/tests/misc/check_error\nmisc/check_error.bad_parsed_function_vars_test: Running command: /home/fanzhangchen/projects/moose/test/moose_test-opt -i bad_parsed_function_vars.i --error --error-override --no-gdb-backtrace\nmisc/check_error.bad_parsed_function_vars_test: /home/fanzhangchen/projects/moose/test/moose_test-opt: Relink `/home/fanzhangchen/mambaforge3/envs/moose/libmesh-vtk/lib/././libvtkkissfft-9.1.so.1' with `/lib/x86_64-linux-gnu/libm.so.6' for IFUNC symbol `sincos'\nmisc/check_error.bad_parsed_function_vars_test: Segmentation fault (core dumped)\nmisc/check_error.bad_parsed_function_vars_test: ################################################################################\nmisc/check_error.bad_parsed_function_vars_test: \nmisc/check_error.bad_parsed_function_vars_test: Unable to match the following pattern against the program's output:\nmisc/check_error.bad_parsed_function_vars_test: \nmisc/check_error.bad_parsed_function_vars_test: The variables \\\"x, y, z, and t\\\" in the ParsedFunction are pre-declared for use and must not be declared in \\\"vars\\\"\nmisc/check_error.bad_parsed_function_vars_test: \nmisc/check_error.bad_parsed_function_vars_test: ################################################################################\nmisc/check_error.bad_parsed_function_vars_test: Tester failed, reason: EXPECTED ERROR MISSING\nmisc/check_error.bad_parsed_function_vars_test: \nmisc/check_error.bad_parsed_function_vars_test ............................... FAILED (EXPECTED ERROR MISSING)\nmisc/check_error.check_syntax_error: Working Directory: /home/fanzhangchen/projects/moose/test/tests/misc/check_error\nmisc/check_error.check_syntax_error: Running command: /home/fanzhangchen/projects/moose/test/moose_test-opt -i check_syntax_error.i --check-input --error --error-override --no-gdb-backtrace\nmisc/check_error.check_syntax_error: /home/fanzhangchen/projects/moose/test/moose_test-opt: Relink `/home/fanzhangchen/mambaforge3/envs/moose/libmesh-vtk/lib/././libvtkkissfft-9.1.so.1' with `/lib/x86_64-linux-gnu/libm.so.6' for IFUNC symbol `sincos'\nmisc/check_error.check_syntax_error: Segmentation fault (core dumped)\nmisc/check_error.check_syntax_error: ################################################################################\nmisc/check_error.check_syntax_error: \nmisc/check_error.check_syntax_error: Unable to match the following pattern against the program's output:\nmisc/check_error.check_syntax_error: \nmisc/check_error.check_syntax_error: invalid number of nodes: want 2, got 3\nmisc/check_error.check_syntax_error: \nmisc/check_error.check_syntax_error: ################################################################################\nmisc/check_error.check_syntax_error: Tester failed, reason: EXPECTED ERROR MISSING\nmisc/check_error.check_syntax_error: \nmisc/check_error.check_syntax_error .......................................... FAILED (EXPECTED ERROR MISSING)\nmisc/check_error.nan_no_trap_fpe_test: Working Directory: /home/fanzhangchen/projects/moose/test/tests/misc/check_error\nmisc/check_error.nan_no_trap_fpe_test: Running command: /home/fanzhangchen/projects/moose/test/moose_test-opt -i nan_test.i --no-trap-fpe --error --error-override --no-gdb-backtrace\nmisc/check_error.nan_no_trap_fpe_test: /home/fanzhangchen/projects/moose/test/moose_test-opt: Relink `/home/fanzhangchen/mambaforge3/envs/moose/libmesh-vtk/lib/././libvtkkissfft-9.1.so.1' with `/lib/x86_64-linux-gnu/libm.so.6' for IFUNC symbol `sincos'\nmisc/check_error.nan_no_trap_fpe_test: Segmentation fault (core dumped)\nmisc/check_error.nan_no_trap_fpe_test: ################################################################################\nmisc/check_error.nan_no_trap_fpe_test: \nmisc/check_error.nan_no_trap_fpe_test: Unable to match the following pattern against the program's output:\nmisc/check_error.nan_no_trap_fpe_test: \nmisc/check_error.nan_no_trap_fpe_test: Solve Did NOT Converge\nmisc/check_error.nan_no_trap_fpe_test: \nmisc/check_error.nan_no_trap_fpe_test: ################################################################################\nmisc/check_error.nan_no_trap_fpe_test: Tester failed, reason: EXPECTED OUTPUT MISSING\nmisc/check_error.nan_no_trap_fpe_test: \nmisc/check_error.nan_no_trap_fpe_test ....................................... FAILED (EXPECTED OUTPUT MISSING)\nmisc/check_error.function_file_test15: Working Directory: /home/fanzhangchen/projects/moose/test/tests/misc/check_error\nmisc/check_error.function_file_test15: Running command: /home/fanzhangchen/projects/moose/test/moose_test-opt -i function_file_test15.i --error --error-override --no-gdb-backtrace\nmisc/check_error.function_file_test15: /home/fanzhangchen/projects/moose/test/moose_test-opt: Relink `/home/fanzhangchen/mambaforge3/envs/moose/libmesh-vtk/lib/././libvtkkissfft-9.1.so.1' with `/lib/x86_64-linux-gnu/libm.so.6' for IFUNC symbol `sincos'\nmisc/check_error.function_file_test15: Segmentation fault (core dumped)\nmisc/check_error.function_file_test15: ################################################################################\nmisc/check_error.function_file_test15: \nmisc/check_error.function_file_test15: Unable to match the following pattern against the program's output:\nmisc/check_error.function_file_test15: \nmisc/check_error.function_file_test15: Index out-of-range of the available data in '\\S+', which contains 3 rows of data.\nmisc/check_error.function_file_test15: \nmisc/check_error.function_file_test15: ################################################################################\nmisc/check_error.function_file_test15: Tester failed, reason: EXPECTED ERROR MISSING\nmisc/check_error.function_file_test15: \nmisc/check_error.function_file_test15 ........................................ FAILED (EXPECTED ERROR MISSING)\nmisc/check_error.vector_kernel_with_standard_var: Working Directory: /home/fanzhangchen/projects/moose/test/tests/misc/check_error\nmisc/check_error.vector_kernel_with_standard_var: Running command: /home/fanzhangchen/projects/moose/test/moose_test-opt -i vector_kernel_with_standard_var.i --error --error-override --no-gdb-backtrace\nmisc/check_error.vector_kernel_with_standard_var: /home/fanzhangchen/projects/moose/test/moose_test-opt: Relink `/home/fanzhangchen/mambaforge3/envs/moose/libmesh-vtk/lib/././libvtkkissfft-9.1.so.1' with `/lib/x86_64-linux-gnu/libm.so.6' for IFUNC symbol `sincos'\nmisc/check_error.vector_kernel_with_standard_var: Segmentation fault (core dumped)\nmisc/check_error.vector_kernel_with_standard_var: ################################################################################\nmisc/check_error.vector_kernel_with_standard_var: \nmisc/check_error.vector_kernel_with_standard_var: Unable to match the following pattern against the program's output:\nmisc/check_error.vector_kernel_with_standard_var: \nmisc/check_error.vector_kernel_with_standard_var: No vector variable named \\w+ found. Did you specify a standard variable when you meant to specify a vector variable\nmisc/check_error.vector_kernel_with_standard_var: \nmisc/check_error.vector_kernel_with_standard_var: ################################################################################\nmisc/check_error.vector_kernel_with_standard_var: Tester failed, reason: EXPECTED ERROR MISSING\nmisc/check_error.vector_kernel_with_standard_var: \nmisc/check_error.vector_kernel_with_standard_var ............................. FAILED (EXPECTED ERROR MISSING)\nmisc/check_error.check_syntax_no_input: Working Directory: /home/fanzhangchen/projects/moose/test/tests/misc/check_error\nmisc/check_error.check_syntax_no_input: Running command: /home/fanzhangchen/projects/moose/test/moose_test-opt --check-input Foo --error --error-override --no-gdb-backtrace\nmisc/check_error.check_syntax_no_input: /home/fanzhangchen/projects/moose/test/moose_test-opt: Relink `/home/fanzhangchen/mambaforge3/envs/moose/libmesh-vtk/lib/././libvtkkissfft-9.1.so.1' with `/lib/x86_64-linux-gnu/libm.so.6' for IFUNC symbol `sincos'\nmisc/check_error.check_syntax_no_input: Segmentation fault (core dumped)\nmisc/check_error.check_syntax_no_input: ################################################################################\nmisc/check_error.check_syntax_no_input: \nmisc/check_error.check_syntax_no_input: Unable to match the following pattern against the program's output:\nmisc/check_error.check_syntax_no_input: \nmisc/check_error.check_syntax_no_input: You specified --check-input, but did not provide an input file. Add -i <inputfile> to your command line.\nmisc/check_error.check_syntax_no_input: \nmisc/check_error.check_syntax_no_input: ################################################################################\nmisc/check_error.check_syntax_no_input: Tester failed, reason: EXPECTED ERROR MISSING\nmisc/check_error.check_syntax_no_input: \nmisc/check_error.check_syntax_no_input ....................................... FAILED (EXPECTED ERROR MISSING)\nmisc/check_error.nan_no_trap_fpe_test_trans: Working Directory: /home/fanzhangchen/projects/moose/test/tests/misc/check_error\nmisc/check_error.nan_no_trap_fpe_test_trans: Running command: /home/fanzhangchen/projects/moose/test/moose_test-opt -i nan_test_transient.i --no-trap-fpe --error --error-override --no-gdb-backtrace\nmisc/check_error.nan_no_trap_fpe_test_trans: /home/fanzhangchen/projects/moose/test/moose_test-opt: Relink `/home/fanzhangchen/mambaforge3/envs/moose/libmesh-vtk/lib/././libvtkkissfft-9.1.so.1' with `/lib/x86_64-linux-gnu/libm.so.6' for IFUNC symbol `sincos'\nmisc/check_error.nan_no_trap_fpe_test_trans: Segmentation fault (core dumped)\nmisc/check_error.nan_no_trap_fpe_test_trans: ################################################################################\nmisc/check_error.nan_no_trap_fpe_test_trans: \nmisc/check_error.nan_no_trap_fpe_test_trans: Unable to match the following pattern against the program's output:\nmisc/check_error.nan_no_trap_fpe_test_trans: \nmisc/check_error.nan_no_trap_fpe_test_trans: Solve Did NOT Converge\nmisc/check_error.nan_no_trap_fpe_test_trans: \nmisc/check_error.nan_no_trap_fpe_test_trans: ################################################################################\nmisc/check_error.nan_no_trap_fpe_test_trans: Tester failed, reason: EXPECTED ERROR MISSING\nmisc/check_error.nan_no_trap_fpe_test_trans: \nmisc/check_error.nan_no_trap_fpe_test_trans .................................. FAILED (EXPECTED ERROR MISSING)\nmisc/check_error.function_file_test16: Working Directory: /home/fanzhangchen/projects/moose/test/tests/misc/check_error\nmisc/check_error.function_file_test16: Running command: /home/fanzhangchen/projects/moose/test/moose_test-opt -i function_file_test16.i --error --error-override --no-gdb-backtrace\nmisc/check_error.function_file_test16: /home/fanzhangchen/projects/moose/test/moose_test-opt: Relink `/home/fanzhangchen/mambaforge3/envs/moose/libmesh-vtk/lib/././libvtkkissfft-9.1.so.1' with `/lib/x86_64-linux-gnu/libm.so.6' for IFUNC symbol `sincos'\nmisc/check_error.function_file_test16: Segmentation fault (core dumped)\nmisc/check_error.function_file_test16: ################################################################################\nmisc/check_error.function_file_test16: \nmisc/check_error.function_file_test16: Unable to match the following pattern against the program's output:\nmisc/check_error.function_file_test16: \nmisc/check_error.function_file_test16: Index out-of-range of the available data in '\\S+', which contains 3 rows of data.\nmisc/check_error.function_file_test16: \nmisc/check_error.function_file_test16: ################################################################################\nmisc/check_error.function_file_test16: Tester failed, reason: EXPECTED ERROR MISSING\nmisc/check_error.function_file_test16: \nmisc/check_error.function_file_test16 ........................................ FAILED (EXPECTED ERROR MISSING)\nmisc/check_error.kernel_with_vector_var: Working Directory: /home/fanzhangchen/projects/moose/test/tests/misc/check_error\nmisc/check_error.kernel_with_vector_var: Running command: /home/fanzhangchen/projects/moose/test/moose_test-opt -i kernel_with_vector_var.i --error --error-override --no-gdb-backtrace\nmisc/check_error.kernel_with_vector_var: /home/fanzhangchen/projects/moose/test/moose_test-opt: Relink `/home/fanzhangchen/mambaforge3/envs/moose/libmesh-vtk/lib/././libvtkkissfft-9.1.so.1' with `/lib/x86_64-linux-gnu/libm.so.6' for IFUNC symbol `sincos'\nmisc/check_error.kernel_with_vector_var: Segmentation fault (core dumped)\nmisc/check_error.kernel_with_vector_var: ################################################################################\nmisc/check_error.kernel_with_vector_var: \nmisc/check_error.kernel_with_vector_var: Unable to match the following pattern against the program's output:\nmisc/check_error.kernel_with_vector_var: \nmisc/check_error.kernel_with_vector_var: No standard variable named u found. Did you specify a vector variable when you meant to specify a standard variable\nmisc/check_error.kernel_with_vector_var: \nmisc/check_error.kernel_with_vector_var: ################################################################################\nmisc/check_error.kernel_with_vector_var: Tester failed, reason: EXPECTED ERROR MISSING\nmisc/check_error.kernel_with_vector_var: \nmisc/check_error.kernel_with_vector_var ...................................... FAILED (EXPECTED ERROR MISSING)\nmisc/check_error.deprecated_block_test: Working Directory: /home/fanzhangchen/projects/moose/test/tests/misc/check_error\nmisc/check_error.deprecated_block_test: Running command: /home/fanzhangchen/projects/moose/test/moose_test-opt -i deprecated_block_test.i --error --error-override --no-gdb-backtrace\nmisc/check_error.deprecated_block_test: /home/fanzhangchen/projects/moose/test/moose_test-opt: Relink `/home/fanzhangchen/mambaforge3/envs/moose/libmesh-vtk/lib/././libvtkkissfft-9.1.so.1' with `/lib/x86_64-linux-gnu/libm.so.6' for IFUNC symbol `sincos'\nmisc/check_error.deprecated_block_test: Segmentation fault (core dumped)\nmisc/check_error.deprecated_block_test: ################################################################################\nmisc/check_error.deprecated_block_test: \nmisc/check_error.deprecated_block_test: Unable to match the following pattern against the program's output:\nmisc/check_error.deprecated_block_test: \nmisc/check_error.deprecated_block_test: Input file block '\\S+' has been deprecated.\nmisc/check_error.deprecated_block_test: \nmisc/check_error.deprecated_block_test: ################################################################################\nmisc/check_error.deprecated_block_test: Tester failed, reason: EXPECTED ERROR MISSING\nmisc/check_error.deprecated_block_test: \nmisc/check_error.deprecated_block_test ....................................... FAILED (EXPECTED ERROR MISSING)\nmisc/check_error.multiple_time_int_check: Working Directory: /home/fanzhangchen/projects/moose/test/tests/misc/check_error\nmisc/check_error.multiple_time_int_check: Running command: /home/fanzhangchen/projects/moose/test/moose_test-opt -i time_integrator_error.i --error --error-override --no-gdb-backtrace\nmisc/check_error.multiple_time_int_check: /home/fanzhangchen/projects/moose/test/moose_test-opt: Relink `/home/fanzhangchen/mambaforge3/envs/moose/libmesh-vtk/lib/././libvtkkissfft-9.1.so.1' with `/lib/x86_64-linux-gnu/libm.so.6' for IFUNC symbol `sincos'\nmisc/check_error.multiple_time_int_check: Segmentation fault (core dumped)\nmisc/check_error.multiple_time_int_check: ################################################################################\nmisc/check_error.multiple_time_int_check: \nmisc/check_error.multiple_time_int_check: Unable to match the following pattern against the program's output:\nmisc/check_error.multiple_time_int_check: \nmisc/check_error.multiple_time_int_check: You cannot specify time_scheme in the Executioner and independently add a TimeIntegrator.\nmisc/check_error.multiple_time_int_check: \nmisc/check_error.multiple_time_int_check: ################################################################################\nmisc/check_error.multiple_time_int_check: Tester failed, reason: EXPECTED ERROR MISSING\nmisc/check_error.multiple_time_int_check: \nmisc/check_error.multiple_time_int_check ..................................... FAILED (EXPECTED ERROR MISSING)\nmisc/check_error.nodal_material_test: Working Directory: /home/fanzhangchen/projects/moose/test/tests/misc/check_error\nmisc/check_error.nodal_material_test: Running command: /home/fanzhangchen/projects/moose/test/moose_test-opt -i nodal_material_test.i --error --error-override --no-gdb-backtrace\nmisc/check_error.nodal_material_test: /home/fanzhangchen/projects/moose/test/moose_test-opt: Relink `/home/fanzhangchen/mambaforge3/envs/moose/libmesh-vtk/lib/././libvtkkissfft-9.1.so.1' with `/lib/x86_64-linux-gnu/libm.so.6' for IFUNC symbol `sincos'\nmisc/check_error.nodal_material_test: Segmentation fault (core dumped)\nmisc/check_error.nodal_material_test: ################################################################################\nmisc/check_error.nodal_material_test: \nmisc/check_error.nodal_material_test: Unable to match the following pattern against the program's output:\nmisc/check_error.nodal_material_test: \nmisc/check_error.nodal_material_test: Nodal AuxKernel '\\w+' attempted to reference material property '\\w+'\nmisc/check_error.nodal_material_test: \nmisc/check_error.nodal_material_test: ################################################################################\nmisc/check_error.nodal_material_test: Tester failed, reason: EXPECTED ERROR MISSING\nmisc/check_error.nodal_material_test: \nmisc/check_error.nodal_material_test ......................................... FAILED (EXPECTED ERROR MISSING)\nmisc/check_error.function_file_test17: Working Directory: /home/fanzhangchen/projects/moose/test/tests/misc/check_error\nmisc/check_error.function_file_test17: Running command: /home/fanzhangchen/projects/moose/test/moose_test-opt -i function_file_test17.i --error --error-override --no-gdb-backtrace\nmisc/check_error.function_file_test17: /home/fanzhangchen/projects/moose/test/moose_test-opt: Relink `/home/fanzhangchen/mambaforge3/envs/moose/libmesh-vtk/lib/././libvtkkissfft-9.1.so.1' with `/lib/x86_64-linux-gnu/libm.so.6' for IFUNC symbol `sincos'\nmisc/check_error.function_file_test17: Segmentation fault (core dumped)\nmisc/check_error.function_file_test17: ################################################################################\nmisc/check_error.function_file_test17: \nmisc/check_error.function_file_test17: Unable to match the following pattern against the program's output:\nmisc/check_error.function_file_test17: \nmisc/check_error.function_file_test17: In \\S+: 'x_index_in_file' and 'y_index_in_file' are set to the same value.\nmisc/check_error.function_file_test17: \nmisc/check_error.function_file_test17: ################################################################################\nmisc/check_error.function_file_test17: Tester failed, reason: EXPECTED ERROR MISSING\nmisc/check_error.function_file_test17: \nmisc/check_error.function_file_test17 ........................................ FAILED (EXPECTED ERROR MISSING)\n\n\nFinal Test Results:\n--------------------------------------------------------------------------------------------------------------\nmisc/check_error.node_value_off_block ..................................................... [METHOD!=DBG] SKIP\nmisc/check_error.bad_second_order_test .................................................... [METHOD!=DBG] SKIP\noutputs/format.tecplot_bin_test_override ............................................... [TECPLOT!=FALSE] SKIP\nsamplers/base.errors/setNumberOfCols ............................................... [METHOD!=DEVEL, DBG] SKIP\nsamplers/base.errors/setNumberOfRows ............................................... [METHOD!=DEVEL, DBG] SKIP\nauxkernels/solution_aux.aux_nonlinear_solution/from_xdr ........................ [--with-dof-id-bytes!=4] SKIP\nproblems/eigen_problem/eigensolvers.no_slepc ............................................. [SLEPC!=FALSE] SKIP\nsystem_interfaces.libraries/boost ......................................................... [BOOST!=TRUE] SKIP\nsystem_interfaces.partitioner/party ....................................................... [PARTY!=TRUE] SKIP\nsystem_interfaces.thread/pthread .................................................. [THREADING!=PTHREADS] SKIP\nsystem_interfaces.compiler/clang ...................................................... [COMPILER!=CLANG] SKIP\nsystem_interfaces.partitioner/chaco ....................................................... [CHACO!=TRUE] SKIP\nmortar/continuity-3d-non-conforming.continuity_sphere_hex20 [Minimum AD size 200 needed, but MOOSE is...] SKIP\nmortar/continuity-3d-non-conforming.continuity_tet10 [Minimum AD size 100 needed, but MOOSE is config...] SKIP\nmortar/continuity-3d-non-conforming.continuity_sphere_hex27 [Minimum AD size 200 needed, but MOOSE is...] SKIP\nmortar/continuity-3d-non-conforming.continuity_sphere_hex27-debug-mesh [Minimum AD size 200 needed, b...] SKIP\nfvkernels/mms/advective-outflow.QUICKLimiter .................................................... [HEAVY] SKIP\npartitioners/petsc_partitioner.party ...................................................... [PARTY!=TRUE] SKIP\npartitioners/petsc_partitioner.chaco ............ [PLATFORM!=DARWIN, CHACO!=TRUE, --with-dof-id-bytes!=4] SKIP\nmesh/splitting.meshgenerators_acting_on_split .................................. [MESH_MODE!=DISTRIBUTED] SKIP\nmesh/splitting.split_with_distributed_error .................................... [MESH_MODE!=DISTRIBUTED] SKIP\ndgkernels/2d_diffusion_dg.proper_ghosting_with_action_parallel_distributed ..... [MESH_MODE!=DISTRIBUTED] SKIP\ndgkernels/2d_diffusion_dg.proper_ghosting_with_action_serial_distributed ....... [MESH_MODE!=DISTRIBUTED] SKIP\ndgkernels/2d_diffusion_dg.no_additional_rms_distributed ........................ [MESH_MODE!=DISTRIBUTED] SKIP\nkernels/ad_coupled_value.test_ad_output ............................................ [AD_MODE!=NONSPARSE] SKIP\nutils/libtorch_nn.libtorch-nn-errors/wrong-activation .................................. [LIBTORCH!=TRUE] SKIP\nutils/libtorch_nn.libtorch-nn-activation/linear ........................................ [LIBTORCH!=TRUE] SKIP\nutils/libtorch_nn.libtorch-nn-activation/sigmoid ....................................... [LIBTORCH!=TRUE] SKIP\nutils/libtorch_nn.libtorch-nn-activation/elu ........................................... [LIBTORCH!=TRUE] SKIP\nutils/libtorch_nn.libtorch-nn-activation/relu .......................................... [LIBTORCH!=TRUE] SKIP\nutils/libtorch_nn.libtorch-nn-activation/gelu .......................................... [LIBTORCH!=TRUE] SKIP\nutils/libtorch_nn.libtorch-nn-errors/wrong-activation-number ........................... [LIBTORCH!=TRUE] SKIP\ncontrols/error.tid_warehouse_error ........................................................ [METHOD!=DBG] SKIP\nmortar/convergence-studies/continuity-3d.p1p1 ................................................... [HEAVY] SKIP\nmortar/convergence-studies/continuity-3d.p2p0 ................................................... [HEAVY] SKIP\nmortar/convergence-studies/continuity-3d.p1p0 ................................................... [HEAVY] SKIP\nmortar/convergence-studies/continuity-3d.p2p2 ................................................... [HEAVY] SKIP\nmortar/convergence-studies/continuity-3d.p1p1dual ............................................... [HEAVY] SKIP\nmortar/convergence-studies/continuity-3d.p2p1 ................................................... [HEAVY] SKIP\nperformance.os/linux ................................................................. [PLATFORM!=DARWIN] SKIP\nperformance.os/macOS ................................................................. [PLATFORM!=DARWIN] SKIP\noutputs/nemesis.nemesis_elemental_distributed .................................. [MESH_MODE!=DISTRIBUTED] SKIP\noutputs/nemesis.nemesis_scalar_distributed ..................................... [MESH_MODE!=DISTRIBUTED] SKIP\noutputs/vtk.solution/diff_parallel_mesh ................................. [#6149, MESH_MODE!=DISTRIBUTED] SKIP\nmortar/convergence-studies/solution-continuity.p1p1 ............................................. [HEAVY] SKIP\nmortar/convergence-studies/solution-continuity.p2p0 ............................................. [HEAVY] SKIP\nmortar/convergence-studies/solution-continuity.p2p1 ............................................. [HEAVY] SKIP\nmortar/convergence-studies/solution-continuity.p1p0 ............................................. [HEAVY] SKIP\nmortar/convergence-studies/solution-continuity.p2p2 ............................................. [HEAVY] SKIP\nmortar/convergence-studies/gap-conductance.p1p0 ................................................. [HEAVY] SKIP\nmortar/convergence-studies/gap-conductance.p2p1 ................................................. [HEAVY] SKIP\nmortar/convergence-studies/gap-conductance.p2p2 ................................................. [HEAVY] SKIP\nmortar/convergence-studies/gap-conductance.p1p1 ................................................. [HEAVY] SKIP\nmortar/convergence-studies/gap-conductance.p2p0 ................................................. [HEAVY] SKIP\nfunctions/image_function/error.errors/no_vtk ............................................... [VTK!=FALSE] SKIP\nfvkernels/fv_adapt.steady-mms ................................................................... [HEAVY] SKIP\npartitioners/block_weighted_partitioner.tests/distributed_mesh ................. [MESH_MODE!=DISTRIBUTED] SKIP\npreconditioners/auto_smp.fail ................................................. [AD_INDEXING_TYPE!=LOCAL] SKIP\noutputs/png.image_tests/adv_diff_reaction ................................................ [LIBPNG!=TRUE] SKIP\noutputs/png.image_tests/wedge ............................................................ [LIBPNG!=TRUE] SKIP\noutputs/png.image_tests/square_domain .................................................... [LIBPNG!=TRUE] SKIP\ntransfers/multiapp_interpolation_transfer.fromsub_restricted ......................... [PLATFORM!=DARWIN] SKIP\nfvkernels/mms/non-orthogonal.extended ........................................................... [HEAVY] SKIP\nfvkernels/mms/non-orthogonal.compact ............................................................ [HEAVY] SKIP\nrelationship_managers/two_rm.evaluable_neighbors/distributed ................... [MESH_MODE!=DISTRIBUTED] SKIP\nrelationship_managers/two_rm.evaluable_neighbors/replicated .................... [--with-dof-id-bytes!=4] SKIP\nvectorpostprocessors/work_balance.work_balance/distributed ..................... [MESH_MODE!=DISTRIBUTED] SKIP\nkernels/ad_max_dofs_per_elem_error.ad_max_dofs_per_elem_error ...................... [AD_MODE!=NONSPARSE] SKIP\nmisc/check_error.bad_stateful_material_only_older ............................ FAILED (EXPECTED ERROR MISSING)\nmisc/check_error.function_file_test7 ......................................... FAILED (EXPECTED ERROR MISSING)\nmisc/check_error.scalar_kernel_with_var ...................................... FAILED (EXPECTED ERROR MISSING)\nmisc/check_error.bad_bc_test ................................................. FAILED (EXPECTED ERROR MISSING)\nmisc/check_error.ic_bnd_for_non_nodal ........................................ FAILED (EXPECTED ERROR MISSING)\nmisc/check_error.missing_mesh_test ........................................... FAILED (EXPECTED ERROR MISSING)\nmisc/check_error.function_file_test8 ......................................... FAILED (EXPECTED ERROR MISSING)\nmisc/check_error.nodal_kernel_with_aux_var ................................... FAILED (EXPECTED ERROR MISSING)\nmisc/check_error.bad_bc_var_test ............................................. FAILED (EXPECTED ERROR MISSING)\nmisc/check_error.old_integrity_check ......................................... FAILED (EXPECTED ERROR MISSING)\nmisc/check_error.missing_req_par_action_obj_test ............................. FAILED (EXPECTED ERROR MISSING)\nmisc/check_error.function_file_test9 ......................................... FAILED (EXPECTED ERROR MISSING)\nmisc/check_error.constraint_with_aux_var ..................................... FAILED (EXPECTED ERROR MISSING)\nmisc/check_error.bad_enum_test ............................................... FAILED (EXPECTED ERROR MISSING)\nmisc/check_error.dot_integrity_check ......................................... FAILED (EXPECTED ERROR MISSING)\nmisc/check_error.missing_req_par_mesh_block_test ............................. FAILED (EXPECTED ERROR MISSING)\nmisc/check_error.function_file_test10 ........................................ FAILED (EXPECTED ERROR MISSING)\nmisc/check_error.scalar_aux_kernel_with_var .................................. FAILED (EXPECTED ERROR MISSING)\nmisc/check_error.bad_executioner_test ........................................ FAILED (EXPECTED ERROR MISSING)\nmisc/check_error.scalar_old_integrity_check .................................. FAILED (EXPECTED ERROR MISSING)\nmisc/check_error.missing_req_par_moose_obj_test .............................. FAILED (EXPECTED ERROR MISSING)\nmisc/check_error.function_file_test11 ........................................ FAILED (EXPECTED ERROR MISSING)\nmisc/check_error.dirac_kernel_with_aux_var ................................... FAILED (EXPECTED ERROR MISSING)\nmisc/check_error.bad_kernel_test ............................................. FAILED (EXPECTED ERROR MISSING)\nmisc/check_error.scalar_dot_integrity_check .................................. FAILED (EXPECTED ERROR MISSING)\nmisc/check_error.missing_var_in_kernel_test .................................. FAILED (EXPECTED ERROR MISSING)\nmisc/check_error.function_file_test12 ........................................ FAILED (EXPECTED ERROR MISSING)\nmisc/check_error.dg_kernel_with_aux_var ...................................... FAILED (EXPECTED ERROR MISSING)\nmisc/check_error.bad_kernel_var_test ......................................... FAILED (EXPECTED ERROR MISSING)\nmisc/check_error.missing_required_coupled_test ............................... FAILED (EXPECTED ERROR MISSING)\nmisc/check_error.function_file_test13 ........................................ FAILED (EXPECTED ERROR MISSING)\nmisc/check_error.interface_kernel_with_aux_var ............................... FAILED (EXPECTED ERROR MISSING)\nmisc/check_error.bad_material_test ........................................... FAILED (EXPECTED ERROR MISSING)\nmisc/check_error.check_syntax_ok ............................................ FAILED (EXPECTED OUTPUT MISSING)\nmisc/check_error.multi_precond_test .......................................... FAILED (EXPECTED ERROR MISSING)\nmisc/check_error.function_file_test14 ........................................ FAILED (EXPECTED ERROR MISSING)\nmisc/check_error.kernel_with_empty_var ....................................... FAILED (EXPECTED ERROR MISSING)\nmisc/check_error.bad_parsed_function_vars_test ............................... FAILED (EXPECTED ERROR MISSING)\nmisc/check_error.check_syntax_error .......................................... FAILED (EXPECTED ERROR MISSING)\nmisc/check_error.nan_no_trap_fpe_test ....................................... FAILED (EXPECTED OUTPUT MISSING)\nmisc/check_error.function_file_test15 ........................................ FAILED (EXPECTED ERROR MISSING)\nmisc/check_error.vector_kernel_with_standard_var ............................. FAILED (EXPECTED ERROR MISSING)\nmisc/check_error.check_syntax_no_input ....................................... FAILED (EXPECTED ERROR MISSING)\nmisc/check_error.nan_no_trap_fpe_test_trans .................................. FAILED (EXPECTED ERROR MISSING)\nmisc/check_error.function_file_test16 ........................................ FAILED (EXPECTED ERROR MISSING)\nmisc/check_error.kernel_with_vector_var ...................................... FAILED (EXPECTED ERROR MISSING)\nmisc/check_error.deprecated_block_test ....................................... FAILED (EXPECTED ERROR MISSING)\nmisc/check_error.multiple_time_int_check ..................................... FAILED (EXPECTED ERROR MISSING)\nmisc/check_error.nodal_material_test ......................................... FAILED (EXPECTED ERROR MISSING)\nmisc/check_error.function_file_test17 ........................................ FAILED (EXPECTED ERROR MISSING)\n--------------------------------------------------------------------------------------------------------------\nRan 50 tests in 5.1 seconds. Average test time 0.1 seconds, maximum test time 0.1 seconds.\n0 passed, 68 skipped, 0 pending, 50 FAILED\nMAX FAILURES REACHED\nrunWorker Exception: Traceback (most recent call last):\n  File \"/home/fanzhangchen/projects/moose/python/TestHarness/schedulers/Scheduler.py\", line 438, in runJob\n    self.queueJobs(jobs, j_lock)\n  File \"/home/fanzhangchen/projects/moose/python/TestHarness/schedulers/Scheduler.py\", line 255, in queueJobs\n    self.status_pool.apply_async(self.jobStatus, (job, jobs, j_lock))\n  File \"/home/fanzhangchen/mambaforge3/envs/moose/lib/python3.10/multiprocessing/pool.py\", line 458, in apply_async\n    self._check_running()\n  File \"/home/fanzhangchen/mambaforge3/envs/moose/lib/python3.10/multiprocessing/pool.py\", line 353, in _check_running\n    raise ValueError(\"Pool not running\")\nValueError: Pool not running",
                          "url": "https://github.com/idaholab/moose/discussions/21994#discussioncomment-3532370",
                          "updatedAt": "2022-09-02T02:44:53Z",
                          "publishedAt": "2022-09-02T02:43:59Z",
                          "isAnswer": false
                        }
                      },
                      {
                        "node": {
                          "author": {
                            "login": "GiudGiud"
                          },
                          "bodyText": "ok this does look broken\ncan you paste the full log of the MOOSE compilation please",
                          "url": "https://github.com/idaholab/moose/discussions/21994#discussioncomment-3532471",
                          "updatedAt": "2022-09-02T03:05:54Z",
                          "publishedAt": "2022-09-02T03:05:53Z",
                          "isAnswer": false
                        }
                      },
                      {
                        "node": {
                          "author": {
                            "login": "FanZhangchen"
                          },
                          "bodyText": "This is the full log of compilation, which is attached below\n(moose) fanzhangchen@fanzhangchen-virtual-machine:~/projects/moose/test$ make -j 1\nRebuilding symlinks in /home/fanzhangchen/projects/moose/test/build/header_symlinks\nCreating Unity Directory /home/fanzhangchen/projects/moose/test/build/unity_src\nCreating Unity /home/fanzhangchen/projects/moose/test/build/unity_src/auxkernels_Unity.C\nCompiling C++ (in opt mode) /home/fanzhangchen/projects/moose/test/build/unity_src/auxkernels_Unity.C...\nCreating Unity /home/fanzhangchen/projects/moose/test/build/unity_src/constraints_Unity.C\nCompiling C++ (in opt mode) /home/fanzhangchen/projects/moose/test/build/unity_src/constraints_Unity.C...\nCreating Unity /home/fanzhangchen/projects/moose/test/build/unity_src/fvbcs_Unity.C\nCompiling C++ (in opt mode) /home/fanzhangchen/projects/moose/test/build/unity_src/fvbcs_Unity.C...\nCreating Unity /home/fanzhangchen/projects/moose/test/build/unity_src/functions_Unity.C\nCompiling C++ (in opt mode) /home/fanzhangchen/projects/moose/test/build/unity_src/functions_Unity.C...\nCreating Unity /home/fanzhangchen/projects/moose/test/build/unity_src/indicators_Unity.C\nCompiling C++ (in opt mode) /home/fanzhangchen/projects/moose/test/build/unity_src/indicators_Unity.C...\nCreating Unity /home/fanzhangchen/projects/moose/test/build/unity_src/markers_Unity.C\nCompiling C++ (in opt mode) /home/fanzhangchen/projects/moose/test/build/unity_src/markers_Unity.C...\nCreating Unity /home/fanzhangchen/projects/moose/test/build/unity_src/interfacekernels_Unity.C\nCompiling C++ (in opt mode) /home/fanzhangchen/projects/moose/test/build/unity_src/interfacekernels_Unity.C...\nCreating Unity /home/fanzhangchen/projects/moose/test/build/unity_src/fvkernels_Unity.C\nCompiling C++ (in opt mode) /home/fanzhangchen/projects/moose/test/build/unity_src/fvkernels_Unity.C...\nCreating Unity /home/fanzhangchen/projects/moose/test/build/unity_src/executioners_Unity.C\nCompiling C++ (in opt mode) /home/fanzhangchen/projects/moose/test/build/unity_src/executioners_Unity.C...\nCreating Unity /home/fanzhangchen/projects/moose/test/build/unity_src/userobjects_Unity.C\nCompiling C++ (in opt mode) /home/fanzhangchen/projects/moose/test/build/unity_src/userobjects_Unity.C...\nCreating Unity /home/fanzhangchen/projects/moose/test/build/unity_src/timesteppers_Unity.C\nCompiling C++ (in opt mode) /home/fanzhangchen/projects/moose/test/build/unity_src/timesteppers_Unity.C...\nCreating Unity /home/fanzhangchen/projects/moose/test/build/unity_src/partitioner_Unity.C\nCompiling C++ (in opt mode) /home/fanzhangchen/projects/moose/test/build/unity_src/partitioner_Unity.C...\nCreating Unity /home/fanzhangchen/projects/moose/test/build/unity_src/ics_Unity.C\nCompiling C++ (in opt mode) /home/fanzhangchen/projects/moose/test/build/unity_src/ics_Unity.C...\nCreating Unity /home/fanzhangchen/projects/moose/test/build/unity_src/outputs_Unity.C\nCompiling C++ (in opt mode) /home/fanzhangchen/projects/moose/test/build/unity_src/outputs_Unity.C...\nCreating Unity /home/fanzhangchen/projects/moose/test/build/unity_src/kernels_Unity.C\nCompiling C++ (in opt mode) /home/fanzhangchen/projects/moose/test/build/unity_src/kernels_Unity.C...\nCreating Unity /home/fanzhangchen/projects/moose/test/build/unity_src/problems_Unity.C\nCompiling C++ (in opt mode) /home/fanzhangchen/projects/moose/test/build/unity_src/problems_Unity.C...\nCreating Unity /home/fanzhangchen/projects/moose/test/build/unity_src/reporters_Unity.C\nCompiling C++ (in opt mode) /home/fanzhangchen/projects/moose/test/build/unity_src/reporters_Unity.C...\nCreating Unity /home/fanzhangchen/projects/moose/test/build/unity_src/dirackernels_Unity.C\nCompiling C++ (in opt mode) /home/fanzhangchen/projects/moose/test/build/unity_src/dirackernels_Unity.C...\nCreating Unity /home/fanzhangchen/projects/moose/test/build/unity_src/samplers_Unity.C\nCompiling C++ (in opt mode) /home/fanzhangchen/projects/moose/test/build/unity_src/samplers_Unity.C...\nCreating Unity /home/fanzhangchen/projects/moose/test/build/unity_src/scalarkernels_Unity.C\nCompiling C++ (in opt mode) /home/fanzhangchen/projects/moose/test/build/unity_src/scalarkernels_Unity.C...\nCreating Unity /home/fanzhangchen/projects/moose/test/build/unity_src/controls_Unity.C\nCompiling C++ (in opt mode) /home/fanzhangchen/projects/moose/test/build/unity_src/controls_Unity.C...\nCreating Unity /home/fanzhangchen/projects/moose/test/build/unity_src/meshes_Unity.C\nCompiling C++ (in opt mode) /home/fanzhangchen/projects/moose/test/build/unity_src/meshes_Unity.C...\nCreating Unity /home/fanzhangchen/projects/moose/test/build/unity_src/utils_Unity.C\nCompiling C++ (in opt mode) /home/fanzhangchen/projects/moose/test/build/unity_src/utils_Unity.C...\nCreating Unity /home/fanzhangchen/projects/moose/test/build/unity_src/dgkernels_Unity.C\nCompiling C++ (in opt mode) /home/fanzhangchen/projects/moose/test/build/unity_src/dgkernels_Unity.C...\nCreating Unity /home/fanzhangchen/projects/moose/test/build/unity_src/actions_Unity.C\nCompiling C++ (in opt mode) /home/fanzhangchen/projects/moose/test/build/unity_src/actions_Unity.C...\nCreating Unity /home/fanzhangchen/projects/moose/test/build/unity_src/nodalkernels_Unity.C\nCompiling C++ (in opt mode) /home/fanzhangchen/projects/moose/test/build/unity_src/nodalkernels_Unity.C...\nCreating Unity /home/fanzhangchen/projects/moose/test/build/unity_src/postprocessors_Unity.C\nCompiling C++ (in opt mode) /home/fanzhangchen/projects/moose/test/build/unity_src/postprocessors_Unity.C...\nCreating Unity /home/fanzhangchen/projects/moose/test/build/unity_src/vectorpostprocessors_Unity.C\nCompiling C++ (in opt mode) /home/fanzhangchen/projects/moose/test/build/unity_src/vectorpostprocessors_Unity.C...\nCreating Unity /home/fanzhangchen/projects/moose/test/build/unity_src/bcs_Unity.C\nCompiling C++ (in opt mode) /home/fanzhangchen/projects/moose/test/build/unity_src/bcs_Unity.C...\nCreating Unity /home/fanzhangchen/projects/moose/test/build/unity_src/executors_Unity.C\nCompiling C++ (in opt mode) /home/fanzhangchen/projects/moose/test/build/unity_src/executors_Unity.C...\nCreating Unity /home/fanzhangchen/projects/moose/test/build/unity_src/materials_Unity.C\nCompiling C++ (in opt mode) /home/fanzhangchen/projects/moose/test/build/unity_src/materials_Unity.C...\nCreating Unity /home/fanzhangchen/projects/moose/test/build/unity_src/meshgenerators_Unity.C\nCompiling C++ (in opt mode) /home/fanzhangchen/projects/moose/test/build/unity_src/meshgenerators_Unity.C...\nCompiling C++ (in opt mode) /home/fanzhangchen/projects/moose/test/src/OverrideCliArgs.C...\nCompiling C++ (in opt mode) /home/fanzhangchen/projects/moose/test/src/base/MooseTestAppTypes.C...\nCompiling C++ (in opt mode) /home/fanzhangchen/projects/moose/test/src/base/MooseTestApp.C...\nLinking Library /home/fanzhangchen/projects/moose/test/lib/libmoose_test-opt.la...\nCompiling C++ (in opt mode) /home/fanzhangchen/projects/moose/test/src/main.C...\nLinking Executable /home/fanzhangchen/projects/moose/test/moose_test-opt...",
                          "url": "https://github.com/idaholab/moose/discussions/21994#discussioncomment-3532488",
                          "updatedAt": "2022-09-02T03:14:19Z",
                          "publishedAt": "2022-09-02T03:11:19Z",
                          "isAnswer": false
                        }
                      },
                      {
                        "node": {
                          "author": {
                            "login": "GiudGiud"
                          },
                          "bodyText": "no clue there.\nOk please use a debugger to get us a backtrace for this seg fault\ninstructions are here\nhttps://mooseframework.inl.gov/application_development/debugging.html",
                          "url": "https://github.com/idaholab/moose/discussions/21994#discussioncomment-3532498",
                          "updatedAt": "2022-09-02T03:15:22Z",
                          "publishedAt": "2022-09-02T03:15:22Z",
                          "isAnswer": false
                        }
                      },
                      {
                        "node": {
                          "author": {
                            "login": "FanZhangchen"
                          },
                          "bodyText": "Thank you for your reply. I will have a try. Could I reinstall MOOSE to avoid these errors?",
                          "url": "https://github.com/idaholab/moose/discussions/21994#discussioncomment-3532778",
                          "updatedAt": "2022-09-02T04:31:50Z",
                          "publishedAt": "2022-09-02T04:31:50Z",
                          "isAnswer": false
                        }
                      },
                      {
                        "node": {
                          "author": {
                            "login": "GiudGiud"
                          },
                          "bodyText": "you can try. Wipe the directory then try again",
                          "url": "https://github.com/idaholab/moose/discussions/21994#discussioncomment-3532808",
                          "updatedAt": "2022-09-02T04:39:40Z",
                          "publishedAt": "2022-09-02T04:39:39Z",
                          "isAnswer": false
                        }
                      }
                    ]
                  }
                }
              }
            ]
          }
        }
      },
      {
        "node": {
          "title": "How to Incorporate Thermo-Mechanical Coupling into Fluid-Solid Conjugate Heat Transfer",
          "author": {
            "login": "js-jixu"
          },
          "bodyText": "Hi, moose experts.\nI want to solve fluid-solid conjugate heat transfer problem which has a cylindrical inner heat sorce and square fluid channel. The model is like this:\n\nConsidering that the solid will expand radially and axially when heated, and the expansion of the solid will affect the temperature field and flow field. So I write a thermo-mechanical coupling input file to simulate the effect of elevated temperature on solid deformation. The model of thermo-mechanical coupling input file is like this:\n\nThe dimensions of the solid cylinders in both models are identical, and their meshing is identical. Now, I want to incorporate thermo-mechanical coupling into the original fluid-solid conjugate heat transfer. There are many problems that follow, such as the grid displacement of the solid area will also affect the grid of the fluid area. In addition, after the solid is elongated in the axial direction, the fluid cannot wrap the solid. How can I fix this problem? I mean how to solve thermomechanical coupling and fluid-solid conjugate heat transfer simultaneously in one input file.\nThe first one is fluid-solid conjugate heat transfer input file:\n# Units: specific_heat_capacity--cp--J/(kg.K); density--rho--kg/(cm^3);\n# dynamic_viscosity--mu--kg/(cm.s); thermal_conductivity--k--W/(cm.K);\n# pressure--kg/(cm.s^2); force--kg.cm/s^2\n\noutlet_pressure = 0\ninlet_velocity = 150 # cm/s\nini_temp = 300 # K\nheat_transfer_coefficient = 9 # W/(cm2.K)\ng = -981 # cm/s2\nalpha_fluid = 2e-4 # thermal expansion coefficient of fluid used in INSADBoussinesqBodyForce\n\n[Mesh]\n  file = 'solid_fluid.msh'\n[]\n\n[Variables]\n  [./T]\n    initial_condition = ${ini_temp}\n  [../]\n  [./velocity]\n    family = LAGRANGE_VEC\n    block = 'fluid'\n  [../]\n  [./p]\n    order = FIRST\n    family = LAGRANGE\n    block = 'fluid'\n  [../]\n[]\n\n[AuxVariables]\n  [./heat]\n    family = MONOMIAL\n    order = FIRST\n    block = 'solid'\n  [../]\n[]\n\n[ICs]\n  [./initial_velocity]\n    type = VectorConstantIC\n    x_value = 0\n    y_value = 0\n    z_value = ${inlet_velocity}\n    variable = velocity\n  [../]\n  [./initial_p]\n    type = FunctionIC\n    variable = p\n    function = ini_p\n  [../]\n[]\n\n[Kernels]\n  [./fluid_mass]\n    type = INSADMass\n    variable = p\n  [../]\n  [./fluid_mass_pspg]\n    type = INSADMassPSPG\n    variable = p\n  [../]\n\n  [./fluid_momentum_time]\n    type = INSADMomentumTimeDerivative\n    variable = velocity\n  [../]\n  [./fluid_momentum_convection]\n    type = INSADMomentumAdvection\n    variable = velocity\n  [../]\n  [./fluid_momentum_viscous]\n    type = INSADMomentumViscous\n    variable = velocity\n  [../]\n  [./fluid_momentum_pressure]\n    type = INSADMomentumPressure\n    variable = velocity\n    pressure = p\n    integrate_p_by_parts = true\n  [../]\n  [./fluid_momentum_gravity]\n    type = INSADGravityForce\n    variable = velocity\n    gravity = '0 0 ${g}'\n  [../]\n  [./fluid_momentum_buoyancy]\n    type = INSADBoussinesqBodyForce\n    variable = velocity\n    gravity = '0 0 ${g}'\n    alpha_name = 'alpha_fluid'\n    ref_temp = 'T_ref'\n\ttemperature = T\n  [../]\n  [./fluid_momentum_supg]\n    type = INSADMomentumSUPG\n    variable = velocity\n    velocity = velocity\n  [../]\n\n  [./fluid_temperature_time]\n    type = INSADHeatConductionTimeDerivative\n    variable = T\n    block = 'fluid'\n  [../]\n  [./fluid_temperature_conduction]\n    type = ADHeatConduction\n    variable = T\n    block = 'fluid'\n    thermal_conductivity = 'k'\n  [../]\n  [./fluid_temperature_advection]\n    type = INSADEnergyAdvection\n    variable = T\n    block = 'fluid'\n  [../]\n  [./fluid_temperature_supg]\n    type = INSADEnergySUPG\n    variable = T\n    velocity = velocity\n    block = 'fluid'\n  [../]\n\n  [./solid_temperature_time]\n    type = ADHeatConductionTimeDerivative\n    variable = T\n    block = 'solid'\n    density_name = 'rho'\n    specific_heat = 'cp'\n  [../]\n  [./solid_temperature_conduction]\n    type = ADHeatConduction\n    variable = T\n    block = 'solid'\n    thermal_conductivity = 'k'\n  [../]\n  [./heat_source]\n    type = ADCoupledForce\n    variable = T\n    block = 'solid'\n    v = heat\n  [../]\n[]\n\n[AuxKernels]\n  [./heat_aux]\n    type = FunctionAux\n    variable = heat\n    function = heat_function\n    block = 'solid'\n  [../]\n[]\n\n[InterfaceKernels]\n  [./convection_heat_transfer]\n    type = ConjugateHeatTransfer\n    variable = T\n    T_fluid = T\n    neighbor_var = 'T'\n    boundary = 'solid_wall'\n    htc = 'htc'\n  [../]\n[]\n\n[BCs]\n  [./inlet_T_fluid]\n    type = DirichletBC\n    variable = T\n    boundary = 'fluid_bottom'\n    value = ${ini_temp}\n  [../]\n  [./inlet_velocity_fluid]\n    type = VectorFunctionDirichletBC\n    variable = velocity\n    boundary = 'fluid_bottom'\n    function_z = ${inlet_velocity}\n  [../]\n  [./outlet_p_fluid]\n    type = DirichletBC\n    variable = p\n    boundary = 'fluid_top'\n    value = ${outlet_pressure}\n  [../]\n\n  [./no_slip]\n    type = VectorFunctionDirichletBC\n    variable = velocity\n    boundary = 'solid_wall'\n  [../]\n\n  [./Periodic]\n    [./x]\n      variable = velocity\n      primary = 'fluid_wall1'\n      secondary = 'fluid_wall2'\n      translation = '1.6 0 0'\n    [../]\n    [./y]\n      variable = velocity\n      primary = 'fluid_wall3'\n      secondary = 'fluid_wall4'\n      translation = '0 1.6 0'\n    [../]\n  [../]\n[]\n\n[Materials]\n  [./rho_solid]\n    type = ADParsedMaterial\n    f_name = rho\n    function = '0.0110876 * pow(9.9672e-1 + 1.179e-5 * T - 2.429e-9 * pow(T,2) + 1.219e-12 * pow(T,3),-3)'\n    args = 'T'\n    block = 'solid'\n  [../]\n  [./cp_solid]\n    type = ADParsedMaterial\n    f_name = cp\n    function = '0.76 * ((302.27 * pow((548.68/T),2) * exp(548.68 / T)) / pow((exp(548.68 / T) - 1),2) + 2 * 8.463e-3 * T + 8.741e7 * 18531.7 * exp(-18531.7 / T) / pow(T,2)) + 0.24 * ((322.49 * pow((587.41/T),2) * exp(587.41 / T)) / pow((exp(587.41 / T) - 1),2) + 2 * 1.4679e-2 * T)'\n    args = 'T'\n    block = 'solid'\n  [../]\n  [./k_solid]\n    type = ADParsedMaterial\n    f_name = k\n    function = '1.158/(7.5408 + 17.692 * (T / 1000) + 3.6142 * pow((T/1000),2)) + 74.105 * pow((T / 1000),-2.5) * exp(-16.35 / (T / 1000))'\n    args = 'T'\n    block = 'solid'\n  [../]\n\n  [./rho_fluid]\n    type = ADParsedMaterial\n    f_name = rho\n    function = '(11096 - 1.3236 * T) * 1e-6'\n    args = 'T'\n    block = 'fluid'\n  [../]\n  [./cp_fluid]\n    type = ADParsedMaterial\n    f_name = cp\n    function = '159 - 2.72e-2 * T + 7.12e-6 * pow(T,2)'\n    args = 'T'\n    block = 'fluid'\n  [../]\n  [./k_fluid]\n    type = ADParsedMaterial\n    f_name = k\n    function = '(3.61 + 1.517e-2 * T - 1.741e-6 * pow(T,2)) * 1e-2'\n    args = 'T'\n    block = 'fluid'\n  [../]\n  [./mu_fluid]\n    type = ADParsedMaterial\n    f_name = mu\n    function = '4.94e-6 * exp(754.1/T)'\n    args = 'T'\n    block = 'fluid'\n  [../]\n  [./buoyancy_thermal_expansion_coefficient_fluid]\n    type = ADGenericConstantMaterial\n    prop_names = 'alpha_fluid'\n    prop_values = '${alpha_fluid}'\n\tblock = 'fluid'\n  [../]\n  [./buoyancy_reference_temperature_fluid]\n    type = GenericConstantMaterial\n    prop_names = 'T_ref'\n    prop_values = '${ini_temp}'\n\tblock = 'fluid'\n  [../]\n\n  [./ins_mat_fluid]\n    type = INSADStabilized3Eqn\n    velocity = velocity\n    pressure = p\n    temperature = T\n    block = 'fluid'\n  [../]\n\n  [./htc]\n    type = ADGenericFunctionMaterial\n    prop_names = htc\n    prop_values = htc_function\n  [../]\n[]\n\n[Functions]\n  [./htc_function]\n    type = ParsedFunction\n    value = ${heat_transfer_coefficient}\n  [../]\n  [./ini_p]\n    type = ParsedFunction\n    value = '0.01*981*(10-z)'\n  [../]\n  [./heat_function]\n    type = ParsedFunction\n    value = (100+200*sin((z/5)*(pi/2)))\n  [../]\n[]\n\n[Preconditioning]\n  [./SMP]\n    type = SMP\n    full = true\n    solve_type = 'NEWTON'\n  [../]\n[]\n\n[Executioner]\n  type = Transient\n  num_steps = 100\n  dt = 1\n  #end_time = 100\n\n  nl_rel_tol = 1e-10\n  nl_abs_tol = 1e-10\n\n  solve_type = 'NEWTON'\n  petsc_options = '-snes_converged_reason -ksp_converged_reason -snes_linesearch_monitor'\n  petsc_options_iname = '-pc_type -pc_factor_shift_type'\n  petsc_options_value = 'lu       NONZERO'\n  line_search = 'none'\n   # petsc_options_iname = '-snes_type'\n  # petsc_options_value = 'test'\n\n  nl_max_its = 30\n  l_max_its = 100\n  automatic_scaling = true\n[]\n\n[Postprocessors]\n  [./max_T_solid]\n    type = ElementExtremeValue\n    variable = T\n    value_type = max\n    block = 'solid'\n  [../]\n  [./max_T_fluid]\n    type = ElementExtremeValue\n    variable = T\n    value_type = max\n    block = 'fluid'\n  [../]\n  [./min_T_solid]\n    type = ElementExtremeValue\n    variable = T\n    value_type = min\n    block = 'solid'\n  [../]\n  [./min_T_fluid]\n    type = ElementExtremeValue\n    variable = T\n    value_type = min\n    block = 'fluid'\n  [../]\n  [./average_T_solid]\n    type = ElementAverageValue\n    variable = T\n    block = 'solid'\n  [../]\n  [./average_T_fluid]\n    type = ElementAverageValue\n    variable = T\n    block = 'fluid'\n  [../]\n[]\n\n[Outputs]\n  perf_graph = true\n  print_linear_residuals = true\n  [./exodus]\n    type = Exodus\n    file_base = 'conjugate_heat_transfer'\n    execute_on = 'TIMESTEP_END'\n  [../]\n  [./csv]\n    type = CSV\n    file_base = 'conjugate_heat_transfer'\n    execute_on = 'TIMESTEP_END'\n  [../]\n[]\n\nThe second one is thermal-mechanic coupling input file:\n#the unit of length is cm\nini_temp = 300 # K\n\n[GlobalParams]\n  displacements = 'disp_x disp_y disp_z'\n[]\n\n[Mesh]\n  file = 'solid.msh'\n[]\n\n[Variables]\n  [./T]\n    initial_condition = ${ini_temp}\n  [../]\n[]\n\n[AuxVariables]\n  [./heat]\n    family = MONOMIAL\n    order = FIRST\n    block = 'solid'\n  [../]\n[]\n\n[Kernels]\n  [./solid_temperature_time]\n    type = ADHeatConductionTimeDerivative\n    variable = T\n    block = 'solid'\n    density_name = 'rho'\n    specific_heat = 'cp'\n  [../]\n  [./solid_temperature_conduction]\n    type = ADHeatConduction\n    variable = T\n    block = 'solid'\n    thermal_conductivity = 'k'\n  [../]\n  [./heat_source]\n    type = ADCoupledForce\n    variable = T\n    block = 'solid'\n    v = heat\n  [../]\n[]\n\n[AuxKernels]\n  [./heat_aux]\n    type = FunctionAux\n    variable = heat\n    function = heat_function\n    block = 'solid'\n  [../]\n[]\n\n[Functions]\n  [./heat_function]\n    type = ParsedFunction\n    value = (100+200*sin((z/5)*(pi/2)))\n    block = 'solid'\n  [../]\n[]\n\n[Modules/TensorMechanics/Master]\n  [all]\n    add_variables = true\n    strain = FINITE\n    automatic_eigenstrain_names = true\n    generate_output = 'vonmises_stress stress_xx stress_yy stress_zz strain_xx strain_yy strain_zz'\n    block = 'solid'\n    material_output_order = FIRST\n  []\n[]\n\n[Materials]\n  [elasticity]\n    type = ComputeIsotropicElasticityTensor\n    youngs_modulus = 2e7 # N cm-2\n    poissons_ratio = 0.32\n    block = 'solid'\n  []\n  [thermal_expansion]\n    type = ComputeThermalExpansionEigenstrain\n    temperature = T\n    thermal_expansion_coeff = 1.0358e-5\n    stress_free_temperature = 273\n    eigenstrain_name = thermal_expansion\n    block = 'solid'\n  []\n  [stress]\n    type = ComputeFiniteStrainElasticStress\n    block = 'solid'\n  []\n\n  [./rho_solid]\n    type = ADParsedMaterial\n    f_name = rho\n    function = '0.0110876 * pow(9.9672e-1 + 1.179e-5 * T - 2.429e-9 * pow(T,2) + 1.219e-12 * pow(T,3),-3)'\n    args = 'T'\n    block = 'solid'\n  [../]\n  [./cp_solid]\n    type = ADParsedMaterial\n    f_name = cp\n    function = '0.76 * ((302.27 * pow((548.68/T),2) * exp(548.68 / T)) / pow((exp(548.68 / T) - 1),2) + 2 * 8.463e-3 * T + 8.741e7 * 18531.7 * exp(-18531.7 / T) / pow(T,2)) + 0.24 * ((322.49 * pow((587.41/T),2) * exp(587.41 / T)) / pow((exp(587.41 / T) - 1),2) + 2 * 1.4679e-2 * T)'\n    args = 'T'\n    block = 'solid'\n  [../]\n  [./k_solid]\n    type = ADParsedMaterial\n    f_name = k\n    function = '1.158/(7.5408 + 17.692 * (T / 1000) + 3.6142 * pow((T/1000),2)) + 74.105 * pow((T / 1000),-2.5) * exp(-16.35 / (T / 1000))'\n    args = 'T'\n    block = 'solid'\n  [../]\n[]\n\n[BCs]\n  [./pin1_y]\n    type = DirichletBC\n    variable = disp_y\n    boundary = 'pin1'\n    value = 0\n  [../]\n  [./pin1_x]\n    type = DirichletBC\n    variable = disp_x\n    boundary = 'pin1'\n    value = 0\n  [../]\n  [./pin2_y]\n    type = DirichletBC\n    variable = disp_y\n    boundary = 'pin2'\n    value = 0\n  [../]\n  [./solid_bottom_z]\n    type = DirichletBC\n    variable = disp_z\n    boundary = 'solid_bottom solid_top'\n    value = 0\n  [../]\n  [./solid_wall_T]\n    type = DirichletBC\n    variable = T\n    value = ${ini_temp}\n    boundary = 'solid_wall'\n  [../]\n[]\n\n[Preconditioning]\n  [./smp]\n    type = SMP\n    full = true\n  [../]\n[]\n\n[Executioner]\n  type = Transient\n  num_steps = 25\n  dt = 0.001\n  #end_time = 100\n\n  nl_rel_tol = 1e-10\n  nl_abs_tol = 1e-10\n\n  solve_type = 'NEWTON'\n  petsc_options = '-snes_converged_reason -ksp_converged_reason -snes_linesearch_monitor'\n  petsc_options_iname = '-pc_type -pc_factor_shift_type'\n  petsc_options_value = 'lu       NONZERO'\n  line_search = 'none'\n   # petsc_options_iname = '-snes_type'\n  # petsc_options_value = 'test'\n\n  nl_max_its = 30\n  l_max_its = 100\n  automatic_scaling = true\n[]\n\n[Outputs]\n  perf_graph = true\n  print_linear_residuals = true\n  [./exodus]\n    type = Exodus\n    file_base = 'thermal_mechanic_coupling'\n    execute_on = 'TIMESTEP_END'\n  [../]\n  [./csv]\n    type = CSV\n    file_base = 'thermal_mechanic_coupling'\n    execute_on = 'TIMESTEP_END'\n  [../]\n[]\n\nHere are input files and mesh files:\nfiles.zip",
          "url": "https://github.com/idaholab/moose/discussions/21920",
          "updatedAt": "2022-09-03T00:11:20Z",
          "publishedAt": "2022-08-23T05:59:54Z",
          "category": {
            "name": "Q&A General"
          },
          "comments": {
            "edges": [
              {
                "node": {
                  "author": {
                    "login": "lindsayad"
                  },
                  "bodyText": "I would solve everything in a single input file. The trickiest part would be how to elongate the fluid channel at the same time you\u2019re elongating your inner solid cylinder \u2026 but it actually looks like you are applying zero axial displacement at the top and bottom boundaries so that concern goes away. Yea I don\u2019t see any big showstoppers here off the top of my head once you make this into a single input",
                  "url": "https://github.com/idaholab/moose/discussions/21920#discussioncomment-3455731",
                  "updatedAt": "2022-08-23T11:29:52Z",
                  "publishedAt": "2022-08-23T11:29:51Z",
                  "isAnswer": true,
                  "replies": {
                    "edges": [
                      {
                        "node": {
                          "author": {
                            "login": "js-jixu"
                          },
                          "bodyText": "Thanks for your replies, @lindsayad and @GiudGiud. I think I should start with the solid part not being elongated in the axial direction, it looks simpler. If the solid part is not elongated in the axial direction, it will expand in the radial direction and bend (when the model is slender). In this case the deformation of the solid region will have an effect on the fluid mesh, should I add an InterfaceKernel for fluid-structure interaction at the fluid and solid interface? If so, what InterfaceKernel does you guys recommend?\nI found that different objects have different default values for the use_displaced_mesh parameter. For example, use_displaced_mesh = true in ADHeatConductionTimeDerivative, but use_displaced_mesh = false in INSADEnergyAdvvection and DirichletBC. Do I have to set use_displaced_mesh = true in all objects if I want to model thermal-mechanic coupling in detail and adequately? Or just stick to their default values?",
                          "url": "https://github.com/idaholab/moose/discussions/21920#discussioncomment-3458335",
                          "updatedAt": "2022-08-23T16:35:52Z",
                          "publishedAt": "2022-08-23T16:24:16Z",
                          "isAnswer": false
                        }
                      },
                      {
                        "node": {
                          "author": {
                            "login": "GiudGiud"
                          },
                          "bodyText": "unless you are modeling acoustics, you only want to update the mesh. You dont need to model momentum exchange between phases",
                          "url": "https://github.com/idaholab/moose/discussions/21920#discussioncomment-3458545",
                          "updatedAt": "2022-08-23T16:47:44Z",
                          "publishedAt": "2022-08-23T16:47:43Z",
                          "isAnswer": false
                        }
                      },
                      {
                        "node": {
                          "author": {
                            "login": "js-jixu"
                          },
                          "bodyText": "However, mesh changes in the solid and fluid regions can affect the solution of the energy equation. Do you mean I just need to set use_displaced_mesh=true and don't need to do anything else?",
                          "url": "https://github.com/idaholab/moose/discussions/21920#discussioncomment-3458641",
                          "updatedAt": "2022-08-23T16:56:58Z",
                          "publishedAt": "2022-08-23T16:56:57Z",
                          "isAnswer": false
                        }
                      },
                      {
                        "node": {
                          "author": {
                            "login": "GiudGiud"
                          },
                          "bodyText": "at the speed that they change, I would not worry about it. Sure lowering the fluid volume due to solid expansion makes some energy disappear, but not a lot and if the fluid is moving it quickly leaves the domain",
                          "url": "https://github.com/idaholab/moose/discussions/21920#discussioncomment-3458690",
                          "updatedAt": "2022-08-23T17:03:42Z",
                          "publishedAt": "2022-08-23T17:03:41Z",
                          "isAnswer": false
                        }
                      },
                      {
                        "node": {
                          "author": {
                            "login": "js-jixu"
                          },
                          "bodyText": "Okay, I'll try incorporate thermo-mechanical coupling into fluid-solid conjugate heat transfer. I will give you feedback in the follow-up practice. Thanks a lot.",
                          "url": "https://github.com/idaholab/moose/discussions/21920#discussioncomment-3461476",
                          "updatedAt": "2022-08-24T01:55:48Z",
                          "publishedAt": "2022-08-24T01:55:47Z",
                          "isAnswer": false
                        }
                      },
                      {
                        "node": {
                          "author": {
                            "login": "js-jixu"
                          },
                          "bodyText": "I've combined thermal-mechanical coupling of solid region into the original fluid-solid conjugate heat transfer. But when I run it, there is an error:\n*** Info ***\nTensorMechanics Action: selecting 'incremental finite strain' formulation.\n*** Automatic Eigenstrain Names ***\nall: thermal_expansion\nSetting Up\n  Initializing\n    Finished Initializing Equation Systems                                               [  2.77 s] [  385 MB]\n  Finished Initializing                                                                  [  2.85 s] [  385 MB]\nFinished Setting Up                                                                      [  3.05 s] [  415 MB]\nFramework Information:\nMOOSE Version:           git commit 74571c498f on 2022-06-16\nLibMesh Version:\nPETSc Version:           3.16.5\nSLEPc Version:           3.16.2\nCurrent Time:            Thu Aug 25 10:20:01 2022\nExecutable Timestamp:    Fri Jul  8 14:37:35 2022\n\nParallelism:\n  Num Processors:          1\n  Num Threads:             1\n\nMesh:\n  Parallel Type:           replicated\n  Mesh Dimension:          3\n  Spatial Dimension:       3\n  Nodes:                   5397\n  Elems:                   4800\n  Num Subdomains:          2\n\nNonlinear System:\n  Num DOFs:                35028\n  Num Local DOFs:          35028\n  Num Constrained DOFs:    1071\n  Local Constrained DOFs:  1071\n  Variables:               \"T\" \"velocity\" \"p\" { \"disp_x\" \"disp_y\" \"disp_z\" }\n  Finite Element Types:    \"LAGRANGE\" \"LAGRANGE_VEC\" \"LAGRANGE\" \"LAGRANGE\"\n  Approximation Orders:    \"FIRST\" \"FIRST\" \"FIRST\" \"FIRST\"\n\nAuxiliary System:\n  Num DOFs:                137109\n  Num Local DOFs:          137109\n  Variables:               \"heat\" { \"vonmises_stress\" \"stress_xx\" \"stress_yy\" \"stress_zz\" \"strain_xx\"\n                             \"strain_yy\" \"strain_zz\" }\n  Finite Element Types:    \"LAGRANGE\" \"MONOMIAL\"\n  Approximation Orders:    \"FIRST\" \"FIRST\"\n\nExecution Information:\n  Executioner:             Transient\n  TimeStepper:             ConstantDT\n  Solver Mode:             NEWTON\n  MOOSE Preconditioner:    SMP\n\nLEGACY MODES ENABLED:\n This application uses the legacy material output option: material properties are output only on TIMESTEP_END, not INITIAL. To remove this message, set 'use_legacy_material_output' to false in this application. If there are gold output files that contain material property output for which output occurs on INITIAL, then these will generate diffs due to zero values being stored, and these tests should be re-golded.\n\nSegmentation fault (core dumped)\n\nWhy does the error Segmentation fault (core dumped) appear? Am I missing something in the input file? This is the input file:\n# Units: specific_heat_capacity--cp--J/(kg.K); density--rho--kg/(cm^3);\n# dynamic_viscosity--mu--kg/(cm.s); thermal_conductivity--k--W/(cm.K);\n# pressure--kg/(cm.s^2); force--kg.cm/s^2\n\noutlet_pressure = 0\ninlet_velocity = 150 # cm/s\nini_temp = 300 # K\nheat_transfer_coefficient = 9 # W/(cm2.K)\ng = -981 # cm/s2\nalpha_fluid = 2e-4 # thermal expansion coefficient of fluid used in INSADBoussinesqBodyForce\n\n[GlobalParams]\n  displacements = 'disp_x disp_y disp_z'\n[]\n\n[Mesh]\n  file = 'solid_fluid.msh'\n[]\n\n[Variables]\n  [./T]\n    initial_condition = ${ini_temp}\n  [../]\n  [./velocity]\n    family = LAGRANGE_VEC\n    block = 'fluid'\n  [../]\n  [./p]\n    order = FIRST\n    family = LAGRANGE\n    block = 'fluid'\n  [../]\n[]\n\n[AuxVariables]\n  [./heat]\n    family = LAGRANGE\n    order = FIRST\n    block = 'solid'\n  [../]\n[]\n\n[ICs]\n  [./initial_velocity]\n    type = VectorConstantIC\n    x_value = 0\n    y_value = 0\n    z_value = ${inlet_velocity}\n    variable = velocity\n  [../]\n  [./initial_p]\n    type = FunctionIC\n    variable = p\n    function = ini_p\n  [../]\n[]\n\n[Kernels]\n  [./fluid_mass]\n    type = INSADMass\n    variable = p\n  [../]\n  [./fluid_mass_pspg]\n    type = INSADMassPSPG\n    variable = p\n  [../]\n\n  [./fluid_momentum_time]\n    type = INSADMomentumTimeDerivative\n    variable = velocity\n  [../]\n  [./fluid_momentum_convection]\n    type = INSADMomentumAdvection\n    variable = velocity\n  [../]\n  [./fluid_momentum_viscous]\n    type = INSADMomentumViscous\n    variable = velocity\n  [../]\n  [./fluid_momentum_pressure]\n    type = INSADMomentumPressure\n    variable = velocity\n    pressure = p\n    integrate_p_by_parts = true\n  [../]\n  [./fluid_momentum_gravity]\n    type = INSADGravityForce\n    variable = velocity\n    gravity = '0 0 ${g}'\n  [../]\n  [./fluid_momentum_buoyancy]\n    type = INSADBoussinesqBodyForce\n    variable = velocity\n    gravity = '0 0 ${g}'\n    alpha_name = 'alpha_fluid'\n    ref_temp = 'T_ref'\n\ttemperature = T\n  [../]\n  [./fluid_momentum_supg]\n    type = INSADMomentumSUPG\n    variable = velocity\n    velocity = velocity\n  [../]\n\n  [./fluid_temperature_time]\n    type = INSADHeatConductionTimeDerivative\n    variable = T\n    block = 'fluid'\n  [../]\n  [./fluid_temperature_conduction]\n    type = ADHeatConduction\n    variable = T\n    block = 'fluid'\n    thermal_conductivity = 'k'\n  [../]\n  [./fluid_temperature_advection]\n    type = INSADEnergyAdvection\n    variable = T\n    block = 'fluid'\n  [../]\n  [./fluid_temperature_supg]\n    type = INSADEnergySUPG\n    variable = T\n    velocity = velocity\n    block = 'fluid'\n  [../]\n\n  [./solid_temperature_time]\n    type = ADHeatConductionTimeDerivative\n    variable = T\n    block = 'solid'\n    density_name = 'rho'\n    specific_heat = 'cp'\n  [../]\n  [./solid_temperature_conduction]\n    type = ADHeatConduction\n    variable = T\n    block = 'solid'\n    thermal_conductivity = 'k'\n  [../]\n  [./heat_source]\n    type = ADCoupledForce\n    variable = T\n    block = 'solid'\n    v = heat\n  [../]\n[]\n\n[AuxKernels]\n  [./heat_aux]\n    type = FunctionAux\n    variable = heat\n    function = heat_function\n    block = 'solid'\n  [../]\n[]\n\n[Modules/TensorMechanics/Master]\n  [all]\n    add_variables = true\n    strain = FINITE\n    automatic_eigenstrain_names = true\n    generate_output = 'vonmises_stress stress_xx stress_yy stress_zz strain_xx strain_yy strain_zz'\n    block = 'solid'\n    material_output_order = FIRST\n  []\n[]\n\n[InterfaceKernels]\n  [./convection_heat_transfer]\n    type = ConjugateHeatTransfer\n    variable = T\n    T_fluid = T\n    neighbor_var = 'T'\n    boundary = 'solid_wall'\n    htc = 'htc'\n  [../]\n[]\n\n[BCs]\n  [./pin1_y]\n    type = DirichletBC\n    variable = disp_y\n    boundary = 'pin1'\n    value = 0\n  [../]\n  [./pin1_x]\n    type = DirichletBC\n    variable = disp_x\n    boundary = 'pin1'\n    value = 0\n  [../]\n  [./pin2_y]\n    type = DirichletBC\n    variable = disp_y\n    boundary = 'pin2'\n    value = 0\n  [../]\n  [./solid_z]\n    type = DirichletBC\n    variable = disp_z\n    boundary = 'solid_bottom solid_top'\n    value = 0\n  [../]\n\n  [./inlet_T_fluid]\n    type = DirichletBC\n    variable = T\n    boundary = 'fluid_bottom'\n    value = ${ini_temp}\n  [../]\n  [./inlet_velocity_fluid]\n    type = VectorFunctionDirichletBC\n    variable = velocity\n    boundary = 'fluid_bottom'\n    function_z = ${inlet_velocity}\n  [../]\n  [./outlet_p_fluid]\n    type = DirichletBC\n    variable = p\n    boundary = 'fluid_top'\n    value = ${outlet_pressure}\n  [../]\n\n  [./no_slip]\n    type = VectorFunctionDirichletBC\n    variable = velocity\n    boundary = 'solid_wall'\n  [../]\n\n  [./Periodic]\n    [./x]\n      variable = velocity\n      primary = 'fluid_wall1'\n      secondary = 'fluid_wall2'\n      translation = '1.6 0 0'\n    [../]\n    [./y]\n      variable = velocity\n      primary = 'fluid_wall3'\n      secondary = 'fluid_wall4'\n      translation = '0 1.6 0'\n    [../]\n  [../]\n[]\n\n[Materials]\n  [elasticity]\n    type = ComputeIsotropicElasticityTensor\n    youngs_modulus = 2e7 # N cm-2\n    poissons_ratio = 0.32\n    block = 'solid'\n  []\n  [thermal_expansion]\n    type = ComputeThermalExpansionEigenstrain\n    temperature = T\n    thermal_expansion_coeff = 1.0358e-5\n    stress_free_temperature = 273\n    eigenstrain_name = thermal_expansion\n    block = 'solid'\n  []\n  [stress]\n    type = ComputeFiniteStrainElasticStress\n    block = 'solid'\n  []\n\n  [./rho_solid]\n    type = ADParsedMaterial\n    f_name = rho\n    function = '0.0110876 * pow(9.9672e-1 + 1.179e-5 * T - 2.429e-9 * pow(T,2) + 1.219e-12 * pow(T,3),-3)'\n    args = 'T'\n    block = 'solid'\n  [../]\n  [./cp_solid]\n    type = ADParsedMaterial\n    f_name = cp\n    function = '0.76 * ((302.27 * pow((548.68/T),2) * exp(548.68 / T)) / pow((exp(548.68 / T) - 1),2) + 2 * 8.463e-3 * T + 8.741e7 * 18531.7 * exp(-18531.7 / T) / pow(T,2)) + 0.24 * ((322.49 * pow((587.41/T),2) * exp(587.41 / T)) / pow((exp(587.41 / T) - 1),2) + 2 * 1.4679e-2 * T)'\n    args = 'T'\n    block = 'solid'\n  [../]\n  [./k_solid]\n    type = ADParsedMaterial\n    f_name = k\n    function = '1.158/(7.5408 + 17.692 * (T / 1000) + 3.6142 * pow((T/1000),2)) + 74.105 * pow((T / 1000),-2.5) * exp(-16.35 / (T / 1000))'\n    args = 'T'\n    block = 'solid'\n  [../]\n\n  [./rho_fluid]\n    type = ADParsedMaterial\n    f_name = rho\n    function = '(11096 - 1.3236 * T) * 1e-6'\n    args = 'T'\n    block = 'fluid'\n  [../]\n  [./cp_fluid]\n    type = ADParsedMaterial\n    f_name = cp\n    function = '159 - 2.72e-2 * T + 7.12e-6 * pow(T,2)'\n    args = 'T'\n    block = 'fluid'\n  [../]\n  [./k_fluid]\n    type = ADParsedMaterial\n    f_name = k\n    function = '(3.61 + 1.517e-2 * T - 1.741e-6 * pow(T,2)) * 1e-2'\n    args = 'T'\n    block = 'fluid'\n  [../]\n  [./mu_fluid]\n    type = ADParsedMaterial\n    f_name = mu\n    function = '4.94e-6 * exp(754.1/T)'\n    args = 'T'\n    block = 'fluid'\n  [../]\n  [./buoyancy_thermal_expansion_coefficient_fluid]\n    type = ADGenericConstantMaterial\n    prop_names = 'alpha_fluid'\n    prop_values = '${alpha_fluid}'\n\tblock = 'fluid'\n  [../]\n  [./buoyancy_reference_temperature_fluid]\n    type = GenericConstantMaterial\n    prop_names = 'T_ref'\n    prop_values = '${ini_temp}'\n\tblock = 'fluid'\n  [../]\n\n  [./ins_mat_fluid]\n    type = INSADStabilized3Eqn\n    velocity = velocity\n    pressure = p\n    temperature = T\n    block = 'fluid'\n  [../]\n\n  [./htc]\n    type = ADGenericFunctionMaterial\n    prop_names = htc\n    prop_values = htc_function\n  [../]\n[]\n\n[Functions]\n  [./htc_function]\n    type = ParsedFunction\n    value = ${heat_transfer_coefficient}\n  [../]\n  [./ini_p]\n    type = ParsedFunction\n    value = '0.01*981*(10-z)'\n  [../]\n  [./heat_function]\n    type = ParsedFunction\n    value = (100+200*sin((z/5)*(pi/2)))\n  [../]\n[]\n\n[Preconditioning]\n  [./SMP]\n    type = SMP\n    full = true\n    solve_type = 'NEWTON'\n  [../]\n[]\n\n[Executioner]\n  type = Transient\n  num_steps = 100\n  dt = 0.01\n  #end_time = 100\n\n  nl_rel_tol = 1e-10\n  nl_abs_tol = 1e-10\n\n  solve_type = 'NEWTON'\n  petsc_options = '-snes_converged_reason -ksp_converged_reason -snes_linesearch_monitor'\n  petsc_options_iname = '-pc_type -pc_factor_shift_type'\n  petsc_options_value = 'lu       NONZERO'\n  line_search = 'none'\n   # petsc_options_iname = '-snes_type'\n  # petsc_options_value = 'test'\n\n  nl_max_its = 30\n  l_max_its = 100\n  automatic_scaling = true\n[]\n\n[Postprocessors]\n  [./max_T_solid]\n    type = ElementExtremeValue\n    variable = T\n    value_type = max\n    block = 'solid'\n  [../]\n  [./max_T_fluid]\n    type = ElementExtremeValue\n    variable = T\n    value_type = max\n    block = 'fluid'\n  [../]\n  [./min_T_solid]\n    type = ElementExtremeValue\n    variable = T\n    value_type = min\n    block = 'solid'\n  [../]\n  [./min_T_fluid]\n    type = ElementExtremeValue\n    variable = T\n    value_type = min\n    block = 'fluid'\n  [../]\n  [./average_T_solid]\n    type = ElementAverageValue\n    variable = T\n    block = 'solid'\n  [../]\n  [./average_T_fluid]\n    type = ElementAverageValue\n    variable = T\n    block = 'fluid'\n  [../]\n[]\n\n[Outputs]\n  perf_graph = true\n  print_linear_residuals = true\n  [./exodus]\n    type = Exodus\n    file_base = 'couple'\n    execute_on = 'TIMESTEP_END'\n  [../]\n  [./csv]\n    type = CSV\n    file_base = 'couple'\n    execute_on = 'TIMESTEP_END'\n  [../]\n[]",
                          "url": "https://github.com/idaholab/moose/discussions/21920#discussioncomment-3470525",
                          "updatedAt": "2022-08-25T02:33:50Z",
                          "publishedAt": "2022-08-25T02:33:50Z",
                          "isAnswer": false
                        }
                      },
                      {
                        "node": {
                          "author": {
                            "login": "lindsayad"
                          },
                          "bodyText": "Both @GiudGiud and I are on personal leave so likely won\u2019t be able to run your input. I would compile in dbg mode and run in a debugger. A debugger is great for figuring out segmentation faults. See https://mooseframework.inl.gov/application_development/debugging.html for more info",
                          "url": "https://github.com/idaholab/moose/discussions/21920#discussioncomment-3473959",
                          "updatedAt": "2022-08-25T12:03:13Z",
                          "publishedAt": "2022-08-25T12:03:12Z",
                          "isAnswer": false
                        }
                      },
                      {
                        "node": {
                          "author": {
                            "login": "js-jixu"
                          },
                          "bodyText": "I compiled the input file in DBG mode, the terminal showed:\nStarting program: /home/jixu/projects/seal/seal-dbg -i couple_solid.i\n[Thread debugging using libthread_db enabled]\nUsing host libthread_db library \"/lib/x86_64-linux-gnu/libthread_db.so.1\".\n[New Thread 0x7fffe552e700 (LWP 105667)]\n\n\n*** Info ***\nAdded data file path: /home/jixu/projects/moose/framework/src/base/../../data\n\n\n*** Info ***\nAdded data file path: /home/jixu/projects/moose/modules/tensor_mechanics/src/base/../../data\n\n\n*** Info ***\nTensorMechanics Action: selecting 'incremental finite strain' formulation.\n*** Automatic Eigenstrain Names ***\nall: thermal_expansion\nSetting Up\n  Initializing\n    Initializing Equation Systems...............                                         [ 88.26 s] [  289 MB]\n  Finished Initializing                                                                  [ 90.56 s] [  290 MB]\nFinished Setting Up                                                                      [ 91.62 s] [  336 MB]\nFramework Information:\nMOOSE Version:           git commit 03836d80d9 on 2022-05-06\nLibMesh Version:         \nPETSc Version:           3.16.5\nSLEPc Version:           3.16.2\nCurrent Time:            Thu Aug 25 20:57:52 2022\nExecutable Timestamp:    Thu Aug 25 20:34:25 2022\n\nParallelism:\n  Num Processors:          1\n  Num Threads:             1\n\nMesh: \n  Parallel Type:           replicated\n  Mesh Dimension:          3\n  Spatial Dimension:       3\n  Nodes:                   5397\n  Elems:                   4800\n  Num Subdomains:          2\n\nNonlinear System:\n  Num DOFs:                35028\n  Num Local DOFs:          35028\n  Num Constrained DOFs:    1071\n  Local Constrained DOFs:  1071\n  Variables:               \"T\" \"velocity\" \"p\" { \"disp_x\" \"disp_y\" \"disp_z\" } \n  Finite Element Types:    \"LAGRANGE\" \"LAGRANGE_VEC\" \"LAGRANGE\" \"LAGRANGE\" \n  Approximation Orders:    \"FIRST\" \"FIRST\" \"FIRST\" \"FIRST\" \n\nAuxiliary System:\n  Num DOFs:                137109\n  Num Local DOFs:          137109\n  Variables:               \"heat\" { \"vonmises_stress\" \"stress_xx\" \"stress_yy\" \"stress_zz\" \"strain_xx\" \n                             \"strain_yy\" \"strain_zz\" } \n  Finite Element Types:    \"LAGRANGE\" \"MONOMIAL\" \n  Approximation Orders:    \"FIRST\" \"FIRST\" \n\nExecution Information:\n  Executioner:             Transient\n  TimeStepper:             ConstantDT\n  Solver Mode:             NEWTON\n  MOOSE Preconditioner:    SMP\n\n\n    Projecting Initial Solutions.....                                                    [ 30.37 s] [    0 MB]\n\n\nAssertion `i < _size' failed\nAccess out of bounds in MooseArray (i: 0 size: 0)\nat /home/jixu/projects/moose/framework/build/header_symlinks/MooseArray.h, line 276\nStack frames: 15\n0: libMesh::print_trace(std::ostream&)\n1: /home/jixu/projects/moose/framework/libmoose-dbg.so.0(+0x93cccd) [0x7ffff004cccd]\n2: ParsedMaterialHelper<true>::computeQpProperties()\n3: ParsedMaterialHelper<true>::initQpStatefulProperties()\n4: MaterialBase::initStatefulProperties(unsigned int)\n5: MaterialPropertyStorage::initStatefulProps(MaterialData&, std::vector<std::shared_ptr<MaterialBase>, std::allocator<std::shared_ptr<MaterialBase> > > const&, unsigned int, libMesh::Elem const&, unsigned int)\n6: ComputeMaterialsObjectThread::onInterface(libMesh::Elem const*, unsigned int, short)\n7: ThreadedElementLoopBase<libMesh::StoredRange<libMesh::MeshBase::const_element_iterator, libMesh::Elem const*> >::operator()(libMesh::StoredRange<libMesh::MeshBase::const_element_iterator, libMesh::Elem const*> const&, bool)\n8: FEProblemBase::initialSetup()\n9: Transient::init()\n10: MooseApp::executeExecutioner()\n11: MooseApp::run()\n12: main\n13: __libc_start_main\n14: /home/jixu/projects/seal/seal-dbg(+0x4079) [0x555555558079]\n[0] /home/jixu/projects/moose/framework/build/header_symlinks/MooseArray.h, line 276, compiled Aug 25 2022 at 20:17:18\napplication called MPI_Abort(MPI_COMM_WORLD, 1) - process 0\n[unset]: write_line error; fd=-1 buf=:cmd=abort exitcode=1\n:\nsystem msg for write_line failure : Bad file descriptor\n[Thread 0x7fffe5f418c0 (LWP 105663) exited]\n[Inferior 1 (process 105663) exited with code 01]\n\nThe part where the error is reported is here:\nAssertion `i < _size' failed\nAccess out of bounds in MooseArray (i: 0 size: 0)\nat /home/jixu/projects/moose/framework/build/header_symlinks/MooseArray.h, line 276\n\nThen I typed b MPI_Abort, the terminal showed:\nBreakpoint 1 at 0x7fffe73c6cc0\n\nI can't link the errors reported in the DBG mode to the errors in the input file, in other words I can't find out which part of the input file is written wrong. Do you have any ideas? This is MooseArray.h file:\nMooseArray.zip",
                          "url": "https://github.com/idaholab/moose/discussions/21920#discussioncomment-3474567",
                          "updatedAt": "2022-08-25T13:17:13Z",
                          "publishedAt": "2022-08-25T13:17:12Z",
                          "isAnswer": false
                        }
                      },
                      {
                        "node": {
                          "author": {
                            "login": "lindsayad"
                          },
                          "bodyText": "This looks like an interesting error. I would try to debug this when I\u2019m back at work on Monday. Until then, @dschwen do you have any ideas what might be going on here? I ask only because of the ParsedMaterial presence, but I suspect the issue is more likely to be in onInterface just shooting from the hip on my phone",
                          "url": "https://github.com/idaholab/moose/discussions/21920#discussioncomment-3475244",
                          "updatedAt": "2022-08-25T14:25:50Z",
                          "publishedAt": "2022-08-25T14:25:31Z",
                          "isAnswer": false
                        }
                      },
                      {
                        "node": {
                          "author": {
                            "login": "hugary1995"
                          },
                          "bodyText": "This is the issue mentioned in #21900. I'm interested in a fix as well.",
                          "url": "https://github.com/idaholab/moose/discussions/21920#discussioncomment-3486338",
                          "updatedAt": "2022-08-26T19:15:25Z",
                          "publishedAt": "2022-08-26T19:15:25Z",
                          "isAnswer": false
                        }
                      }
                    ]
                  }
                }
              },
              {
                "node": {
                  "author": {
                    "login": "GiudGiud"
                  },
                  "bodyText": "Hello\nIf you did not want to apply zero axial displacement at the top and bottom boundaries, you should consider applying them at least at the bottom, and simulate a larger fluid domain. If the solid is \"exiting\" the simulation domain by expanding, it means your simulation domain is too small and should include what's on top of the solid.\nSingle input file approach could work. You may want to consider a small case first, like a plate inside a square fluid, to see if you can get decent numerical convergence. Alternatively, you may use the MultiApps system to segregate the (fluid + solid thermal) and the solid mechanical solve.\nGuillaume",
                  "url": "https://github.com/idaholab/moose/discussions/21920#discussioncomment-3457063",
                  "updatedAt": "2022-08-23T14:04:41Z",
                  "publishedAt": "2022-08-23T14:04:40Z",
                  "isAnswer": false,
                  "replies": {
                    "edges": []
                  }
                }
              }
            ]
          }
        }
      },
      {
        "node": {
          "title": "Radial displacement asymmetry in cylinder thermomechanical coupling when using displaced mesh",
          "author": {
            "login": "js-jixu"
          },
          "bodyText": "Hi, MOOSE experts.\nIn thermomechanical coupling, the size of the mesh changes when the object is thermally expanded, and the change in the mesh also affects the temperature field. When I set use_displaced_mesh=true in all blocks, the distribution of disp_x is not symmetric about the x-axis. Likewise, the distribution of disp_y is not symmetric about the y-axis.\n\n\nThen I set use_displaced_mesh=false, the rest of the input file is not modified. The output disp_x and disp_y are symmetric about the x and y axes.\n\n\nWhy are disp_x and disp_y not symmetrical when use_displaced_mesh=true is set? And I've found that the default value of use_displaced_mesh varies in different objects. For example, the default value of use_displaced_mesh for ADHeatConductionTimeDerivative is true, while that for ADCoupledForce is false. Should I set use_displaced_mesh=true for all objects if I want to simulate thermal coupling as accurately as possible?\nAll input and output files are attached.\nuse_displaced_mesh_true.zip\nuse_displaced_mesh_false.zip",
          "url": "https://github.com/idaholab/moose/discussions/21858",
          "updatedAt": "2022-09-02T23:52:52Z",
          "publishedAt": "2022-08-16T14:20:43Z",
          "category": {
            "name": "Q&A Modules: Solid mechanics"
          },
          "comments": {
            "edges": [
              {
                "node": {
                  "author": {
                    "login": "GiudGiud"
                  },
                  "bodyText": "@recuero",
                  "url": "https://github.com/idaholab/moose/discussions/21858#discussioncomment-3407481",
                  "updatedAt": "2022-08-16T15:06:35Z",
                  "publishedAt": "2022-08-16T15:06:34Z",
                  "isAnswer": true,
                  "replies": {
                    "edges": [
                      {
                        "node": {
                          "author": {
                            "login": "GiudGiud"
                          },
                          "bodyText": "I think this was answered somewhere else. Be mindful of solid body modes/rotations was the conclusion",
                          "url": "https://github.com/idaholab/moose/discussions/21858#discussioncomment-3539872",
                          "updatedAt": "2022-09-02T20:09:55Z",
                          "publishedAt": "2022-09-02T20:09:55Z",
                          "isAnswer": false
                        }
                      },
                      {
                        "node": {
                          "author": {
                            "login": "js-jixu"
                          },
                          "bodyText": "Yeah, @hugary1995 has solved this problem.#21878 (comment)",
                          "url": "https://github.com/idaholab/moose/discussions/21858#discussioncomment-3540625",
                          "updatedAt": "2022-09-02T23:52:53Z",
                          "publishedAt": "2022-09-02T23:52:52Z",
                          "isAnswer": false
                        }
                      }
                    ]
                  }
                }
              }
            ]
          }
        }
      },
      {
        "node": {
          "title": "Checkpoints and Restarts Using Vector Variables",
          "author": {
            "login": "TLWise"
          },
          "bodyText": "I am implementing the use of restart from a known steady state solution. I have run into a problem with loading the variable velocity which in my app is defined as a vector variable. My new solution will require the use of the velocity defined as vector variable as well, since the kernels are setup to use the variable velocity. Upon using the restart method defined in a previous message listed below I find that the variable listed in the solutions .e file are for each component of velocity and not velocity itself.\nHow do I formulate my argument to read in the velocity components without having to redefine them in the kernels that now currently use the velocity vector function? I appear to be stuck in a do-loop for doing a restart.\n\"you may use either the checkpoint or exodus restart systems to achieve this.\nThe checkpoint system requires you to keep the exact same variables between both simulations. The exodus one is a little more lenient but you ll have to be careful to restart everything you need\nhttps://mooseframework.inl.gov/application_usage/restart_recover.html\"",
          "url": "https://github.com/idaholab/moose/discussions/21998",
          "updatedAt": "2022-09-29T16:28:40Z",
          "publishedAt": "2022-09-02T18:39:37Z",
          "category": {
            "name": "Q&A General"
          },
          "comments": {
            "edges": [
              {
                "node": {
                  "author": {
                    "login": "GiudGiud"
                  },
                  "bodyText": "Checkpoint would be more appropriate for a vector variable. I havent done restart with vector variables.\nYou could probably make the exodus restart work going through these two objects\nhttps://mooseframework.inl.gov/source/ics/VectorFunctionIC.html\nhttps://mooseframework.inl.gov/source/functions/SolutionFunction.html\nbut I've never done it either",
                  "url": "https://github.com/idaholab/moose/discussions/21998#discussioncomment-3539726",
                  "updatedAt": "2022-09-02T19:44:19Z",
                  "publishedAt": "2022-09-02T19:44:19Z",
                  "isAnswer": true,
                  "replies": {
                    "edges": [
                      {
                        "node": {
                          "author": {
                            "login": "TLWise"
                          },
                          "bodyText": "Since the pressure drop establishes the velocity, maybe an initial solution for pressure distribution will provide a good start point for the velocity determination? I'm just trying to reduce the number of iterations needed to get to an initial transient solution from the established steady state solution.",
                          "url": "https://github.com/idaholab/moose/discussions/21998#discussioncomment-3539819",
                          "updatedAt": "2022-09-02T19:58:58Z",
                          "publishedAt": "2022-09-02T19:58:57Z",
                          "isAnswer": false
                        }
                      },
                      {
                        "node": {
                          "author": {
                            "login": "GiudGiud"
                          },
                          "bodyText": "Typically you ll want to initialize both velocity and pressure when you can.\nIf you are running into issues with that, you can ramp up the boundary conditions or ramp down the viscsity over a few seconds of the transient to initialize",
                          "url": "https://github.com/idaholab/moose/discussions/21998#discussioncomment-3539855",
                          "updatedAt": "2022-09-02T20:07:06Z",
                          "publishedAt": "2022-09-02T20:07:06Z",
                          "isAnswer": false
                        }
                      }
                    ]
                  }
                }
              }
            ]
          }
        }
      },
      {
        "node": {
          "title": "Error when running in debug mode DGKernel",
          "author": {
            "login": "ambehnam"
          },
          "bodyText": "Hi everyone,\nI have an input file of a 2 dimensional model including TotalLagrangianStressDivergence kernel and my DGkernel. When I run it in dubug mode, I get the following error:\nAssertion `_current_subdomain_id == _current_elem->subdomain_id()' failed\ncurrent subdomain has been set incorrectly\nat /home/abehnam/Repositories/moose6/framework/src/base/Assembly.C, line 1969 \n\nBut, when I run it in opt mode, the analysis converges quickly. I was wondering what may cause this error in debug mode?\nIt is noticeable that, in my DGKernel, I pass \"const Assembly&  _assembly\" as input argument to a utility class that computes some penalty tensors. However, even in the cases where that part of the code is not executed, I get the same error in debug mode.\nThanks a lot,\nAmir\nThe input file is pasted below:\n[Mesh]\n  [./gen]\n    type = GeneratedMeshGenerator\n    dim = 2\n    nx = 2\n    xmax = 2\n    ny = 1\n    ymax = 1\n    elem_type = QUAD4\n  [../]\n  [gen_mod]\n    type = MoveNodeGenerator\n    input = gen\n    node_id = '2'\n    new_position = '1.05 1 0'\n  []\n[]\n\n[GlobalParams]\n  displacements = 'disp_x disp_y'\n  large_kinematics = false\n[]\n\n[Variables]\n  [disp_x]\n  []\n  [disp_y]\n  []\n[]\n\n[Modules]\n  [TensorMechanics]\n    [Master]\n      [all]\n        strain = FINITE\n        new_system = true\n        add_variables = true\n        formulation = TOTAL\n        volumetric_locking_correction = false\n        generate_output = 'cauchy_stress_xx cauchy_stress_yy cauchy_stress_xy '\n                          'mechanical_strain_xx mechanical_strain_yy mechanical_strain_xy'                 \n      []\n    []\n  []\n[] \n\n[DGKernels]\n  [./vmns_x]\n    type = VMNSDGKernelSimple\n    variable = disp_x\n    component = 0\n    nis_flag = -1\n    trac_type = 'simple'\n  [../]\n  [./vmns_y]\n    type = VMNSDGKernelSimple\n    variable = disp_y\n    component = 1\n    nis_flag = -1\n    trac_type = 'simple'\n  [../]\n[]\n\n[Materials]\n  [elastic_tensor]\n    type = ComputeIsotropicElasticityTensor\n    youngs_modulus = 190000.0\n    poissons_ratio = 0.3\n  []\n  [compute_stress]\n    type = ComputeLagrangianLinearElasticStress\n  []\n[]\n\n[BCs]\n  [left]\n    type = DirichletBC\n    preset = true\n    variable = disp_x\n    boundary = left\n    value = 0.0\n  []\n  [bottom]\n    type = DirichletBC\n    preset = true\n    variable = disp_y\n    boundary = bottom\n    value = 0.0\n  []\n  [right]\n    type = DirichletBC\n    preset = true\n    variable = disp_x\n    boundary = right\n    value = 0.1\n  []\n[]\n\n[Executioner]\n  type = Steady\n  petsc_options_iname = '-pc_type -pc_factor_mat_solver_package'\n  petsc_options_value = 'lu superlu_dist'\n  solve_type = NEWTON\n[]\n\n[Outputs]\n  exodus = true\n[]",
          "url": "https://github.com/idaholab/moose/discussions/21897",
          "updatedAt": "2022-09-29T16:28:53Z",
          "publishedAt": "2022-08-19T13:11:37Z",
          "category": {
            "name": "Q&A General"
          },
          "comments": {
            "edges": [
              {
                "node": {
                  "author": {
                    "login": "GiudGiud"
                  },
                  "bodyText": "Hello\nPassing _assembly to a utility does seem a little too deep into the APIs. What attributes are you needing from this?\nGuillaume",
                  "url": "https://github.com/idaholab/moose/discussions/21897#discussioncomment-3432216",
                  "updatedAt": "2022-08-19T14:55:08Z",
                  "publishedAt": "2022-08-19T14:55:07Z",
                  "isAnswer": true,
                  "replies": {
                    "edges": [
                      {
                        "node": {
                          "author": {
                            "login": "ambehnam"
                          },
                          "bodyText": "Hi Guillaume. The attributes I need are as follows:\n_current_elem(_assembly.elem()),\n_neighbor_elem(_assembly.neighbor()),\n_current_side(_assembly.side()),\n_neighbor_side(_assembly.neighborSide())\nPreviously I was using InterfaceMaterial and InterfaceKernel and these attributes were available in InterfaceMaterial. In DGKernel, the first 3 are available in  DGKernelBase, but the last one is not available. So I  used _assembly as input to access all of them.\nThanks,\nAmir",
                          "url": "https://github.com/idaholab/moose/discussions/21897#discussioncomment-3432854",
                          "updatedAt": "2022-08-19T16:06:00Z",
                          "publishedAt": "2022-08-19T16:05:59Z",
                          "isAnswer": false
                        }
                      },
                      {
                        "node": {
                          "author": {
                            "login": "GiudGiud"
                          },
                          "bodyText": "I dont understand how you can hit this assert when there is no other block ID on the domain.\nCan you add a print statement to see what the two values are?",
                          "url": "https://github.com/idaholab/moose/discussions/21897#discussioncomment-3539828",
                          "updatedAt": "2022-09-02T20:01:03Z",
                          "publishedAt": "2022-09-02T20:01:02Z",
                          "isAnswer": false
                        }
                      }
                    ]
                  }
                }
              }
            ]
          }
        }
      },
      {
        "node": {
          "title": "Implementing temperature dependent properties with ComputeThermalExpansionEigenstrain",
          "author": {
            "login": "mstapelberg"
          },
          "bodyText": "Hello!\nI am new to MOOSE and writing a thermal stress solver and noticed that the ComputeThermalExpansionEigenstrain function seems to only support material properties supplied as a double. This is according to the documentation : https://mooseframework.inl.gov/source/materials/ComputeThermalExpansionEigenstrain.html\nIs there any way without writing a custom kernel to incorporate temperature dependent material properties for this? I couldn't find an example on the website or in the github repo that implements temperature dependent material properties with ComputeThermalExpansionEigenstrain.\nI am defining material properties in the following way:\n#Tungsten material property from Every et. al                                                                                                                                                                         \n[tungsten_cte]                                                                                                                                                                                                        \n    type = ADPiecewiseLinearInterpolationMaterial                                                                                                                                                                       \n    x = '302.6132 604.5381 1006.5577 1409.3495 1813.4927 2212.3270 2617.8215 3025.5359 3440.6828'                                                                                                                       \n    y = '4.4792e-06 4.7614e-06 5.0436e-06 5.4587e-06 6.1062e-06 6.8532e-06 7.7332e-06 8.9949e-06 11.5351e-06'                                                                                                           \n    property = tungsten_cte                                                                                                                                                                                             \n    variable = T                                                                                                                                                                                                        \n    block = 1                                                                                                                                                                                                           \n[]             \n\nAnd then trying to use them to compute the thermal expansion eigenstrain like so:\n[tungsten_cte_eigenstrain]                                                                                                                                                                                            \n    type = ADComputeThermalExpansionEigenstrain                                                                                                                                                                         \n    temperature = T                                                                                                                                                                                                     \n    thermal_expansion_coeff = tungsten_cte                                                                                                                                                                              \n    stress_free_temperature = 773.15                                                                                                                                                                                    \n    eigenstrain_name = thermal_expansion                                                                                                                                                                                \n    block = 1                                                                                                                                                                                                           \n[]                    \n\nThe current error message I get is the following:\n*** Info ***\nTensorMechanics Action: selecting 'incremental finite strain' formulation.\n\n\n*** ERROR ***\n/home/myless/projects/qt_therm_stress/runfiles/oleg_edits/temp_three_block.i:192: invalid float syntax for parameter: Materials/tungsten_cte_eigenstrain/thermal_expansion_coeff=tungsten_cte\n/home/myless/projects/qt_therm_stress/runfiles/oleg_edits/temp_three_block.i:200: invalid float syntax for parameter: Materials/tungsten_thermal/specific_heat=tungsten_specific_heat\n/home/myless/projects/qt_therm_stress/runfiles/oleg_edits/temp_three_block.i:199: invalid float syntax for parameter: Materials/tungsten_thermal/thermal_conductivity=tungsten_thermal_conductivity\n/home/myless/projects/qt_therm_stress/runfiles/oleg_edits/temp_three_block.i:276: invalid float syntax for parameter: Materials/vanadium_cte_eigenstrain/thermal_expansion_coeff=vanadium_cte\n/home/myless/projects/qt_therm_stress/runfiles/oleg_edits/temp_three_block.i:284: invalid float syntax for parameter: Materials/vanadium_thermal/specific_heat=vanadium_specific_heat\n/home/myless/projects/qt_therm_stress/runfiles/oleg_edits/temp_three_block.i:283: invalid float syntax for parameter: Materials/vanadium_thermal/thermal_conductivity=vanadium_thermal_conductivity\n\n\nStack frames: 10\n0: libMesh::print_trace(std::ostream&)\n1: moose::internal::mooseErrorRaw(std::__cxx11::basic_string<char, std::char_traits<char>, std::allocator<char> >, std::__cxx11::basic_string<char, std::char_traits<char>, std::allocator<char> >)\n2: void mooseError<std::__cxx11::basic_string<char, std::char_traits<char>, std::allocator<char> >&>(std::__cxx11::basic_string<char, std::char_traits<char>, std::allocator<char> >&)\n3: Parser::parse(std::vector<std::__cxx11::basic_string<char, std::char_traits<char>, std::allocator<char> >, std::allocator<std::__cxx11::basic_string<char, std::char_traits<char>, std::allocator<char> > > > const&)\n4: MooseApp::setupOptions()\n5: MooseApp::run()\n6: main\n7: /lib/x86_64-linux-gnu/libc.so.6(+0x29d90) [0x7f96287e7d90]\n8: __libc_start_main\n9: ../../qt_therm_stress-opt(+0x33ef) [0x5574577dc3ef]\napplication called MPI_Abort(MPI_COMM_WORLD, 1) - process 0\n[unset]: write_line error; fd=-1 buf=:cmd=abort exitcode=1\n\n\nMoose was also updated on 2022/08/04.\nThanks,\nMyles\nCan upload complete input file if needed.",
          "url": "https://github.com/idaholab/moose/discussions/21785",
          "updatedAt": "2022-09-02T20:05:25Z",
          "publishedAt": "2022-08-05T14:07:53Z",
          "category": {
            "name": "Q&A Modules: Solid mechanics"
          },
          "comments": {
            "edges": [
              {
                "node": {
                  "author": {
                    "login": "GiudGiud"
                  },
                  "bodyText": "@recuero @dschwen",
                  "url": "https://github.com/idaholab/moose/discussions/21785#discussioncomment-3348185",
                  "updatedAt": "2022-08-08T10:12:14Z",
                  "publishedAt": "2022-08-08T10:12:13Z",
                  "isAnswer": false,
                  "replies": {
                    "edges": []
                  }
                }
              },
              {
                "node": {
                  "author": {
                    "login": "dschwen"
                  },
                  "bodyText": "You can compute all of those using ParsedMaterial and ComputeVariableDependentEigenstrain. That would give you the most flexibility for your formulation.",
                  "url": "https://github.com/idaholab/moose/discussions/21785#discussioncomment-3539776",
                  "updatedAt": "2022-09-02T19:51:59Z",
                  "publishedAt": "2022-09-02T19:51:58Z",
                  "isAnswer": true,
                  "replies": {
                    "edges": []
                  }
                }
              }
            ]
          }
        }
      },
      {
        "node": {
          "title": "How to calculate the uncertainty of the total energy calculated by MOOSE?",
          "author": {
            "login": "abc-hy"
          },
          "bodyText": "Hi everyone,\nHow can I calculate the uncertainty of the total energy calculated by MOOSE?\nIn my MOOSE input files, I used the following commands to calculate the total energy.\n\nIs there a function in MOOSE that can automatically calculate the uncertainty of the total energy?\nThank you.\nBest,",
          "url": "https://github.com/idaholab/moose/discussions/21814",
          "updatedAt": "2022-09-29T16:29:43Z",
          "publishedAt": "2022-08-10T00:14:35Z",
          "category": {
            "name": "Q&A Modules: Phase field"
          },
          "comments": {
            "edges": [
              {
                "node": {
                  "author": {
                    "login": "GiudGiud"
                  },
                  "bodyText": "Hello\nYou can do parametric studies on your uncertain parameters then examine the free energy using the stochastic module\nGuillaume",
                  "url": "https://github.com/idaholab/moose/discussions/21814#discussioncomment-3539743",
                  "updatedAt": "2022-09-02T19:47:19Z",
                  "publishedAt": "2022-09-02T19:47:18Z",
                  "isAnswer": true,
                  "replies": {
                    "edges": []
                  }
                }
              }
            ]
          }
        }
      },
      {
        "node": {
          "title": "An error occurred during software installation",
          "author": {
            "login": "zhangyu3230"
          },
          "bodyText": "(moose) zhangyu@AZY:/mnt/c/For_MOOSE/projects/moose/test$ make -j 4.3\nCommand 'make' not found, but can be installed with:\nsudo apt install make        # version 4.3-4.1build1, or\nsudo apt install make-guile  # version 4.3-4.1build1\n(moose) zhangyu@AZY:/mnt/c/For_MOOSE/projects/moose/test$",
          "url": "https://github.com/idaholab/moose/discussions/21997",
          "updatedAt": "2022-09-29T16:32:24Z",
          "publishedAt": "2022-09-02T03:47:55Z",
          "category": {
            "name": "Q&A Getting Started"
          },
          "comments": {
            "edges": [
              {
                "node": {
                  "author": {
                    "login": "loganharbour"
                  },
                  "bodyText": "What's the result of running conda list? Paste text only, please. Do not include screenshots.",
                  "url": "https://github.com/idaholab/moose/discussions/21997#discussioncomment-3536193",
                  "updatedAt": "2022-09-02T12:41:08Z",
                  "publishedAt": "2022-09-02T12:41:08Z",
                  "isAnswer": true,
                  "replies": {
                    "edges": []
                  }
                }
              }
            ]
          }
        }
      }
    ]
  }
}