{
  "discussions": {
    "pageInfo": {
      "hasNextPage": true,
      "endCursor": "Y3Vyc29yOnYyOpK5MjAyNC0wOS0wMlQwNjo1NzozMy0wNTowMM4AbLFk"
    },
    "edges": [
      {
        "node": {
          "title": "Full response function with part of a side on a free BC",
          "author": {
            "login": "AdrienWehrle"
          },
          "bodyText": "Hi!\nI'm working on the full response function of a block of ice where I'd like to keep part of one side free while the rest of that side is on a null Dirichlet BC. I've been generating a mesh on the fly, and then using SubdomainBoundingBoxGenerator to target the specific area I'm interested in and further SideSetsAroundSubdomainGenerator to apply a BC to this zone. It works just fine when I apply a non-null Dirichlet BC on that small zone, but as soon as I was to keep it free with the rest of the side on a null Dirichlet, it's keeping it to a null Dirichlet too instead of letting it move. Do you know how I could prevent the decoupling_bottom boundary to be set to 0 instead of staying free? I've been searching the discussions and the doc but couldn't find a fix.\nThe input file can be found here\nThank you a lot in advance for your help! :)",
          "url": "https://github.com/idaholab/moose/discussions/28398",
          "updatedAt": "2024-09-05T18:15:24Z",
          "publishedAt": "2024-08-16T17:15:09Z",
          "category": {
            "name": "Q&A General"
          },
          "comments": {
            "edges": [
              {
                "node": {
                  "author": {
                    "login": "GiudGiud"
                  },
                  "bodyText": "Hello\nLooks like the displacement BCs are being controlled by this function\n  [bed_coupling_function]\n    type = ParsedFunction\n    expression = '${bed_coupled} = 0'\n  []\n[]\n\nin this Control\n  [bed_not_coupled]\n    type = ConditionalFunctionEnableControl\n    conditional_function = bed_coupling_function\n    disable_objects = 'BCs::dirichlet_decoupling_bottom_x BCs::dirichlet_decoupling_bottom_y BCs::dirichlet_decoupling_bottom_z'\n    execute_on = 'INITIAL TIMESTEP_BEGIN'\n  []\n[]\n\nthis function is always '0 = 0' which I m not sure is even a valid function.\nMaybe try to have\nexpression = 'if(${bed_coupled}>-1e-6, 1, 0)'\nso we dont need to wonder about the parsing rounding",
                  "url": "https://github.com/idaholab/moose/discussions/28398#discussioncomment-10549362",
                  "updatedAt": "2024-09-04T18:10:07Z",
                  "publishedAt": "2024-09-04T18:10:03Z",
                  "isAnswer": false,
                  "replies": {
                    "edges": [
                      {
                        "node": {
                          "author": {
                            "login": "AdrienWehrle"
                          },
                          "bodyText": "That's only because bed_coupled is a boolean given at the top of the input file, to be able to turn it on and off on a simulation basis. Then part of the bed is coupled or not during the whole simulation. And it's not function of any variable, and is modified by the user here.\nSo that if bed_coupled is False then the three dirchlet_decoupling_bottom BCs (x, y, z) are being disabled.",
                          "url": "https://github.com/idaholab/moose/discussions/28398#discussioncomment-10549913",
                          "updatedAt": "2024-09-04T19:07:17Z",
                          "publishedAt": "2024-09-04T19:07:16Z",
                          "isAnswer": false
                        }
                      },
                      {
                        "node": {
                          "author": {
                            "login": "GiudGiud"
                          },
                          "bodyText": "So that if bed_coupled is False then the three dirchlet_decoupling_bottom BCs (x, y, z) are being disabled.\n\nand this part does not work currently right? They still seem to be set?\nif you comment out the BC, is the displacement still blocked to 0?",
                          "url": "https://github.com/idaholab/moose/discussions/28398#discussioncomment-10550115",
                          "updatedAt": "2024-09-04T19:32:45Z",
                          "publishedAt": "2024-09-04T19:32:45Z",
                          "isAnswer": false
                        }
                      }
                    ]
                  }
                }
              },
              {
                "node": {
                  "author": {
                    "login": "AdrienWehrle"
                  },
                  "bodyText": "and this part does not work currently right? They still seem to be set?\n\nyes, somehow as if the new boundary created with 'decoupling_bottomand the explicitreplace=true` is actually not truly replacing it... If I set a non-null BC on this boundary, it takes over the null one, but if I just want to keep it free, it's stuck on the null BC set around it...\n\nif you comment out the BC, is the displacement still blocked to 0?\n\nexactly, as if the boundary decoupling_bottom was added on top of the bottom that's on the entire face, but not actually replacing it.",
                  "url": "https://github.com/idaholab/moose/discussions/28398#discussioncomment-10556995",
                  "updatedAt": "2024-09-05T12:10:11Z",
                  "publishedAt": "2024-09-05T12:10:10Z",
                  "isAnswer": false,
                  "replies": {
                    "edges": [
                      {
                        "node": {
                          "author": {
                            "login": "GiudGiud"
                          },
                          "bodyText": "Sidesets don't replace other sidesets that pre exist.\nEdit you did set replace=true.\nWhat does paraview show? It shows the sidesets\nYou can use a ParsedGenerateSideset to cut one sideset out from another",
                          "url": "https://github.com/idaholab/moose/discussions/28398#discussioncomment-10557133",
                          "updatedAt": "2024-09-05T12:24:03Z",
                          "publishedAt": "2024-09-05T12:23:06Z",
                          "isAnswer": false
                        }
                      },
                      {
                        "node": {
                          "author": {
                            "login": "AdrienWehrle"
                          },
                          "bodyText": "This is decoupling_botom:\n\nAnd this is bottom:\n\nSo it definitely looks like it's not being replaced..\nMaybe the issue comes from the nodesets? This feels odd:\n\nNode sets are being created on the decoupling_bottom side but they're called nodelist_6. I'm wondering if that has anything to do with my issue...",
                          "url": "https://github.com/idaholab/moose/discussions/28398#discussioncomment-10557196",
                          "updatedAt": "2024-09-05T12:28:51Z",
                          "publishedAt": "2024-09-05T12:28:50Z",
                          "isAnswer": false
                        }
                      },
                      {
                        "node": {
                          "author": {
                            "login": "GiudGiud"
                          },
                          "bodyText": "Nodesets do get converted back to sidesets by default\nAnd some BCs like displacements are applied on nodesets not sidesets\nSo yes it is likely tied to nodesets",
                          "url": "https://github.com/idaholab/moose/discussions/28398#discussioncomment-10557700",
                          "updatedAt": "2024-09-05T13:17:28Z",
                          "publishedAt": "2024-09-05T13:17:27Z",
                          "isAnswer": false
                        }
                      },
                      {
                        "node": {
                          "author": {
                            "login": "AdrienWehrle"
                          },
                          "bodyText": "But so the decoupling_bottom sideset should be tied to nodelist_6.. And that's the case since when I set a non-null BC then it works fine. Do you mean that when no displacement BC is set on decoupling_bottom then the nodeset associated to this boundary (nodelist_6) is being removed for the bottom nodeset to take over?",
                          "url": "https://github.com/idaholab/moose/discussions/28398#discussioncomment-10557764",
                          "updatedAt": "2024-09-05T13:23:09Z",
                          "publishedAt": "2024-09-05T13:23:08Z",
                          "isAnswer": false
                        }
                      }
                    ]
                  }
                }
              },
              {
                "node": {
                  "author": {
                    "login": "AdrienWehrle"
                  },
                  "bodyText": "You can use a ParsedGenerateSideset to cut one sideset out from another\n\nOk I'll try that. I decided not to initially since this involves hard coding geometry dimensions rather than calling a boundary. It would work here with a flat bed but would get much harder to use on a more complex geometry...",
                  "url": "https://github.com/idaholab/moose/discussions/28398#discussioncomment-10557218",
                  "updatedAt": "2024-09-05T12:31:25Z",
                  "publishedAt": "2024-09-05T12:31:25Z",
                  "isAnswer": false,
                  "replies": {
                    "edges": [
                      {
                        "node": {
                          "author": {
                            "login": "AdrienWehrle"
                          },
                          "bodyText": "Indeed when I look at nodesets only, the decoupling area still has the bottom nodeset:\n\nwhile having the nodelist_6 too:\n\nSo I guess there's some nodeset priority happening in the background, where the bottom nodeset takes over when the decoupling nodeset is left free.\nI'll try and find a way to get the replacement to really work, both on sidesets and nodesets.",
                          "url": "https://github.com/idaholab/moose/discussions/28398#discussioncomment-10557815",
                          "updatedAt": "2024-09-05T13:26:21Z",
                          "publishedAt": "2024-09-05T13:26:20Z",
                          "isAnswer": false
                        }
                      }
                    ]
                  }
                }
              },
              {
                "node": {
                  "author": {
                    "login": "AdrienWehrle"
                  },
                  "bodyText": "I face the same problem of non-free BC with ParsedGenerateSideset..",
                  "url": "https://github.com/idaholab/moose/discussions/28398#discussioncomment-10558112",
                  "updatedAt": "2024-09-05T13:52:06Z",
                  "publishedAt": "2024-09-05T13:52:05Z",
                  "isAnswer": false,
                  "replies": {
                    "edges": []
                  }
                }
              },
              {
                "node": {
                  "author": {
                    "login": "AdrienWehrle"
                  },
                  "bodyText": "After some more testing it really feels like replace = true of SideSetsAroundSubdomainGenerator doesn't actually replace the sideset (nor the nodeset)\nEDIT: it feels like it was the mesh refinement that prevented the sideset to be removed. If I remove the mesh refinement then sideset get replaced, but still not nodesets...\nI was looking for a replace in NodeSetsFromSideSetsGenerator but doesn't seem like the way to go.",
                  "url": "https://github.com/idaholab/moose/discussions/28398#discussioncomment-10558353",
                  "updatedAt": "2024-09-05T14:27:28Z",
                  "publishedAt": "2024-09-05T14:12:18Z",
                  "isAnswer": false,
                  "replies": {
                    "edges": [
                      {
                        "node": {
                          "author": {
                            "login": "GiudGiud"
                          },
                          "bodyText": "even if it does not work, I think there is a way forward:\n\ncreate the limited sideset decoupling_bottom\ndelete bottom using a BoundaryDeletionGenerator\nre-add bottom using a ParsedGenerateSideset, using the ParseExpression to exclude decoupling_bottom\n\nI think we need in ParsedGenerateSideset an \"exclude_boundaries\" parameter. I can work on this soon. This will make creating bottom while excluding decoupling_bottom easier",
                          "url": "https://github.com/idaholab/moose/discussions/28398#discussioncomment-10559121",
                          "updatedAt": "2024-09-05T15:16:02Z",
                          "publishedAt": "2024-09-05T15:15:56Z",
                          "isAnswer": false
                        }
                      },
                      {
                        "node": {
                          "author": {
                            "login": "GiudGiud"
                          },
                          "bodyText": "you can try new option for excluding a boundary from consideration when making a new boundary here\n#28550",
                          "url": "https://github.com/idaholab/moose/discussions/28398#discussioncomment-10560958",
                          "updatedAt": "2024-09-05T18:15:25Z",
                          "publishedAt": "2024-09-05T18:15:24Z",
                          "isAnswer": false
                        }
                      }
                    ]
                  }
                }
              }
            ]
          }
        }
      },
      {
        "node": {
          "title": "Making changes in degradation function:",
          "author": {
            "login": "Aayush-T"
          },
          "bodyText": "So, I am working on a crystal plasticity phase field problem. I based my code on input file: combined/test/tests/phase_field_fracture/crack2d_aniso.i\nHere, and in many other files, a very simple degradation function was defined as:\n[./degradation]\n    type = DerivativeParsedMaterial\n    property_name = degradation\n    coupled_variables = 'c'\n    expression = '(1.0-c)^2*(1.0 - eta) + eta'\n    constant_names       = 'eta'\n    constant_expressions = '1.0e-6'\n    derivative_order = 2\n  [../]\n\nI wanted to modify it as:\n[./degradation]\n    type = DerivativeParsedMaterial\n    f_name = degradation\n    args = 'c effective_plastic_strain'\n    function = '(1.0-c)^(2*effective_plastic_strain/critical_effective_plastic_strain)*(1.0 - eta) + eta'\n    constant_names       = 'eta critical_effective_plastic_strain'\n    constant_expressions = '1.0e-3 1.0e-2'\n    derivative_order = 2\n  [../]\n\nFor that, I defined the \"effective_plastic_strain\" in my .C UOBasedCP file and for crystal plasticity setup, it works perfectly\n_effective_plastic_strain(declareProperty<Real>(\"effective_plastic_strain\")),\n_effective_plastic_strain_old(\n        getMaterialPropertyOld<Real>(\"effective_plastic_strain\"))\n\nand also can take it as output:\n[./effective_plastic_strain]\n    order = CONSTANT\n    family = MONOMIAL\n  [../]\n[./effective_plastic_strain]\n    type = MaterialRealAux\n    variable = effective_plastic_strain\n    property = effective_plastic_strain\n    execute_on = timestep_end\n  [../]\n\nSo, with these modifications, I tried to run my phase field code. I just wanted to confirm if this approach is correct?\nThe other approach I could think of was that I calculate the dDdc and d2Dd2c inside the .C files, but that will be too hectic, and there are no implementations like that that could be found.\nI could not find much about the coupled variables that were implemented that way I did, even when looking in different .i files.",
          "url": "https://github.com/idaholab/moose/discussions/28546",
          "updatedAt": "2024-09-05T16:49:15Z",
          "publishedAt": "2024-09-05T09:40:28Z",
          "category": {
            "name": "Q&A Modules: Phase field"
          },
          "comments": {
            "edges": [
              {
                "node": {
                  "author": {
                    "login": "GiudGiud"
                  },
                  "bodyText": "Hello\nLooks fine to me. @dschwen any thoughts on this phase field problem?\n\nI wanted to modify it as:\n\nlooks fine but the second one uses deprecated parameter names.\nFunction should be expression\nf_name should be property_name. and so on\nhttps://mooseframework.inl.gov/source/materials/DerivativeParsedMaterial.html",
                  "url": "https://github.com/idaholab/moose/discussions/28546#discussioncomment-10560217",
                  "updatedAt": "2024-09-05T16:49:16Z",
                  "publishedAt": "2024-09-05T16:49:15Z",
                  "isAnswer": false,
                  "replies": {
                    "edges": []
                  }
                }
              }
            ]
          }
        }
      },
      {
        "node": {
          "title": "If condition inside another if condition",
          "author": {
            "login": "fervaldies"
          },
          "bodyText": "Check these boxes if you have followed the posting rules.\n\n Q&A General is the most appropriate section for my question\n I have consulted the posting Guidelines on the Discussions front page\n I have searched the Discussions forum and my question has not been asked before\n I have searched the MOOSE website and the documentation does not answer my question\n I have formatted my post following the posting guidelines (screenshots as a last resort, triple back quotes around pasted text)\n\nQuestion\nHello, I would like to know why this expression is not working. I would like the function to be 50, 100, 150, 200 and 300, for the different timings of 1, 2, 3, 4 and more, respectively.\n[./path_x]\ntype = ParsedFunction\nexpression = 'if(t<1,50,if(t<2,100,if(t<3,150,if(t<4,200,300))))'\n[../]",
          "url": "https://github.com/idaholab/moose/discussions/28542",
          "updatedAt": "2024-09-05T03:24:08Z",
          "publishedAt": "2024-09-05T02:39:28Z",
          "category": {
            "name": "Q&A General"
          },
          "comments": {
            "edges": [
              {
                "node": {
                  "author": {
                    "login": "GiudGiud"
                  },
                  "bodyText": "Hello\nAre you checking at t=1 exactly? Since you used < it would have jumped already to the next value\nExpression looks correct to me",
                  "url": "https://github.com/idaholab/moose/discussions/28542#discussioncomment-10552532",
                  "updatedAt": "2024-09-05T03:18:41Z",
                  "publishedAt": "2024-09-05T03:18:40Z",
                  "isAnswer": false,
                  "replies": {
                    "edges": [
                      {
                        "node": {
                          "author": {
                            "login": "fervaldies"
                          },
                          "bodyText": "Hello, my apologies, it is correct and it is working, my error was in \"path_z\" and that is why I could not see the behaviour that I wanted. Thanks! :)",
                          "url": "https://github.com/idaholab/moose/discussions/28542#discussioncomment-10552556",
                          "updatedAt": "2024-09-05T03:24:03Z",
                          "publishedAt": "2024-09-05T03:24:02Z",
                          "isAnswer": true
                        }
                      }
                    ]
                  }
                }
              }
            ]
          }
        }
      },
      {
        "node": {
          "title": "Material Property not defined on block zero error",
          "author": {
            "login": "Emmanuel-324"
          },
          "bodyText": "Usually when I get errors like this finding the appropriate source code and adding \" _base_name + \" to that material property in the constructor solves it. But in this case, I cannot find the right constructor.\nMaterial property 'misfit', requested by 'eigen_strain_phase0' is not defined on block 0\n\nBelow is also a snippet of my code\n[Materials]\n   [elasticity_tensor_phase0]\n     type = ComputeElasticityTensorCP\n     C_ijkl = '2.85e5 1.512e5 1.512e5 2.85e5 1.512e5 2.85e5 1.074e5 1.074e5 1.074e5'\n     fill_method = symmetric9\n     euler_angle_1 = 60.0\n     euler_angle_2 = 55.0\n     euler_angle_3 = 45.0\n     base_name = phase0\n   []\n   [stress_phase0]\n     type = ComputeMultipleCrystalPlasticityStress\n     crystal_plasticity_models = 'trial_xtalpl_phase0'\n     tan_mod_type = exact\n     base_name = phase0\n   []\n   [trial_xtalpl_phase0]\n     type = CrystalPlasticityKalidindiUpdate\n     number_slip_systems = 12\n     slip_sys_file_name = input_slip_sys.txt\n     crystal_lattice_type = FCC\n     r = 1.0             \n     h = 6000            \n     t_sat = 598.5        \n     gss_a = 1.5         \n     ao = 0.001           \n     xm = 0.017             \n     gss_initial = 600 \n     base_name = phase0\n   []\n   [./strain_phase0]\n     type = ComputeFiniteStrain\n     displacements = 'disp_x disp_y'\n     base_name = phase0\n     eigenstrain_names = 'eigenstrain_phase0'\n   [../]\n   \n  [./eigen_strain_phase0]\n    type = ComputeEigenstrain\n    base_name = phase0\n    eigen_base = '1 0 0 0 0 0'\n    prefactor = misfit\n    eigenstrain_name = 'eigenstrain_phase0'\n  [../]\n \n   [elasticity_tensor_phase1]\n     type = ComputeElasticityTensorCP\n     C_ijkl = '2.721e5 1.69e5 1.69e5 2.721e5 1.69e5 2.721e5 1.31e5 1.31e5 1.31e5'\n     fill_method = symmetric9\n     euler_angle_1 = 60.0\n     euler_angle_2 = 55.0\n     euler_angle_3 = 45.0\n     base_name = phase1\n   []\n   [stress_phase1]\n     type = ComputeMultipleCrystalPlasticityStress\n     crystal_plasticity_models = 'trial_xtalpl_phase1'\n     tan_mod_type = exact\n     base_name = phase1\n   []\n   [trial_xtalpl_phase1]\n     type = CrystalPlasticityKalidindiUpdate\n     number_slip_systems = 12\n     slip_sys_file_name = input_slip_sys.txt\n     crystal_lattice_type = FCC\n     r = 1.0             \n     h = 6000            \n     t_sat = 598.5        \n     gss_a = 1.5         \n     ao = 0.001           \n     xm = 0.017             \n     gss_initial = 600 \n     base_name = phase1\n   []\n   [./strain_phase1]\n     type = ComputeFiniteStrain\n     displacements = 'disp_x disp_y'\n     base_name = phase1\n   [../]\n  \n   # Switching functions for each phase\n   [./h0]\n     type = SwitchingFunctionMultiPhaseMaterial\n     phase_etas = eta0\n     all_etas = 'eta0 eta1'\n     h_name = h0\n   [../]\n   [./h1]\n     type = SwitchingFunctionMultiPhaseMaterial\n     phase_etas = eta1\n     all_etas = 'eta0 eta1'\n     h_name = h1\n   [../]\n   \n \n   # Generate the global stress from the phase stresses\n   [./global_stress]\n     type = MultiPhaseStressMaterial\n     phase_base = 'phase0 phase1'\n     h          = 'h0     h1'\n   [../]\n \n []",
          "url": "https://github.com/idaholab/moose/discussions/28474",
          "updatedAt": "2024-09-05T03:16:44Z",
          "publishedAt": "2024-08-26T21:11:51Z",
          "category": {
            "name": "Q&A Modules: Solid mechanics"
          },
          "comments": {
            "edges": [
              {
                "node": {
                  "author": {
                    "login": "GiudGiud"
                  },
                  "bodyText": "hello\nwhat is the output of Debug/show_material_props=true ?\nThis should help us locate the true name of misfit",
                  "url": "https://github.com/idaholab/moose/discussions/28474#discussioncomment-10463941",
                  "updatedAt": "2024-08-27T14:11:40Z",
                  "publishedAt": "2024-08-27T14:11:40Z",
                  "isAnswer": false,
                  "replies": {
                    "edges": [
                      {
                        "node": {
                          "author": {
                            "login": "Emmanuel-324"
                          },
                          "bodyText": "I have attached the material property below\nActive Materials:\n    Subdomain:  (0)\n      Material Name:       elasticity_tensor_phase0\n      Property Names:      \"phase0_Euler_angles\" \"phase0_crysrot\" \"phase0_effective_stiffness\" \"phase0_elasticity_tensor\" \n                             \n      Material Name:       stress_phase0\n      Property Names:      \"phase0_Jacobian_mult\" \"phase0_elastic_strain\" \"phase0_plastic_deformation_gradient\" \n                             \"phase0_rotation_total\" \"phase0_second_piola_kirchhoff_stress\" \"phase0_stress\" \n                             \"phase0_total_lagrangian_strain\" \"phase0_updated_rotation\" \n      Material Name:       trial_xtalpl_phase0\n      Property Names:      \"phase0_applied_shear_stress\" \"phase0_flow_direction\" \"phase0_slip_increment\" \n                             \"phase0_slip_resistance\" \n      Material Name:       strain_phase0\n      Property Names:      \"phase0_deformation_gradient\" \"phase0_mechanical_strain\" \"phase0_rotation_increment\" \n                             \"phase0_strain_increment\" \"phase0_strain_rate\" \"phase0_total_strain\" \n      Material Name:       eigen_strain_phase0\n      Property Names:      \"phase0_eigenstrain_phase0\" \n      Material Name:       elasticity_tensor_phase1\n      Property Names:      \"phase1_Euler_angles\" \"phase1_crysrot\" \"phase1_effective_stiffness\" \"phase1_elasticity_tensor\" \n                             \n      Material Name:       stress_phase1\n      Property Names:      \"phase1_Jacobian_mult\" \"phase1_elastic_strain\" \"phase1_plastic_deformation_gradient\" \n                             \"phase1_rotation_total\" \"phase1_second_piola_kirchhoff_stress\" \"phase1_stress\" \n                             \"phase1_total_lagrangian_strain\" \"phase1_updated_rotation\" \n      Material Name:       trial_xtalpl_phase1\n      Property Names:      \"phase1_applied_shear_stress\" \"phase1_flow_direction\" \"phase1_slip_increment\" \n                             \"phase1_slip_resistance\" \n      Material Name:       strain_phase1\n      Property Names:      \"phase1_deformation_gradient\" \"phase1_mechanical_strain\" \"phase1_rotation_increment\" \n                             \"phase1_strain_increment\" \"phase1_strain_rate\" \"phase1_total_strain\" \n      Material Name:       h0\n      Property Names:      \"d^2h0/deta0^2\" \"d^2h0/deta0deta1\" \"d^2h0/deta1^2\" \"dh0/deta0\" \"dh0/deta1\" \n                             \"h0\" \n      Material Name:       h1\n      Property Names:      \"d^2h1/deta0^2\" \"d^2h1/deta0deta1\" \"d^2h1/deta1^2\" \"dh1/deta0\" \"dh1/deta1\" \n                             \"h1\" \n      Material Name:       global_stress\n      Property Names:      \"Jacobian_mult\" \"stress\" \n\n    Active Face Materials:\n    Subdomain:  (0)\n      Material Name:       elasticity_tensor_phase0_face\n      Property Names:      \"phase0_Euler_angles\" \"phase0_crysrot\" \"phase0_effective_stiffness\" \"phase0_elasticity_tensor\" \n                             \n      Material Name:       stress_phase0_face\n      Property Names:      \"phase0_Jacobian_mult\" \"phase0_elastic_strain\" \"phase0_plastic_deformation_gradient\" \n                             \"phase0_rotation_total\" \"phase0_second_piola_kirchhoff_stress\" \"phase0_stress\" \n                             \"phase0_total_lagrangian_strain\" \"phase0_updated_rotation\" \n      Material Name:       trial_xtalpl_phase0_face\n      Property Names:      \"phase0_applied_shear_stress\" \"phase0_flow_direction\" \"phase0_slip_increment\" \n                             \"phase0_slip_resistance\" \n      Material Name:       strain_phase0_face\n      Property Names:      \"phase0_deformation_gradient\" \"phase0_mechanical_strain\" \"phase0_rotation_increment\" \n                             \"phase0_strain_increment\" \"phase0_strain_rate\" \"phase0_total_strain\" \n      Material Name:       eigen_strain_phase0_face\n      Property Names:      \"phase0_eigenstrain_phase0\" \n      Material Name:       elasticity_tensor_phase1_face\n      Property Names:      \"phase1_Euler_angles\" \"phase1_crysrot\" \"phase1_effective_stiffness\" \"phase1_elasticity_tensor\" \n                             \n      Material Name:       stress_phase1_face\n      Property Names:      \"phase1_Jacobian_mult\" \"phase1_elastic_strain\" \"phase1_plastic_deformation_gradient\" \n                             \"phase1_rotation_total\" \"phase1_second_piola_kirchhoff_stress\" \"phase1_stress\" \n                             \"phase1_total_lagrangian_strain\" \"phase1_updated_rotation\" \n      Material Name:       trial_xtalpl_phase1_face\n      Property Names:      \"phase1_applied_shear_stress\" \"phase1_flow_direction\" \"phase1_slip_increment\" \n                             \"phase1_slip_resistance\" \n      Material Name:       strain_phase1_face\n      Property Names:      \"phase1_deformation_gradient\" \"phase1_mechanical_strain\" \"phase1_rotation_increment\" \n                             \"phase1_strain_increment\" \"phase1_strain_rate\" \"phase1_total_strain\" \n      Material Name:       h0_face\n      Property Names:      \"d^2h0/deta0^2\" \"d^2h0/deta0deta1\" \"d^2h0/deta1^2\" \"dh0/deta0\" \"dh0/deta1\" \n                             \"h0\" \n      Material Name:       h1_face\n      Property Names:      \"d^2h1/deta0^2\" \"d^2h1/deta0deta1\" \"d^2h1/deta1^2\" \"dh1/deta0\" \"dh1/deta1\" \n                             \"h1\" \n      Material Name:       global_stress_face\n      Property Names:      \"Jacobian_mult\" \"stress\" \n\nActive Neighboring Materials:\n    Subdomain:  (0)\n      Material Name:       elasticity_tensor_phase0_neighbor\n      Property Names:      \"phase0_Euler_angles\" \"phase0_crysrot\" \"phase0_effective_stiffness\" \"phase0_elasticity_tensor\" \n                             \n      Material Name:       stress_phase0_neighbor\n      Property Names:      \"phase0_Jacobian_mult\" \"phase0_elastic_strain\" \"phase0_plastic_deformation_gradient\" \n                             \"phase0_rotation_total\" \"phase0_second_piola_kirchhoff_stress\" \"phase0_stress\" \n                             \"phase0_total_lagrangian_strain\" \"phase0_updated_rotation\" \n      Material Name:       trial_xtalpl_phase0_neighbor\n      Property Names:      \"phase0_applied_shear_stress\" \"phase0_flow_direction\" \"phase0_slip_increment\" \n                             \"phase0_slip_resistance\" \n      Material Name:       strain_phase0_neighbor\n      Property Names:      \"phase0_deformation_gradient\" \"phase0_mechanical_strain\" \"phase0_rotation_increment\" \n                             \"phase0_strain_increment\" \"phase0_strain_rate\" \"phase0_total_strain\" \n      Material Name:       eigen_strain_phase0_neighbor\n      Property Names:      \"phase0_eigenstrain_phase0\" \n      Material Name:       elasticity_tensor_phase1_neighbor\n      Property Names:      \"phase1_Euler_angles\" \"phase1_crysrot\" \"phase1_effective_stiffness\" \"phase1_elasticity_tensor\" \n                             \n      Material Name:       stress_phase1_neighbor\n      Property Names:      \"phase1_Jacobian_mult\" \"phase1_elastic_strain\" \"phase1_plastic_deformation_gradient\" \n                             \"phase1_rotation_total\" \"phase1_second_piola_kirchhoff_stress\" \"phase1_stress\" \n                             \"phase1_total_lagrangian_strain\" \"phase1_updated_rotation\" \n      Material Name:       trial_xtalpl_phase1_neighbor\n      Property Names:      \"phase1_applied_shear_stress\" \"phase1_flow_direction\" \"phase1_slip_increment\" \n                             \"phase1_slip_resistance\" \n      Material Name:       strain_phase1_neighbor\n      Property Names:      \"phase1_deformation_gradient\" \"phase1_mechanical_strain\" \"phase1_rotation_increment\" \n                             \"phase1_strain_increment\" \"phase1_strain_rate\" \"phase1_total_strain\" \n      Material Name:       h0_neighbor\n      Property Names:      \"d^2h0/deta0^2\" \"d^2h0/deta0deta1\" \"d^2h0/deta1^2\" \"dh0/deta0\" \"dh0/deta1\" \n                             \"h0\" \n      Material Name:       h1_neighbor\n      Property Names:      \"d^2h1/deta0^2\" \"d^2h1/deta0deta1\" \"d^2h1/deta1^2\" \"dh1/deta0\" \"dh1/deta1\" \n                             \"h1\" \n      Material Name:       global_stress_neighbor\n      Property Names:      \"Jacobian_mult\" \"stress\" \n\nActive Boundary Materials:",
                          "url": "https://github.com/idaholab/moose/discussions/28474#discussioncomment-10466425",
                          "updatedAt": "2024-08-27T18:14:56Z",
                          "publishedAt": "2024-08-27T18:14:56Z",
                          "isAnswer": false
                        }
                      },
                      {
                        "node": {
                          "author": {
                            "login": "GiudGiud"
                          },
                          "bodyText": "misfit isnt defined by anything\nwhat is this prefactor supposed to be?\n  [./eigen_strain_phase0]\n    type = ComputeEigenstrain\n    base_name = phase0\n    eigen_base = '1 0 0 0 0 0'\n    prefactor = misfit\n    eigenstrain_name = 'eigenstrain_phase0'\n  [../]",
                          "url": "https://github.com/idaholab/moose/discussions/28474#discussioncomment-10466800",
                          "updatedAt": "2024-08-27T19:06:54Z",
                          "publishedAt": "2024-08-27T19:06:50Z",
                          "isAnswer": false
                        }
                      },
                      {
                        "node": {
                          "author": {
                            "login": "Emmanuel-324"
                          },
                          "bodyText": "So below is the kks model(material block) I used to evaluate how misfit strains can contribute to the variant selection of particular precipitates. I imported the mesh from that simulation in crystal plasticity model(which I am working on now). i wanted to add the eigen strain to the mechanical strain in this model.\n[Materials]\n  # simple toy free energies\n  [./f1]\n    type = DerivativeParsedMaterial\n    f_name = fc_1\n    args = 'c1'\n    function = '100.0*(c1-0.3333)^2'\n  [../]\n  # Elastic energy of the phase 1\n  [./elastic_free_energy_1]\n    type = ElasticEnergyMaterial\n    base_name = phase1\n    f_name = fe_1\n    args = ' '\n  [../]\n  # Total free energy of the phase 1\n  [./Total_energy_1]\n    type = DerivativeSumMaterial\n    f_name = F1\n    sum_materials = 'fc_1 fe_1'\n    args = 'c1'\n  [../]\n\n  [./f2]\n    type = DerivativeParsedMaterial\n    f_name = fc_2\n    args = 'c2'\n    function = '100.0*(c2-0.3333)^2'\n  [../]\n  # Elastic energy of the phase 2\n  [./elastic_free_energy_2]\n    type = ElasticEnergyMaterial\n    base_name = phase2\n    f_name = fe_2\n    args = ' '\n  [../]\n  # Total free energy of the phase 2\n  [./Total_energy_2]\n    type = DerivativeSumMaterial\n    f_name = F2\n    sum_materials = 'fc_2 fe_2'\n    args = 'c2'\n  [../]\n\n  [./f3]\n    type = DerivativeParsedMaterial\n    f_name = fc_3\n    args = 'c3'\n    function = '5.0*(c3-0.20)^2'\n  [../]\n  # Elastic energy of the phase 3\n  [./elastic_free_energy_3]\n    type = ElasticEnergyMaterial\n    base_name = phase3\n    f_name = fe_3\n    args = ' '\n  [../]\n  # Total free energy of the phase 3\n  [./Total_energy_3]\n    type = DerivativeSumMaterial\n    f_name = F3\n    sum_materials = 'fc_3 fe_3'\n    args = 'c3'\n  [../]\n\n  # Switching functions for each phase\n  # h1(eta1, eta2, eta3)\n  [./h1]\n    type = SwitchingFunctionMultiPhaseMaterial\n    phase_etas = eta1\n    all_etas = 'eta1 eta2 eta3'\n    h_name = h1\n  [../]\n  # h2(eta1, eta2, eta3)\n  [./h2]\n    type = SwitchingFunctionMultiPhaseMaterial\n    phase_etas = eta2\n    all_etas = 'eta1 eta2 eta3'\n    h_name = h2\n  [../]\n  # h3(eta1, eta2, eta3)\n  [./h3]\n    type = SwitchingFunctionMultiPhaseMaterial\n    phase_etas = eta3\n    all_etas = 'eta1 eta2 eta3'\n    h_name = h3\n  [../]\n\n  # Coefficients for diffusion equation\n  [./Dh1]\n    type = DerivativeParsedMaterial\n    material_property_names = 'D h1'\n    function = D*h1\n    f_name = Dh1\n  [../]\n  [./Dh2]\n    type = DerivativeParsedMaterial\n    material_property_names = 'D h2'\n    function = D*h2\n    f_name = Dh2\n  [../]\n  [./Dh3]\n    type = DerivativeParsedMaterial\n    material_property_names = 'D h3'\n    function = D*h3\n    f_name = Dh3\n  [../]\n\n  # Barrier functions for each phase\n  [./g1]\n    type = BarrierFunctionMaterial\n    g_order = SIMPLE\n    eta = eta1\n    function_name = g1\n  [../]\n  [./g2]\n    type = BarrierFunctionMaterial\n    g_order = SIMPLE\n    eta = eta2\n    function_name = g2\n  [../]\n  [./g3]\n    type = BarrierFunctionMaterial\n    g_order = SIMPLE\n    eta = eta3\n    function_name = g3\n  [../]\n\n  # constant properties\n  [./constants]\n    type = GenericConstantMaterial\n    prop_names  = 'L    kappa  D  misfit  W'\n    prop_values = '0.3  0.01   1  0.005  0.01'\n  [../]\n\n  #Mechanical properties\n  [./Stiffness_phase1]\n    type = ComputeElasticityTensor\n    C_ijkl = '1982 534 496 1606 605 1788 985 1056 388'    \n    base_name = phase1\n    fill_method = symmetric9\n  [../]\n  [./Stiffness_phase2]\n    type = ComputeElasticityTensor\n    C_ijkl = '1606 534 605 1982 496 1788 1056 985 388'\n    base_name = phase2\n    fill_method = symmetric9\n  [../]\n  [./Stiffness_phase3]\n    type = ComputeElasticityTensor\n    C_ijkl = '2008.5 448.9 918.5 2008.5 918.5 1538.7 779.8 779.8 309.9'    \n    base_name = phase3\n    fill_method = symmetric9\n  [../]\n\n  [./stress_phase1]\n    type = ComputeLinearElasticStress\n    base_name = phase1\n  [../]\n  [./stress_phase2]\n    type = ComputeLinearElasticStress\n    base_name = phase2\n  [../]\n  [./stress_phase3]\n    type = ComputeLinearElasticStress\n    base_name = phase3\n  [../]\n\n  [./strain_phase1]\n    type = ComputeSmallStrain\n    displacements = 'disp_x disp_y'\n    base_name = phase1\n    eigenstrain_names = eigenstrain1\n  [../]\n  [./strain_phase2]\n    type = ComputeSmallStrain\n    displacements = 'disp_x disp_y'\n    base_name = phase2\n    eigenstrain_names = eigenstrain2\n  [../]\n  [./strain_phase3]\n    type = ComputeSmallStrain\n    displacements = 'disp_x disp_y'\n    base_name = phase3\n  [../]\n\n  [./eigen_strain1]\n    type = ComputeEigenstrain\n    base_name = phase1\n    eigen_base = '1 0 0 0 0 0'\n    prefactor = misfit\n    eigenstrain_name = eigenstrain1\n  [../]\n\n  [./eigen_strain2]\n    type = ComputeEigenstrain\n    base_name = phase2\n    eigen_base = '0 1 0 0 0 0'\n    prefactor = misfit\n    eigenstrain_name = eigenstrain2\n  [../]\n\n\n  # Generate the global stress from the phase stresses\n  [./global_stress]\n    type = MultiPhaseStressMaterial\n    phase_base = 'phase1 phase2 phase3'\n    h          = 'h1     h2     h3'\n  [../]\n\n  [./global_strain]\n    type = ComputeSmallStrain\n    displacements = 'disp_x disp_y'\n  [../]\n[]",
                          "url": "https://github.com/idaholab/moose/discussions/28474#discussioncomment-10466924",
                          "updatedAt": "2024-08-27T19:22:09Z",
                          "publishedAt": "2024-08-27T19:22:09Z",
                          "isAnswer": false
                        }
                      },
                      {
                        "node": {
                          "author": {
                            "login": "GiudGiud"
                          },
                          "bodyText": "it should be found now?\nyou define it with this\n  [./constants]\n    type = GenericConstantMaterial\n    prop_names  = 'L    kappa  D  misfit  W'\n    prop_values = '0.3  0.01   1  0.005  0.01'\n  [../]",
                          "url": "https://github.com/idaholab/moose/discussions/28474#discussioncomment-10466983",
                          "updatedAt": "2024-08-27T19:29:38Z",
                          "publishedAt": "2024-08-27T19:29:37Z",
                          "isAnswer": false
                        }
                      },
                      {
                        "node": {
                          "author": {
                            "login": "Emmanuel-324"
                          },
                          "bodyText": "Yeah my bad, it worked now. Thanks",
                          "url": "https://github.com/idaholab/moose/discussions/28474#discussioncomment-10467439",
                          "updatedAt": "2024-08-27T20:38:30Z",
                          "publishedAt": "2024-08-27T20:38:29Z",
                          "isAnswer": false
                        }
                      },
                      {
                        "node": {
                          "author": {
                            "login": "Emmanuel-324"
                          },
                          "bodyText": "Just a quick question if i have a precipitate with eigen strain as shown by the picture below what will be the correct input in my script for misfit?",
                          "url": "https://github.com/idaholab/moose/discussions/28474#discussioncomment-10467456",
                          "updatedAt": "2024-08-27T20:40:57Z",
                          "publishedAt": "2024-08-27T20:40:56Z",
                          "isAnswer": false
                        }
                      },
                      {
                        "node": {
                          "author": {
                            "login": "GiudGiud"
                          },
                          "bodyText": "it's the wrong type right now,. it s a real and this can be represented as a RealVectorValue (just the diagonal) or a RealTensorValue",
                          "url": "https://github.com/idaholab/moose/discussions/28474#discussioncomment-10469291",
                          "updatedAt": "2024-08-28T02:08:10Z",
                          "publishedAt": "2024-08-28T02:08:09Z",
                          "isAnswer": false
                        }
                      },
                      {
                        "node": {
                          "author": {
                            "login": "GiudGiud"
                          },
                          "bodyText": "so not only would you need to change the type of misfit in the input, but also change the code to accept misfit as a vector or tensor",
                          "url": "https://github.com/idaholab/moose/discussions/28474#discussioncomment-10469297",
                          "updatedAt": "2024-08-28T02:08:37Z",
                          "publishedAt": "2024-08-28T02:08:36Z",
                          "isAnswer": false
                        }
                      },
                      {
                        "node": {
                          "author": {
                            "login": "Emmanuel-324"
                          },
                          "bodyText": "So I need to change my input to;\n[./constants]\ntype = RealVectorValue\nprop_names  = 'L    kappa  D  misfit  W'\nprop_values = '0.3  0.01   1  0.005  0.01'\n[../]\nAnd also change the source code to accept this vector value type if I get you right. And I guess that would be in the ComputeEigenStrainValue.C",
                          "url": "https://github.com/idaholab/moose/discussions/28474#discussioncomment-10477834",
                          "updatedAt": "2024-08-28T16:52:20Z",
                          "publishedAt": "2024-08-28T16:52:19Z",
                          "isAnswer": false
                        }
                      },
                      {
                        "node": {
                          "author": {
                            "login": "GiudGiud"
                          },
                          "bodyText": "no you need to change the input to use a Generic.... (the one for Tensor or vector) for misfit only, not L kappa D or W",
                          "url": "https://github.com/idaholab/moose/discussions/28474#discussioncomment-10477913",
                          "updatedAt": "2024-08-28T16:59:04Z",
                          "publishedAt": "2024-08-28T16:59:02Z",
                          "isAnswer": false
                        }
                      }
                    ]
                  }
                }
              }
            ]
          }
        }
      },
      {
        "node": {
          "title": "Error while working on creating a Moose App",
          "author": {
            "login": "Aayush-T"
          },
          "bodyText": "Check these boxes if you have followed the posting rules.\n\n Q&A General is the most appropriate section for my question\n I have consulted the posting Guidelines on the Discussions front page\n I have searched the Discussions forum and my question has not been asked before\n I have searched the MOOSE website and the documentation does not answer my question\n I have formatted my post following the posting guidelines (screenshots as a last resort, triple back quotes around pasted text)\n\nQuestion\nSo, I installed the MOOSE from the website and after that, I followed the instructions given in \"https://mooseframework.inl.gov/getting_started/new_users.html\" to develop my moose app, while at step \"./moose/scripts/stork.sh YourAppName\", it gave me issues related to using GIT while creating the moose app:\n(moose) kimi@DESKTOP-7APSM1S:~/projects$ ./moose/scripts/stork.sh Abc\nInitialized empty Git repository in /home/kimi/projects/abc/.git/\n\n*** Please tell me who you are.\n\nRun\n\n  git config --global user.email \"you@example.com\"\n  git config --global user.name \"Your Name\"\n\nto set your account's default identity.\nOmit --global to set the identity only in this repository.\n\nfatal: empty ident name (for <kimi@DESKTOP-7APSM1S.localdomain>) not allowed\nMOOSE app created in '/home/kimi/projects/abc'\n\nTo store your changes on GitHub:\n    1. Log in to your GitHub account\n    2. Create a new repository named 'abc'\n    3. In this terminal window, run the following commands:\n         cd /home/kimi/projects/abc\n         git remote add origin https://github.com/YourGitHubUserName/abc\n         git commit -m \"Initial code commit\"\n         git push -u origin main\n\nTo automatically enforce MOOSE C++ code style in your commits, run:\n\n    cd /home/kimi/projects/abc\n    ./scripts/install-format-hook.sh\n\nTo enable software quality assurance (SQA) documentation using MooseDocs, perform the\nfollowing steps after adding your git repository remote:\n\n    1. Navigate to /home/kimi/projects/abc/doc\n    2. Run './moosedocs.py init sqa --app 'Abc' --category abc'\n    3. Commit the initial SQA changes using the following commands:\n         git add /home/kimi/projects/abc/doc\n         git commit -m \"Initial SQA changes\"\n         git push origin main\n    4. Add new SQA content to the forms in /home/kimi/projects/abc/doc/content/sqa\n\nFor general assistance in MOOSE-based application SQA, please contact the MOOSE\nframework development team. For further info on the MooseDocs code documentation\nsystem, please visit https://mooseframework.inl.gov.\n(moose) kimi@DESKTOP-7APSM1S:~/projects$ cd abc/\n(moose) kimi@DESKTOP-7APSM1S:~/projects/abc$ make -j6\nfatal: ambiguous argument 'HEAD': unknown revision or path not in the working tree.\nUse '--' to separate paths from revisions, like this:\n'git <command> [<revision>...] -- [<file>...]'\nTraceback (most recent call last):\n  File \"/home/kimi/projects/moose/framework/../scripts/premake.py\", line 183, in <module>\n    PreMake().check()\n  File \"/home/kimi/projects/moose/framework/../scripts/premake.py\", line 18, in __init__\n    self.versioner_meta = Versioner().version_meta()\n  File \"/home/kimi/projects/moose/scripts/versioner.py\", line 302, in version_meta\n    app_name, _, app_hash = self.get_app()\n  File \"/home/kimi/projects/moose/scripts/versioner.py\", line 352, in get_app\n    git_hash = subprocess.check_output(hash_command, encoding='utf-8').rstrip()[0:7]\n  File \"/home/kimi/miniforge/envs/moose/lib/python3.10/subprocess.py\", line 421, in check_output\n    return run(*popenargs, stdout=PIPE, timeout=timeout, check=True,\n  File \"/home/kimi/miniforge/envs/moose/lib/python3.10/subprocess.py\", line 526, in run\n    raise CalledProcessError(retcode, process.args,\nsubprocess.CalledProcessError: Command '['git', 'rev-parse', 'HEAD']' returned non-zero exit status 128.\nmake: [/home/kimi/projects/moose/framework/moose.mk:388: prebuild] Error 1 (ignored)\n\n\nI utilized the discussions of threads #27575 and #27612 to solve it.\nMy steps were:\n~/projects/moose/scripts/stork.sh crystal_phase_field\ngit config --global user.email \"myemail@gmail.com\"\ngit config --global user.name \"Aayush-T\"\ngit init\n\ncd /home/aayush/projects/crystal_phase_field\ngit remote add origin https://github.com/Aayush-T/crystal_phase_field\ngit commit -m \"Initial code commit\"\ngit push -u origin main\n\nAfter this:\n(moose) aayush@aayush-alankar:~/projects/crystal_phase_field$ make -j 4\nChecking if header needs updating: /home/aayush/projects/moose/framework/include/base/MooseRevision.h...\nCreating Unity Directory /home/aayush/projects/crystal_phase_field/build/unity_src\nRebuilding symlinks in /home/aayush/projects/crystal_phase_field/build/header_symlinks\nCreating Resource file /home/aayush/projects/crystal_phase_field/crystal_phase_field.yaml\nCreating Unity /home/aayush/projects/crystal_phase_field/build/unity_src/base_Unity.C\nCompiling C++ (in opt mode) /home/aayush/projects/crystal_phase_field/build/unity_src/base_Unity.C...\nCompiling C++ (in opt mode) /home/aayush/projects/crystal_phase_field/src/main.C...\nCompiling C++ (in opt mode) /home/aayush/projects/crystal_phase_field/test/src/base/crystal_phase_fieldTestApp.C...\nLinking Library /home/aayush/projects/crystal_phase_field/lib/libcrystal_phase_field-opt.la...\nLinking Test Library /home/aayush/projects/crystal_phase_field/test/lib/libcrystal_phase_field_test-opt.la...\nLinking Executable /home/aayush/projects/crystal_phase_field/crystal_phase_field-opt...\n\n(moose) aayush@aayush-alankar:~/projects/crystal_phase_field$ ./run_tests -j 4\ntest:kernels/simple_diffusion.test ........................................................................ OK\n--------------------------------------------------------------------------------------------------------------\nRan 1 tests in 0.2 seconds. Average test time 0.1 seconds, maximum test time 0.1 seconds.\n1 passed, 0 skipped, 0 pending, 0 failed\n\n\nand it seemed to work. But the real problem came after this:\nI made a folder at: \"\"\"/home/aayush/projects/crystal_phase_field/src/cp_models\"\"\" and inside it defined a new .C file named: CrystalPlasticitySlipRateGSSKapoor.C and saved its .h file named CrystalPlasticitySlipRateGSSKapoor.h at: \"\"\"/home/aayush/projects/crystal_phase_field/include/cp_models\"\"\". This C file was made on top of already existing \"\"\"CrystalPlasticitySlipRateGSS.C\"\"\" file already present in moose and also tested and working using solid_mechanics-opt.\nObviously, I already made the changes in makefile to activate the solid_mechanics and phase_field modules:\nALL_MODULES                 := no\n\nCHEMICAL_REACTIONS          := no\nCONTACT                     := no\nELECTROMAGNETICS            := no\nEXTERNAL_PETSC_SOLVER       := no\nFLUID_PROPERTIES            := no\nFSI                         := no\nFUNCTIONAL_EXPANSION_TOOLS  := no\nGEOCHEMISTRY                := no\nHEAT_TRANSFER               := no\nLEVEL_SET                   := no\nMISC                        := no\nNAVIER_STOKES               := no\nOPTIMIZATION                := no\nPERIDYNAMICS                := no\nPHASE_FIELD                 := yes#no\nPOROUS_FLOW                 := no\nRAY_TRACING                 := no\nREACTOR                     := no\nRDG                         := no\nRICHARDS                    := no\nSOLID_MECHANICS             := yes#no\nSTOCHASTIC_TOOLS            := no\nTHERMAL_HYDRAULICS          := no\nXFEM                        := no\n\nThen I executed this command again:\n(moose) aayush@aayush-alankar:~/projects/crystal_phase_field$ make -j 4\n\nAnd even after successfully executing it, when I tried running my custom input file as:\n(moose) aayush@aayush-alankar:~/projects/test_my_code$ ./crystal_phase_field-opt -i simulation_27k_cycles_function3_75_tdisp.i\n\nIt gave this error:\n*** ERROR ***\nA 'CrystalPlasticitySlipRateGSSKapoor' is not a registered object.\n\nIf you are trying to find this object in a dynamically loaded library, make sure that\nthe library can be found either in your \"Problem/library_path\" parameter or in the\nMOOSE_LIBRARY_PATH environment variable.\n\nStack frames: 22\n0: libMesh::print_trace(std::ostream&)\n1: moose::internal::mooseErrorRaw(std::__cxx11::basic_string<char, std::char_traits<char>, std::allocator<char> >, std::__cxx11::basic_string<char, std::char_traits<char>, std::allocator<char> >)\n2: void mooseError<std::__cxx11::basic_string<char, std::char_traits<char>, std::allocator<char> > >(std::__cxx11::basic_string<char, std::char_traits<char>, std::allocator<char> >&&)\n3: Factory::reportUnregisteredError(std::__cxx11::basic_string<char, std::char_traits<char>, std::allocator<char> > const&) const\n4: Factory::getValidParams(std::__cxx11::basic_string<char, std::char_traits<char>, std::allocator<char> > const&) const\n5: MooseObjectAction::MooseObjectAction(InputParameters const&)\n6: AddUserObjectAction::AddUserObjectAction(InputParameters const&)\n7: RegistryEntry<AddUserObjectAction>::buildAction(InputParameters const&)\n8: ActionFactory::create(std::__cxx11::basic_string<char, std::char_traits<char>, std::allocator<char> > const&, std::__cxx11::basic_string<char, std::char_traits<char>, std::allocator<char> > const&, InputParameters&)\n9: Moose::Builder::walkRaw(std::__cxx11::basic_string<char, std::char_traits<char>, std::allocator<char> >, std::__cxx11::basic_string<char, std::char_traits<char>, std::allocator<char> >, hit::Node*)\n10: Moose::Builder::walk(std::__cxx11::basic_string<char, std::char_traits<char>, std::allocator<char> > const&, std::__cxx11::basic_string<char, std::char_traits<char>, std::allocator<char> > const&, hit::Node*)\n11: hit::Node::walk(hit::Walker*, hit::NodeType, hit::TraversalOrder)\n12: hit::Node::walk(hit::Walker*, hit::NodeType, hit::TraversalOrder)\n13: hit::Node::walk(hit::Walker*, hit::NodeType, hit::TraversalOrder)\n14: Moose::Builder::build()\n15: MooseApp::setupOptions()\n16: MooseApp::run()\n17: ./crystal_phase_field-opt(+0x20e8) [0x5afdc53960e8]\n18: main\n19: /lib/x86_64-linux-gnu/libc.so.6(+0x29d90) [0x7e93d6029d90]\n20: __libc_start_main\n21: ./crystal_phase_field-opt(+0x238b) [0x5afdc539638b]\nAbort(1) on node 0 (rank 0 in comm 0): application called MPI_Abort(MPI_COMM_WORLD, 1) - process 0\n\nLater I even tried to run a mooseframework input file using my \"solid_mechanics-opt\", it again gave this error:\n(base) aayush@aayush-alankar:~/projects/test_outside_save_euler/using_mine$ ./crystal_phase_field-opt -i save_euler.i\n*** ERROR ***\nA 'CrystalPlasticitySlipRateGSS' is not a registered object.\n\nIf you are trying to find this object in a dynamically loaded library, make sure that\nthe library can be found either in your \"Problem/library_path\" parameter or in the\nMOOSE_LIBRARY_PATH environment variable.\n\nStack frames: 22\n0: libMesh::print_trace(std::ostream&)\n1: moose::internal::mooseErrorRaw(std::__cxx11::basic_string<char, std::char_traits<char>, std::allocator<char> >, std::__cxx11::basic_string<char, std::char_traits<char>, std::allocator<char> >)\n2: void mooseError<std::__cxx11::basic_string<char, std::char_traits<char>, std::allocator<char> > >(std::__cxx11::basic_string<char, std::char_traits<char>, std::allocator<char> >&&)\n3: Factory::reportUnregisteredError(std::__cxx11::basic_string<char, std::char_traits<char>, std::allocator<char> > const&) const\n4: Factory::getValidParams(std::__cxx11::basic_string<char, std::char_traits<char>, std::allocator<char> > const&) const\n5: MooseObjectAction::MooseObjectAction(InputParameters const&)\n6: AddUserObjectAction::AddUserObjectAction(InputParameters const&)\n7: RegistryEntry<AddUserObjectAction>::buildAction(InputParameters const&)\n8: ActionFactory::create(std::__cxx11::basic_string<char, std::char_traits<char>, std::allocator<char> > const&, std::__cxx11::basic_string<char, std::char_traits<char>, std::allocator<char> > const&, InputParameters&)\n9: Moose::Builder::walkRaw(std::__cxx11::basic_string<char, std::char_traits<char>, std::allocator<char> >, std::__cxx11::basic_string<char, std::char_traits<char>, std::allocator<char> >, hit::Node*)\n10: Moose::Builder::walk(std::__cxx11::basic_string<char, std::char_traits<char>, std::allocator<char> > const&, std::__cxx11::basic_string<char, std::char_traits<char>, std::allocator<char> > const&, hit::Node*)\n11: hit::Node::walk(hit::Walker*, hit::NodeType, hit::TraversalOrder)\n12: hit::Node::walk(hit::Walker*, hit::NodeType, hit::TraversalOrder)\n13: hit::Node::walk(hit::Walker*, hit::NodeType, hit::TraversalOrder)\n14: Moose::Builder::build()\n15: MooseApp::setupOptions()\n16: MooseApp::run()\n17: ./crystal_phase_field-opt(+0x20e8) [0x5d558fd2b0e8]\n18: main\n19: /lib/x86_64-linux-gnu/libc.so.6(+0x29d90) [0x7b8974c29d90]\n20: __libc_start_main\n21: ./crystal_phase_field-opt(+0x238b) [0x5d558fd2b38b]\nAbort(1) on node 0 (rank 0 in comm 0): application called MPI_Abort(MPI_COMM_WORLD, 1) - process 0\n\neven when I have already kept the SOLID_MECHANICS module as active in my custom app.\nIt looks like the custom app is not able to register my files or even mooseframework C files. I even tried activating all the modules but to no avail.\nI even looked at discussions in #18882 but even that didn't help.\nKindly look into it.",
          "url": "https://github.com/idaholab/moose/discussions/28536",
          "updatedAt": "2024-09-05T09:22:00Z",
          "publishedAt": "2024-09-04T13:32:04Z",
          "category": {
            "name": "Q&A General"
          },
          "comments": {
            "edges": [
              {
                "node": {
                  "author": {
                    "login": "GiudGiud"
                  },
                  "bodyText": "Hello\nwhen you add a new module you need to git clean -Xfd your application before recompiling",
                  "url": "https://github.com/idaholab/moose/discussions/28536#discussioncomment-10546296",
                  "updatedAt": "2024-09-04T13:52:18Z",
                  "publishedAt": "2024-09-04T13:52:18Z",
                  "isAnswer": true,
                  "replies": {
                    "edges": []
                  }
                }
              }
            ]
          }
        }
      },
      {
        "node": {
          "title": "Compilation Error",
          "author": {
            "login": "manikumd22"
          },
          "bodyText": "Hi @GiudGiud,\nI need help from your side.\nI am trying to compile the make command. However, I am getting this fatal error, I'm not able to resolve it\nIt would be great if you could please have a look at it and suggest something to me\n[mvk6158@submit01 moosematerialApp]$ make\nfatal: not a git repository (or any parent up to mount point /storage)\nStopping at filesystem boundary (GIT_DISCOVERY_ACROSS_FILESYSTEM not set).\ncut: /.git: No such file or directory\nCompiling C++ (in opt mode) /storage/work/mvk6158/moose_directories/moosematerialApp/build/unity_src/materials_Unity.C...\ng++: fatal error: Killed signal terminated program cc1plus\ncompilation terminated.\nmake: *** [/storage/work/mvk6158/moose_directories/moose//framework/build.mk:151: /storage/work/mvk6158/moose_directories/moosematerialApp/build/unity_src/materials_Unity.x86_64-pc-linux-gnu.opt.lo] Error 1",
          "url": "https://github.com/idaholab/moose/discussions/28522",
          "updatedAt": "2024-09-04T03:45:16Z",
          "publishedAt": "2024-09-01T22:12:19Z",
          "category": {
            "name": "Q&A Modules: Solid mechanics"
          },
          "comments": {
            "edges": [
              {
                "node": {
                  "author": {
                    "login": "GiudGiud"
                  },
                  "bodyText": "Hello\nYou seem to be running out of memory\nCan you please try\nmake -j 1\nThis will use less memory to compile\nIf this doesn't work please reach out again there is another way",
                  "url": "https://github.com/idaholab/moose/discussions/28522#discussioncomment-10515093",
                  "updatedAt": "2024-09-02T00:13:16Z",
                  "publishedAt": "2024-09-02T00:13:16Z",
                  "isAnswer": false,
                  "replies": {
                    "edges": []
                  }
                }
              },
              {
                "node": {
                  "author": {
                    "login": "manikumd22"
                  },
                  "bodyText": "Hello @GiudGiud\nI tried but still same error\n[mvk6158@submit03 moosematerialApp]$ make -j 1\nfatal: not a git repository (or any parent up to mount point /storage)\nStopping at filesystem boundary (GIT_DISCOVERY_ACROSS_FILESYSTEM not set).\ncut: /.git: No such file or directory\nCompiling C++ (in opt mode) /storage/work/mvk6158/moose_directories/moosematerialApp/build/unity_src/materials_Unity.C...\ng++: fatal error: Killed signal terminated program cc1plus\ncompilation terminated.\nmake: *** [/storage/work/mvk6158/moose_directories/moose//framework/build.mk:151: /storage/work/mvk6158/moose_directories/moosematerialApp/build/unity_src/materials_Unity.x86_64-pc-linux-gnu.opt.lo] Error 1",
                  "url": "https://github.com/idaholab/moose/discussions/28522#discussioncomment-10515415",
                  "updatedAt": "2024-09-02T01:23:10Z",
                  "publishedAt": "2024-09-02T01:23:09Z",
                  "isAnswer": false,
                  "replies": {
                    "edges": [
                      {
                        "node": {
                          "author": {
                            "login": "GiudGiud"
                          },
                          "bodyText": "The git warnings probably require some action to resolve but let's do this later. I think something like \"git init\" might do it\nFor now\nMOOSE_UNITY=0 make -j 1\nIt should take a long time but a lot less memory to compile now",
                          "url": "https://github.com/idaholab/moose/discussions/28522#discussioncomment-10515469",
                          "updatedAt": "2024-09-02T01:34:13Z",
                          "publishedAt": "2024-09-02T01:34:13Z",
                          "isAnswer": false
                        }
                      }
                    ]
                  }
                }
              },
              {
                "node": {
                  "author": {
                    "login": "manikumd22"
                  },
                  "bodyText": "Hi @GiudGiud\nI tried this method, but in the end I got same fatal error\n[mvk6158@submit04 moosematerialApp]$ MOOSE_UNITY=0 make -j 1\nfatal: not a git repository (or any parent up to mount point /storage)\nStopping at filesystem boundary (GIT_DISCOVERY_ACROSS_FILESYSTEM not set).\ncut: /.git: No such file or directory\nCompiling C++ (in opt mode) /storage/work/mvk6158/moose_directories/moose//framework/src/actions/Action.C...\nCompiling C++ (in opt mode) /storage/work/mvk6158/moose_directories/moose//framework/src/actions/ActionFactory.C...\nCompiling C++ (in opt mode) /storage/work/mvk6158/moose_directories/moose//framework/src/actions/ActionWarehouse.C...\nCompiling C++ (in opt mode) /storage/work/mvk6158/moose_directories/moose//framework/src/actions/AdaptivityAction.C...\nCompiling C++ (in opt mode) /storage/work/mvk6158/moose_directories/moose//framework/src/actions/AddAuxKernelAction.C...\nCompiling C++ (in opt mode) /storage/work/mvk6158/moose_directories/moose//framework/src/actions/AddAuxVariableAction.C...\nCompiling C++ (in opt mode) /storage/work/mvk6158/moose_directories/moose//framework/src/actions/AddBCAction.C...\nCompiling C++ (in opt mode) /storage/work/mvk6158/moose_directories/moose//framework/src/actions/AddBoundsVectorsAction.C...\nCompiling C++ (in opt mode) /storage/work/mvk6158/moose_directories/moose//framework/src/actions/AddConstraintAction.C...\nCompiling C++ (in opt mode) /storage/work/mvk6158/moose_directories/moose//framework/src/actions/AddControlAction.C...\nCompiling C++ (in opt mode) /storage/work/mvk6158/moose_directories/moose//framework/src/actions/AddDGKernelAction.C...\nCompiling C++ (in opt mode) /storage/work/mvk6158/moose_directories/moose//framework/src/actions/AddDamperAction.C...\nCompiling C++ (in opt mode) /storage/work/mvk6158/moose_directories/moose//framework/src/actions/AddDiracKernelAction.C...\nCompiling C++ (in opt mode) /storage/work/mvk6158/moose_directories/moose//framework/src/actions/AddDistributionAction.C...\nCompiling C++ (in opt mode) /storage/work/mvk6158/moose_directories/moose//framework/src/actions/AddElementalFieldAction.C...\nCompiling C++ (in opt mode) /storage/work/mvk6158/moose_directories/moose//framework/src/actions/AddExecutorAction.C...\nCompiling C++ (in opt mode) /storage/work/mvk6158/moose_directories/moose//framework/src/actions/AddExternalAuxVariableAction.C...\nCompiling C++ (in opt mode) /storage/work/mvk6158/moose_directories/moose//framework/src/actions/AddFVBCAction.C...\nCompiling C++ (in opt mode) /storage/work/mvk6158/moose_directories/moose//framework/src/actions/AddFVICAction.C...\nCompiling C++ (in opt mode) /storage/work/mvk6158/moose_directories/moose//framework/src/actions/AddFVInitialConditionAction.C...\nCompiling C++ (in opt mode) /storage/work/mvk6158/moose_directories/moose//framework/src/actions/AddFVInterfaceKernelAction.C...\nCompiling C++ (in opt mode) /storage/work/mvk6158/moose_directories/moose//framework/src/actions/AddFVKernelAction.C...\nCompiling C++ (in opt mode) /storage/work/mvk6158/moose_directories/moose//framework/src/actions/AddFieldSplitAction.C...\nCompiling C++ (in opt mode) /storage/work/mvk6158/moose_directories/moose//framework/src/actions/AddFunctionAction.C...\nCompiling C++ (in opt mode) /storage/work/mvk6158/moose_directories/moose//framework/src/actions/AddFunctorMaterialAction.C...\nCompiling C++ (in opt mode) /storage/work/mvk6158/moose_directories/moose//framework/src/actions/AddICAction.C...\nCompiling C++ (in opt mode) /storage/work/mvk6158/moose_directories/moose//framework/src/actions/AddIndicatorAction.C...\nCompiling C++ (in opt mode) /storage/work/mvk6158/moose_directories/moose//framework/src/actions/AddInitialConditionAction.C...\nCompiling C++ (in opt mode) /storage/work/mvk6158/moose_directories/moose//framework/src/actions/AddInterfaceKernelAction.C...\nCompiling C++ (in opt mode) /storage/work/mvk6158/moose_directories/moose//framework/src/actions/AddKernelAction.C...\nCompiling C++ (in opt mode) /storage/work/mvk6158/moose_directories/moose//framework/src/actions/AddMarkerAction.C...\nCompiling C++ (in opt mode) /storage/work/mvk6158/moose_directories/moose//framework/src/actions/AddMaterialAction.C...\nCompiling C++ (in opt mode) /storage/work/mvk6158/moose_directories/moose//framework/src/actions/AddMeshDivisionAction.C...\nCompiling C++ (in opt mode) /storage/work/mvk6158/moose_directories/moose//framework/src/actions/AddMeshGeneratorAction.C...\nCompiling C++ (in opt mode) /storage/work/mvk6158/moose_directories/moose//framework/src/actions/AddMultiAppAction.C...\nCompiling C++ (in opt mode) /storage/work/mvk6158/moose_directories/moose//framework/src/actions/AddNodalKernelAction.C...\nCompiling C++ (in opt mode) /storage/work/mvk6158/moose_directories/moose//framework/src/actions/AddNodalNormalsAction.C...\nCompiling C++ (in opt mode) /storage/work/mvk6158/moose_directories/moose//framework/src/actions/AddOutputAction.C...\nCompiling C++ (in opt mode) /storage/work/mvk6158/moose_directories/moose//framework/src/actions/AddPeriodicBCAction.C...\nCompiling C++ (in opt mode) /storage/work/mvk6158/moose_directories/moose//framework/src/actions/AddPositionsAction.C...\nCompiling C++ (in opt mode) /storage/work/mvk6158/moose_directories/moose//framework/src/actions/AddPostprocessorAction.C...\nCompiling C++ (in opt mode) /storage/work/mvk6158/moose_directories/moose//framework/src/actions/AddRelationshipManager.C...\nCompiling C++ (in opt mode) /storage/work/mvk6158/moose_directories/moose//framework/src/actions/AddReporterAction.C...\nCompiling C++ (in opt mode) /storage/work/mvk6158/moose_directories/moose//framework/src/actions/AddSamplerAction.C...\nCompiling C++ (in opt mode) /storage/work/mvk6158/moose_directories/moose//framework/src/actions/AddScalarKernelAction.C...\nCompiling C++ (in opt mode) /storage/work/mvk6158/moose_directories/moose//framework/src/actions/AddTimeStepperAction.C...\nCompiling C++ (in opt mode) /storage/work/mvk6158/moose_directories/moose//framework/src/actions/AddTimesAction.C...\nCompiling C++ (in opt mode) /storage/work/mvk6158/moose_directories/moose//framework/src/actions/AddTransferAction.C...\nCompiling C++ (in opt mode) /storage/work/mvk6158/moose_directories/moose//framework/src/actions/AddUserObjectAction.C...\nCompiling C++ (in opt mode) /storage/work/mvk6158/moose_directories/moose//framework/src/actions/AddVariableAction.C...\nCompiling C++ (in opt mode) /storage/work/mvk6158/moose_directories/moose//framework/src/actions/AddVectorPostprocessorAction.C...\nCompiling C++ (in opt mode) /storage/work/mvk6158/moose_directories/moose//framework/src/actions/AutoCheckpointAction.C...\nCompiling C++ (in opt mode) /storage/work/mvk6158/moose_directories/moose//framework/src/actions/CheckFVBCAction.C...\nCompiling C++ (in opt mode) /storage/work/mvk6158/moose_directories/moose//framework/src/actions/CheckIntegrityAction.C...\nCompiling C++ (in opt mode) /storage/work/mvk6158/moose_directories/moose//framework/src/actions/CheckOutputAction.C...\nCompiling C++ (in opt mode) /storage/work/mvk6158/moose_directories/moose//framework/src/actions/CommonOutputAction.C...\nCompiling C++ (in opt mode) /storage/work/mvk6158/moose_directories/moose//framework/src/actions/ComposeTimeStepperAction.C...\nCompiling C++ (in opt mode) /storage/work/mvk6158/moose_directories/moose//framework/src/actions/CopyNodalVarsAction.C...\nCompiling C++ (in opt mode) /storage/work/mvk6158/moose_directories/moose//framework/src/actions/CouplingFunctorCheckAction.C...\nCompiling C++ (in opt mode) /storage/work/mvk6158/moose_directories/moose//framework/src/actions/CreateAddedMeshGenerators.C...\nCompiling C++ (in opt mode) /storage/work/mvk6158/moose_directories/moose//framework/src/actions/CreateDisplacedProblemAction.C...\nCompiling C++ (in opt mode) /storage/work/mvk6158/moose_directories/moose//framework/src/actions/CreateExecutionerAction.C...\nCompiling C++ (in opt mode) /storage/work/mvk6158/moose_directories/moose//framework/src/actions/CreateProblemAction.C...\nCompiling C++ (in opt mode) /storage/work/mvk6158/moose_directories/moose//framework/src/actions/CreateProblemDefaultAction.C...\nCompiling C++ (in opt mode) /storage/work/mvk6158/moose_directories/moose//framework/src/actions/DeclareLateReportersAction.C...\nCompiling C++ (in opt mode) /storage/work/mvk6158/moose_directories/moose//framework/src/actions/DeprecatedBlockAction.C...\nCompiling C++ (in opt mode) /storage/work/mvk6158/moose_directories/moose//framework/src/actions/DisplayGhostingAction.C...\nCompiling C++ (in opt mode) /storage/work/mvk6158/moose_directories/moose//framework/src/actions/DynamicObjectRegistrationAction.C...\nCompiling C++ (in opt mode) /storage/work/mvk6158/moose_directories/moose//framework/src/actions/ElementIDOutputAction.C...\nCompiling C++ (in opt mode) /storage/work/mvk6158/moose_directories/moose//framework/src/actions/EmptyAction.C...\nCompiling C++ (in opt mode) /storage/work/mvk6158/moose_directories/moose//framework/src/actions/ExecuteMeshGenerators.C...\nCompiling C++ (in opt mode) /storage/work/mvk6158/moose_directories/moose//framework/src/actions/GlobalParamsAction.C...\nCompiling C++ (in opt mode) /storage/work/mvk6158/moose_directories/moose//framework/src/actions/InitProblemAction.C...\nCompiling C++ (in opt mode) /storage/work/mvk6158/moose_directories/moose//framework/src/actions/MaterialDerivativeTestAction.C...\nCompiling C++ (in opt mode) /storage/work/mvk6158/moose_directories/moose//framework/src/actions/MaterialOutputAction.C...\nCompiling C++ (in opt mode) /storage/work/mvk6158/moose_directories/moose//framework/src/actions/MeshOnlyAction.C...\nCompiling C++ (in opt mode) /storage/work/mvk6158/moose_directories/moose//framework/src/actions/MooseObjectAction.C...\nCompiling C++ (in opt mode) /storage/work/mvk6158/moose_directories/moose//framework/src/actions/PartitionerAction.C...\nCompiling C++ (in opt mode) /storage/work/mvk6158/moose_directories/moose//framework/src/actions/ProjectedStatefulMaterialStorageAction.C...\nCompiling C++ (in opt mode) /storage/work/mvk6158/moose_directories/moose//framework/src/actions/ReadExecutorParamsAction.C...\nCompiling C++ (in opt mode) /storage/work/mvk6158/moose_directories/moose//framework/src/actions/ResolveOptionalMaterialPropertiesAction.C...\nCompiling C++ (in opt mode) /storage/work/mvk6158/moose_directories/moose//framework/src/actions/SetAdaptivityOptionsAction.C...\nCompiling C++ (in opt mode) /storage/work/mvk6158/moose_directories/moose//framework/src/actions/SetupDampersAction.C...\nCompiling C++ (in opt mode) /storage/work/mvk6158/moose_directories/moose//framework/src/actions/SetupDebugAction.C...\nCompiling C++ (in opt mode) /storage/work/mvk6158/moose_directories/moose//framework/src/actions/SetupMeshAction.C...\nCompiling C++ (in opt mode) /storage/work/mvk6158/moose_directories/moose//framework/src/actions/SetupMeshCompleteAction.C...\nCompiling C++ (in opt mode) /storage/work/mvk6158/moose_directories/moose//framework/src/actions/SetupPreconditionerAction.C...\nCompiling C++ (in opt mode) /storage/work/mvk6158/moose_directories/moose//framework/src/actions/SetupPredictorAction.C...\nCompiling C++ (in opt mode) /storage/work/mvk6158/moose_directories/moose//framework/src/actions/SetupQuadratureAction.C...\nCompiling C++ (in opt mode) /storage/work/mvk6158/moose_directories/moose//framework/src/actions/SetupRecoverFileBaseAction.C...\nCompiling C++ (in opt mode) /storage/work/mvk6158/moose_directories/moose//framework/src/actions/SetupResidualDebugAction.C...\nCompiling C++ (in opt mode) /storage/work/mvk6158/moose_directories/moose//framework/src/actions/SetupTimeIntegratorAction.C...\nCompiling C++ (in opt mode) /storage/work/mvk6158/moose_directories/moose//framework/src/actions/SetupTimeStepperAction.C...\nCompiling C++ (in opt mode) /storage/work/mvk6158/moose_directories/moose//framework/src/actions/SplitMeshAction.C...\nCompiling C++ (in opt mode) /storage/work/mvk6158/moose_directories/moose//framework/src/auxkernels/AdvectiveFluxAux.C...\nCompiling C++ (in opt mode) /storage/work/mvk6158/moose_directories/moose//framework/src/auxkernels/ArrayParsedAux.C...\nCompiling C++ (in opt mode) /storage/work/mvk6158/moose_directories/moose//framework/src/auxkernels/ArrayVarReductionAux.C...\nCompiling C++ (in opt mode) /storage/work/mvk6158/moose_directories/moose//framework/src/auxkernels/ArrayVariableComponent.C...\nCompiling C++ (in opt mode) /storage/work/mvk6158/moose_directories/moose//framework/src/auxkernels/AuxKernel.C...\nCompiling C++ (in opt mode) /storage/work/mvk6158/moose_directories/moose//framework/src/auxkernels/AuxNodalScalarKernel.C...\nCompiling C++ (in opt mode) /storage/work/mvk6158/moose_directories/moose//framework/src/auxkernels/AuxScalarKernel.C...\nCompiling C++ (in opt mode) /storage/work/mvk6158/moose_directories/moose//framework/src/auxkernels/BoundsAuxBase.C...\nCompiling C++ (in opt mode) /storage/work/mvk6158/moose_directories/moose//framework/src/auxkernels/BuildArrayVariableAux.C...\nCompiling C++ (in opt mode) /storage/work/mvk6158/moose_directories/moose//framework/src/auxkernels/ConstantAux.C...\nCompiling C++ (in opt mode) /storage/work/mvk6158/moose_directories/moose//framework/src/auxkernels/ConstantBoundsAux.C...\nCompiling C++ (in opt mode) /storage/work/mvk6158/moose_directories/moose//framework/src/auxkernels/ConstantScalarAux.C...\nCompiling C++ (in opt mode) /storage/work/mvk6158/moose_directories/moose//framework/src/auxkernels/ContainsPointAux.C...\nCompiling C++ (in opt mode) /storage/work/mvk6158/moose_directories/moose//framework/src/auxkernels/CopyValueAux.C...\nCompiling C++ (in opt mode) /storage/work/mvk6158/moose_directories/moose//framework/src/auxkernels/DebugResidualAux.C...\nCompiling C++ (in opt mode) /storage/work/mvk6158/moose_directories/moose//framework/src/auxkernels/DiffusionFluxAux.C...\nCompiling C++ (in opt mode) /storage/work/mvk6158/moose_directories/moose//framework/src/auxkernels/DivergenceAux.C...\nCompiling C++ (in opt mode) /storage/work/mvk6158/moose_directories/moose//framework/src/auxkernels/ElementH1ErrorFunctionAux.C...\nCompiling C++ (in opt mode) /storage/work/mvk6158/moose_directories/moose//framework/src/auxkernels/ElementIntegerAux.C...\nCompiling C++ (in opt mode) /storage/work/mvk6158/moose_directories/moose//framework/src/auxkernels/ElementL2ErrorFunctionAux.C...\nCompiling C++ (in opt mode) /storage/work/mvk6158/moose_directories/moose//framework/src/auxkernels/ElementLengthAux.C...\nCompiling C++ (in opt mode) /storage/work/mvk6158/moose_directories/moose//framework/src/auxkernels/ElementLpNormAux.C...\nCompiling C++ (in opt mode) /storage/work/mvk6158/moose_directories/moose//framework/src/auxkernels/ElementQualityAux.C...\nCompiling C++ (in opt mode) /storage/work/mvk6158/moose_directories/moose//framework/src/auxkernels/ElementUOAux.C...\nCompiling C++ (in opt mode) /storage/work/mvk6158/moose_directories/moose//framework/src/auxkernels/ExtraElementIDAux.C...\nCompiling C++ (in opt mode) /storage/work/mvk6158/moose_directories/moose//framework/src/auxkernels/ForcingFunctionAux.C...\nCompiling C++ (in opt mode) /storage/work/mvk6158/moose_directories/moose//framework/src/auxkernels/FunctionArrayAux.C...\nCompiling C++ (in opt mode) /storage/work/mvk6158/moose_directories/moose//framework/src/auxkernels/FunctionAux.C...\nCompiling C++ (in opt mode) /storage/work/mvk6158/moose_directories/moose//framework/src/auxkernels/FunctionScalarAux.C...\nCompiling C++ (in opt mode) /storage/work/mvk6158/moose_directories/moose//framework/src/auxkernels/FunctorAux.C...\nCompiling C++ (in opt mode) /storage/work/mvk6158/moose_directories/moose//framework/src/auxkernels/FunctorElementalGradientAux.C...\nCompiling C++ (in opt mode) /storage/work/mvk6158/moose_directories/moose//framework/src/auxkernels/FunctorVectorElementalAux.C...\nCompiling C++ (in opt mode) /storage/work/mvk6158/moose_directories/moose//framework/src/auxkernels/GapValueAux.C...\nCompiling C++ (in opt mode) /storage/work/mvk6158/moose_directories/moose//framework/src/auxkernels/GhostingAux.C...\nCompiling C++ (in opt mode) /storage/work/mvk6158/moose_directories/moose//framework/src/auxkernels/HardwareIDAux.C...\nCompiling C++ (in opt mode) /storage/work/mvk6158/moose_directories/moose//framework/src/auxkernels/InterfaceValueUserObjectAux.C...\nCompiling C++ (in opt mode) /storage/work/mvk6158/moose_directories/moose//framework/src/auxkernels/MaterialRankFourTensorAux.C...\nCompiling C++ (in opt mode) /storage/work/mvk6158/moose_directories/moose//framework/src/auxkernels/MaterialRankTwoTensorAux.C...\nCompiling C++ (in opt mode) /storage/work/mvk6158/moose_directories/moose//framework/src/auxkernels/MaterialRateRealAux.C...\nCompiling C++ (in opt mode) /storage/work/mvk6158/moose_directories/moose//framework/src/auxkernels/MaterialRealAux.C...\nCompiling C++ (in opt mode) /storage/work/mvk6158/moose_directories/moose//framework/src/auxkernels/MaterialRealDenseMatrixAux.C...\nCompiling C++ (in opt mode) /storage/work/mvk6158/moose_directories/moose//framework/src/auxkernels/MaterialRealTensorValueAux.C...\nCompiling C++ (in opt mode) /storage/work/mvk6158/moose_directories/moose//framework/src/auxkernels/MaterialRealVectorValueAux.C...\nCompiling C++ (in opt mode) /storage/work/mvk6158/moose_directories/moose//framework/src/auxkernels/MaterialStdVectorAux.C...\nCompiling C++ (in opt mode) /storage/work/mvk6158/moose_directories/moose//framework/src/auxkernels/MaterialStdVectorRealGradientAux.C...\nCompiling C++ (in opt mode) /storage/work/mvk6158/moose_directories/moose//framework/src/auxkernels/MeshDivisionAux.C...\nCompiling C++ (in opt mode) /storage/work/mvk6158/moose_directories/moose//framework/src/auxkernels/MortarNodalAuxKernel.C...\nCompiling C++ (in opt mode) /storage/work/mvk6158/moose_directories/moose//framework/src/auxkernels/NearestNodeDistanceAux.C...\nCompiling C++ (in opt mode) /storage/work/mvk6158/moose_directories/moose//framework/src/auxkernels/NearestNodeValueAux.C...\nCompiling C++ (in opt mode) /storage/work/mvk6158/moose_directories/moose//framework/src/auxkernels/NodalPatchRecovery.C...\nCompiling C++ (in opt mode) /storage/work/mvk6158/moose_directories/moose//framework/src/auxkernels/NodalPatchRecoveryAux.C...\nCompiling C++ (in opt mode) /storage/work/mvk6158/moose_directories/moose//framework/src/auxkernels/NodalPatchRecoveryAuxBase.C...\nCompiling C++ (in opt mode) /storage/work/mvk6158/moose_directories/moose//framework/src/auxkernels/NormalizationAux.C...\nCompiling C++ (in opt mode) /storage/work/mvk6158/moose_directories/moose//framework/src/auxkernels/ParsedAux.C...\nCompiling C++ (in opt mode) /storage/work/mvk6158/moose_directories/moose//framework/src/auxkernels/ParsedVectorAux.C...\nCompiling C++ (in opt mode) /storage/work/mvk6158/moose_directories/moose//framework/src/auxkernels/PenetrationAux.C...\nCompiling C++ (in opt mode) /storage/work/mvk6158/moose_directories/moose//framework/src/auxkernels/ProcessorIDAux.C...\nCompiling C++ (in opt mode) /storage/work/mvk6158/moose_directories/moose//framework/src/auxkernels/ProjectedMaterialPropertyNodalPatchRecoveryAux.C...\nCompiling C++ (in opt mode) /storage/work/mvk6158/moose_directories/moose//framework/src/auxkernels/ProjectedStatefulMaterialAux.C...\nCompiling C++ (in opt mode) /storage/work/mvk6158/moose_directories/moose//framework/src/auxkernels/ProjectionAux.C...\nCompiling C++ (in opt mode) /storage/work/mvk6158/moose_directories/moose//framework/src/auxkernels/QuotientAux.C...\nCompiling C++ (in opt mode) /storage/work/mvk6158/moose_directories/moose//framework/src/auxkernels/QuotientScalarAux.C...\nCompiling C++ (in opt mode) /storage/work/mvk6158/moose_directories/moose//framework/src/auxkernels/ScalarTagMatrixAux.C...\nCompiling C++ (in opt mode) /storage/work/mvk6158/moose_directories/moose//framework/src/auxkernels/ScalarTagVectorAux.C...\nCompiling C++ (in opt mode) /storage/work/mvk6158/moose_directories/moose//framework/src/auxkernels/SecondTimeDerivativeAux.C...\nCompiling C++ (in opt mode) /storage/work/mvk6158/moose_directories/moose//framework/src/auxkernels/SolutionAux.C...\nCompiling C++ (in opt mode) /storage/work/mvk6158/moose_directories/moose//framework/src/auxkernels/SolutionScalarAux.C...\nCompiling C++ (in opt mode) /storage/work/mvk6158/moose_directories/moose//framework/src/auxkernels/SpatialUserObjectAux.C...\nCompiling C++ (in opt mode) /storage/work/mvk6158/moose_directories/moose//framework/src/auxkernels/TagMatrixAux.C...\nCompiling C++ (in opt mode) /storage/work/mvk6158/moose_directories/moose//framework/src/auxkernels/TagVectorArrayVariableAux.C...\nCompiling C++ (in opt mode) /storage/work/mvk6158/moose_directories/moose//framework/src/auxkernels/TagVectorArrayVariableValueAux.C...\nCompiling C++ (in opt mode) /storage/work/mvk6158/moose_directories/moose//framework/src/auxkernels/TagVectorAux.C...\nCompiling C++ (in opt mode) /storage/work/mvk6158/moose_directories/moose//framework/src/auxkernels/TimeDerivativeAux.C...\nCompiling C++ (in opt mode) /storage/work/mvk6158/moose_directories/moose//framework/src/auxkernels/VariableGradientComponent.C...\nCompiling C++ (in opt mode) /storage/work/mvk6158/moose_directories/moose//framework/src/auxkernels/VariableOldValueBoundsAux.C...\nCompiling C++ (in opt mode) /storage/work/mvk6158/moose_directories/moose//framework/src/auxkernels/VariableTimeIntegrationAux.C...\nCompiling C++ (in opt mode) /storage/work/mvk6158/moose_directories/moose//framework/src/auxkernels/VectorFunctionAux.C...\nCompiling C++ (in opt mode) /storage/work/mvk6158/moose_directories/moose//framework/src/auxkernels/VectorMagnitudeAux.C...\nCompiling C++ (in opt mode) /storage/work/mvk6158/moose_directories/moose//framework/src/auxkernels/VectorMaterialRealVectorValueAux.C...\nCompiling C++ (in opt mode) /storage/work/mvk6158/moose_directories/moose//framework/src/auxkernels/VectorPostprocessorVisualizationAux.C...\nCompiling C++ (in opt mode) /storage/work/mvk6158/moose_directories/moose//framework/src/auxkernels/VectorVariableComponentAux.C...\nCompiling C++ (in opt mode) /storage/work/mvk6158/moose_directories/moose//framework/src/auxkernels/VectorVariableMagnitudeAux.C...\nCompiling C++ (in opt mode) /storage/work/mvk6158/moose_directories/moose//framework/src/auxkernels/VolumeAux.C...\nCompiling C++ (in opt mode) /storage/work/mvk6158/moose_directories/moose//framework/src/auxkernels/WeightedGapAux.C...\nCompiling C++ (in opt mode) /storage/work/mvk6158/moose_directories/moose//framework/src/base/Adaptivity.C...\nCompiling C++ (in opt mode) /storage/work/mvk6158/moose_directories/moose//framework/src/base/AppFactory.C...\nCompiling C++ (in opt mode) /storage/work/mvk6158/moose_directories/moose//framework/src/base/Assembly.C...\nCompiling C++ (in opt mode) /storage/work/mvk6158/moose_directories/moose//framework/src/base/Attributes.C...\nCompiling C++ (in opt mode) /storage/work/mvk6158/moose_directories/moose//framework/src/base/ExecFlagRegistry.C...\nCompiling C++ (in opt mode) /storage/work/mvk6158/moose_directories/moose//framework/src/base/Factory.C...\nCompiling C++ (in opt mode) /storage/work/mvk6158/moose_directories/moose//framework/src/base/MaxVarNDofsPerElem.C...\nCompiling C++ (in opt mode) /storage/work/mvk6158/moose_directories/moose//framework/src/base/MaxVarNDofsPerNode.C...\nCompiling C++ (in opt mode) /storage/work/mvk6158/moose_directories/moose//framework/src/base/MeshGeneratorSystem.C...\nCompiling C++ (in opt mode) /storage/work/mvk6158/moose_directories/moose//framework/src/base/Moose.C...\nCompiling C++ (in opt mode) /storage/work/mvk6158/moose_directories/moose//framework/src/base/MooseApp.C...\ng++: fatal error: Killed signal terminated program cc1plus\ncompilation terminated.\nmake: *** [/storage/work/mvk6158/moose_directories/moose//framework/build.mk:151: /storage/work/mvk6158/moose_directories/moose//framework/src/base/MooseApp.x86_64-pc-linux-gnu.opt.lo] Error 1",
                  "url": "https://github.com/idaholab/moose/discussions/28522#discussioncomment-10516002",
                  "updatedAt": "2024-09-02T03:25:43Z",
                  "publishedAt": "2024-09-02T03:25:42Z",
                  "isAnswer": false,
                  "replies": {
                    "edges": [
                      {
                        "node": {
                          "author": {
                            "login": "GiudGiud"
                          },
                          "bodyText": "Something is killing the compilation\nAre you allowed to run compilations on this volume?\nHow much memory (RAM) do you have accessible?",
                          "url": "https://github.com/idaholab/moose/discussions/28522#discussioncomment-10520180",
                          "updatedAt": "2024-09-02T11:58:53Z",
                          "publishedAt": "2024-09-02T11:58:53Z",
                          "isAnswer": false
                        }
                      }
                    ]
                  }
                }
              },
              {
                "node": {
                  "author": {
                    "login": "manikumd22"
                  },
                  "bodyText": "Hi @GiudGiud\nYes, I'm allowed to run compilation, as I running my moose model, I'm facing issues when I am trying to run the make file\n          total        used        free      shared  buff/cache   available\n\nMem:           31Gi       6.6Gi       1.3Gi       7.3Gi        23Gi        17Gi\nSwap:            0B          0B          0B",
                  "url": "https://github.com/idaholab/moose/discussions/28522#discussioncomment-10522253",
                  "updatedAt": "2024-09-02T15:03:22Z",
                  "publishedAt": "2024-09-02T15:03:21Z",
                  "isAnswer": false,
                  "replies": {
                    "edges": []
                  }
                }
              },
              {
                "node": {
                  "author": {
                    "login": "GiudGiud"
                  },
                  "bodyText": "You have plenty of memory.\ncan you try to run in that folder\ngit init\nI'm thinking the error you get from git is preventing the compilation",
                  "url": "https://github.com/idaholab/moose/discussions/28522#discussioncomment-10522665",
                  "updatedAt": "2024-09-02T15:47:01Z",
                  "publishedAt": "2024-09-02T15:47:00Z",
                  "isAnswer": false,
                  "replies": {
                    "edges": []
                  }
                }
              },
              {
                "node": {
                  "author": {
                    "login": "manikumd22"
                  },
                  "bodyText": "Hi @GiudGiud\nI tried but same error\n[mvk6158@submit01 moosematerialApp]$ git init\nReinitialized existing Git repository in /storage/work/mvk6158/moose_directories/moosematerialApp/.git/\n[mvk6158@submit01 moosematerialApp]$ make\nCompiling C++ (in opt mode) /storage/work/mvk6158/moose_directories/moose//framework/build/unity_src/actions_Unity.C...\ng++: fatal error: Killed signal terminated program cc1plus\ncompilation terminated.\nmake: *** [/storage/work/mvk6158/moose_directories/moose//framework/build.mk:151: /storage/work/mvk6158/moose_directories/moose//framework/build/unity_src/actions_Unity.x86_64-pc-linux-gnu.opt.lo] Error 1\n[mvk6158@submit01 moosematerialApp]$ MOOSE_UNITY=0 make -j1\nCompiling C++ (in opt mode) /storage/work/mvk6158/moose_directories/moose//framework/src/base/MooseApp.C...\ng++: fatal error: Killed signal terminated program cc1plus\ncompilation terminated.\nmake: *** [/storage/work/mvk6158/moose_directories/moose//framework/build.mk:151: /storage/work/mvk6158/moose_directories/moose//framework/src/base/MooseApp.x86_64-pc-linux-gnu.opt.lo] Error 1",
                  "url": "https://github.com/idaholab/moose/discussions/28522#discussioncomment-10522786",
                  "updatedAt": "2024-09-02T16:01:40Z",
                  "publishedAt": "2024-09-02T16:01:39Z",
                  "isAnswer": false,
                  "replies": {
                    "edges": [
                      {
                        "node": {
                          "author": {
                            "login": "GiudGiud"
                          },
                          "bodyText": "Can you please run the diagnostics script in moose/scripts",
                          "url": "https://github.com/idaholab/moose/discussions/28522#discussioncomment-10522876",
                          "updatedAt": "2024-09-02T16:12:35Z",
                          "publishedAt": "2024-09-02T16:12:34Z",
                          "isAnswer": false
                        }
                      }
                    ]
                  }
                }
              },
              {
                "node": {
                  "author": {
                    "login": "manikumd22"
                  },
                  "bodyText": "Hi @GiudGiud\nI tried this\n[mvk6158@submit01 scripts]$ ./run_tests -i\nusage: run_tests [-h] [--opt] [--dbg] [--devel] [--oprof] [--pro] [--run RUN]\n[--ignore [caveat]] [-j [int]] [-e] [-c]\n[--color-first-directory] [--heavy] [--all-tests] [-g GROUP]\n[--not_group NOT_GROUP] [--dbfile [DBFILE]] [-l LOAD] [-t]\n[--longest-jobs LONGEST_JOBS] [-s] [-i INPUT_FILE_NAME]\n[--libmesh_dir LIBMESH_DIR] [--skip-config-checks]\n[--parallel [PARALLEL]] [--n-threads NTHREADS] [--recover]\n[--recoversuffix RECOVERSUFFIX] [--valgrind]\n[--valgrind-heavy] [--valgrind-max-fails VALGRIND_MAX_FAILS]\n[--max-fails MAX_FAILS] [--re REG_EXP] [--failed-tests]\n[--check-input] [--no-check-input] [--spec-file SPEC_FILE]\n[-C dir] [-d] [--parallel-mesh] [--distributed-mesh]\n[--error] [--error-unused] [--error-deprecated]\n[--allow-unused] [--cli-args [CLI_ARGS]] [--dry-run]\n[--use-subdir-exe] [-v] [-q] [--no-report] [--show-directory]\n[-o directory] [-f FILE] [-x] [--sep-files-ok] [-a]\n[--include-input-file] [--testharness-unittest] [--json]\n[--yaml] [--dump] [--no-trimmed-output]\n[--no-trimmed-output-on-error] [--results-file RESULTS_FILE]\n[--show-last-run] [--pbs name] [--pbs-pre-source]\n[--pbs-project] [--pbs-queue] [--pbs-node-cpus]\n[--pbs-cleanup name]\nrun_tests: error: argument -i: expected 1 argument",
                  "url": "https://github.com/idaholab/moose/discussions/28522#discussioncomment-10523208",
                  "updatedAt": "2024-09-02T16:40:58Z",
                  "publishedAt": "2024-09-02T16:40:57Z",
                  "isAnswer": false,
                  "replies": {
                    "edges": [
                      {
                        "node": {
                          "author": {
                            "login": "GiudGiud"
                          },
                          "bodyText": "The tests script is different from the diagnostics one\nYou ll find the diagnostics script in the moose/scripts folder",
                          "url": "https://github.com/idaholab/moose/discussions/28522#discussioncomment-10523424",
                          "updatedAt": "2024-09-02T17:06:02Z",
                          "publishedAt": "2024-09-02T17:06:02Z",
                          "isAnswer": false
                        }
                      }
                    ]
                  }
                }
              },
              {
                "node": {
                  "author": {
                    "login": "manikumd22"
                  },
                  "bodyText": "Hi @GiudGiud\nI run the file\n[mvk6158@submit03 scripts]$ ./diagnostics.sh\nMon Sep  2 13:27:20 EDT 2024\nSystem Arch: LSB Version: :core-4.1-amd64:core-4.1-noarch Distributor ID: RedHatEnterprise Description: Red Hat Enterprise Linux release 8.10 (Ootpa) Release: 8.10 Codename: Ootpa\nMOOSE Package Version: Custom Build\nCPU Count: 8\nMemory Free: 2502.332 MB\nVariable which $CC check:\n/storage/work/mvk6158/moose_directories/moose/petsc/arch-moose/bin/mpicc\n$CC --version:\ngcc (GCC) 8.5.0 20210514 (Red Hat 8.5.0-22)\nCopyright (C) 2018 Free Software Foundation, Inc.\nThis is free software; see the source for copying conditions.  There is NO\nwarranty; not even for MERCHANTABILITY or FITNESS FOR A PARTICULAR PURPOSE.\nMPICC:\nwhich mpicc:\n/storage/work/mvk6158/moose_directories/moose/petsc/arch-moose/bin/mpicc\nmpicc -show:\ngcc -fPIC -Wno-lto-type-mismatch -g -O -I/storage/work/mvk6158/moose_directories/moose/petsc/arch-moose/include -L/storage/work/mvk6158/moose_directories/moose/petsc/arch-moose/lib -Wl,-rpath -Wl,/storage/work/mvk6158/moose_directories/moose/petsc/arch-moose/lib -Wl,--enable-new-dtags -lmpi\nCOMPILER gcc:\ngcc (GCC) 8.5.0 20210514 (Red Hat 8.5.0-22)\nCopyright (C) 2018 Free Software Foundation, Inc.\nThis is free software; see the source for copying conditions.  There is NO\nwarranty; not even for MERCHANTABILITY or FITNESS FOR A PARTICULAR PURPOSE.\nPython:\n/usr/bin/python\nPython 3.6.8\nMODULES:\nNo modules loaded\nENVIRONMENT:\n;;\n;;\n;;\n}\n}\n}\nBASH_ENV=/usr/share/lmod/lmod/init/bash\nBASH_FUNC_ml%%=() {  eval \"$($LMOD_DIR/ml_cmd \"$@\")\"\nBASH_FUNC_module%%=() {  if [ -z \"${LMOD_SH_DBG_ON+x}\" ]; then\nBASH_FUNC_which%%=() {  ( alias;\nBROWSER=/storage/home/mvk6158/.vscode-server/bin/441438abd1ac652551dbe4d408dfcec8a499b8bf/bin/helpers/browser.sh\ncase \"$-\" in\nCC=mpicc\nCOLORTERM=truecolor\nCPATH=/storage/work/mvk6158/moose_directories/libtirpc_build/include/tirpc:/storage/work/mvk6158/moose_directories/moose/petsc/arch-moose/include:/storage/work/mvk6158/moose_directories/moose/libmesh/installed/include\nCVS_RSH=ssh\nCXX=mpicxx\necho \"Shell debugging restarted\" 1>&2;\necho \"Shell debugging temporarily silenced: export LMOD_SH_DBG_ON=1 for Lmod's output\" 1>&2;\nesac;\neval \"$($LMOD_CMD shell \"$@\")\" && eval \"$(${LMOD_SETTARG_CMD:-:} -s sh)\";\neval ${which_declare} ) | /usr/bin/which --tty-only --read-alias --read-functions --show-tilde --show-dot $@\nF77=mpif77\nF90=mpif90\nFC=mpif90\nfi;\nfi;\nfi;\nGIT_ASKPASS=/storage/home/mvk6158/.vscode-server/bin/441438abd1ac652551dbe4d408dfcec8a499b8bf/extensions/git/dist/askpass.sh\nHISTCONTROL=ignoredups\nHISTSIZE=1000\nHOME=/storage/home/mvk6158\nHOSTNAME=submit03\nif [ -n \"${__lmod_sh_dbg:-}\" ]; then\nif [ -n \"${__lmod_sh_dbg:-}\" ]; then\nLANG=en_US.UTF-8\nLD_LIBRARY_PATH=:/storage/work/mvk6158/moose_directories/libtirpc_build/lib:/storage/work/mvk6158/moose_directories/moose/petsc/arch-moose/lib:/storage/work/mvk6158/moose_directories/moose/libmesh/installed/lib\nLESSOPEN=||/usr/bin/lesspipe.sh %s\nLMOD_CMD=/usr/share/lmod/lmod/libexec/lmod\nLMOD_DIR=/usr/share/lmod/lmod/libexec\n__lmod_my_status=$?;\nLMOD_PACKAGE_PATH=/swst/modulefiles\nLMOD_PKG=/usr/share/lmod/lmod\n__LMOD_REF_COUNT_MODULEPATH=/storage/icds/RISE/sw8/modules:2;/swst/modulefiles/linux-rhel8-x86_64/Core:2;/etc/modulefiles:1;/usr/share/modulefiles:1;/usr/share/modulefiles/Linux:1;/usr/share/modulefiles/Core:1;/usr/share/lmod/lmod/modulefiles/Core:1\nLMOD_ROOT=/usr/share/lmod\nLMOD_SETTARG_FULL_SUPPORT=no\n__lmod_sh_dbg='v'\n__lmod_sh_dbg='vx'\n__lmod_sh_dbg='x'\nLMOD_sys=Linux\nLMOD_VERSION=8.7.32\nLOGNAME=mvk6158\nLS_COLORS=rs=0:di=38;5;33:ln=38;5;51:mh=00:pi=40;38;5;11:so=38;5;13:do=38;5;5:bd=48;5;232;38;5;11:cd=48;5;232;38;5;3:or=48;5;232;38;5;9:mi=01;05;37;41:su=48;5;196;38;5;15:sg=48;5;11;38;5;16:ca=48;5;196;38;5;226:tw=48;5;10;38;5;16:ow=48;5;10;38;5;21:st=48;5;21;38;5;15:ex=38;5;40:.tar=38;5;9:.tgz=38;5;9:.arc=38;5;9:.arj=38;5;9:.taz=38;5;9:.lha=38;5;9:.lz4=38;5;9:.lzh=38;5;9:.lzma=38;5;9:.tlz=38;5;9:.txz=38;5;9:.tzo=38;5;9:.t7z=38;5;9:.zip=38;5;9:.z=38;5;9:.dz=38;5;9:.gz=38;5;9:.lrz=38;5;9:.lz=38;5;9:.lzo=38;5;9:.xz=38;5;9:.zst=38;5;9:.tzst=38;5;9:.bz2=38;5;9:.bz=38;5;9:.tbz=38;5;9:.tbz2=38;5;9:.tz=38;5;9:.deb=38;5;9:.rpm=38;5;9:.jar=38;5;9:.war=38;5;9:.ear=38;5;9:.sar=38;5;9:.rar=38;5;9:.alz=38;5;9:.ace=38;5;9:.zoo=38;5;9:.cpio=38;5;9:.7z=38;5;9:.rz=38;5;9:.cab=38;5;9:.wim=38;5;9:.swm=38;5;9:.dwm=38;5;9:.esd=38;5;9:.jpg=38;5;13:.jpeg=38;5;13:.mjpg=38;5;13:.mjpeg=38;5;13:.gif=38;5;13:.bmp=38;5;13:.pbm=38;5;13:.pgm=38;5;13:.ppm=38;5;13:.tga=38;5;13:.xbm=38;5;13:.xpm=38;5;13:.tif=38;5;13:.tiff=38;5;13:.png=38;5;13:.svg=38;5;13:.svgz=38;5;13:.mng=38;5;13:.pcx=38;5;13:.mov=38;5;13:.mpg=38;5;13:.mpeg=38;5;13:.m2v=38;5;13:.mkv=38;5;13:.webm=38;5;13:.ogm=38;5;13:.mp4=38;5;13:.m4v=38;5;13:.mp4v=38;5;13:.vob=38;5;13:.qt=38;5;13:.nuv=38;5;13:.wmv=38;5;13:.asf=38;5;13:.rm=38;5;13:.rmvb=38;5;13:.flc=38;5;13:.avi=38;5;13:.fli=38;5;13:.flv=38;5;13:.gl=38;5;13:.dl=38;5;13:.xcf=38;5;13:.xwd=38;5;13:.yuv=38;5;13:.cgm=38;5;13:.emf=38;5;13:.ogv=38;5;13:.ogx=38;5;13:.aac=38;5;45:.au=38;5;45:.flac=38;5;45:.m4a=38;5;45:.mid=38;5;45:.midi=38;5;45:.mka=38;5;45:.mp3=38;5;45:.mpc=38;5;45:.ogg=38;5;45:.ra=38;5;45:.wav=38;5;45:.oga=38;5;45:.opus=38;5;45:.spx=38;5;45:.xspf=38;5;45:\nMAIL=/var/spool/mail/mvk6158\nMANPATH=/usr/share/lmod/lmod/share/man:\nMODULEPATH_ROOT=/swst/modulefiles/linux-rhel8-x86_64/\nMODULEPATH=/storage/icds/RISE/sw8/modules:/swst/modulefiles/linux-rhel8-x86_64/Core:/etc/modulefiles:/usr/share/modulefiles:/usr/share/modulefiles/Linux:/usr/share/modulefiles/Core:/usr/share/lmod/lmod/modulefiles/Core\nMODULESHOME=/usr/share/lmod/lmod\nModuleTable001=X01vZHVsZVRhYmxlXyA9IHsKTVR2ZXJzaW9uID0gMywKY19yZWJ1aWxkVGltZSA9IGZhbHNlLApjX3Nob3J0VGltZSA9IGZhbHNlLApkZXB0aFQgPSB7fSwKZmFtaWx5ID0ge30sCm1UID0ge30sCm1wYXRoQSA9IHsKIi9zdG9yYWdlL2ljZHMvUklTRS9zdzgvbW9kdWxlcyIsICIvc3dzdC9tb2R1bGVmaWxlcy9saW51eC1yaGVsOC14ODZfNjQvQ29yZSIsICIvZXRjL21vZHVsZWZpbGVzIiwgIi91c3Ivc2hhcmUvbW9kdWxlZmlsZXMiLCAiL3Vzci9zaGFyZS9tb2R1bGVmaWxlcy9MaW51eCIsICIvdXNyL3NoYXJlL21vZHVsZWZpbGVzL0NvcmUiLCAiL3Vzci9zaGFyZS9sbW9kL2xtb2QvbW9kdWxlZmlsZXMvQ29yZSIsCn0sCnN5c3RlbUJhc2VNUEFUSCA9ICIvZXRjL21vZHVs\nModuleTable002=ZWZpbGVzOi91c3Ivc2hhcmUvbW9kdWxlZmlsZXM6L3Vzci9zaGFyZS9tb2R1bGVmaWxlcy9MaW51eDovdXNyL3NoYXJlL21vZHVsZWZpbGVzL0NvcmU6L3Vzci9zaGFyZS9sbW9kL2xtb2QvbW9kdWxlZmlsZXMvQ29yZSIsCn0K\nModuleTable_Sz=2\nMOOSE_DIR=/storage/work/mvk6158/moose_directories/moose/\nOLDPWD=/storage/work/mvk6158\nPATH=/storage/home/mvk6158/.vscode-server/bin/441438abd1ac652551dbe4d408dfcec8a499b8bf/bin/remote-cli:/storage/home/mvk6158/.vscode-server/bin/441438abd1ac652551dbe4d408dfcec8a499b8bf/bin/remote-cli:/storage/home/mvk6158/.local/bin:/storage/home/mvk6158/bin:/usr/local/bin:/usr/bin:/usr/local/sbin:/usr/sbin:/storage/icds/tools/bin:/storage/sys/slurm/bin:/storage/work/mvk6158/moose_directories/moose/petsc/arch-moose/bin:/storage/work/mvk6158/moose_directories/moose/libmesh/installed/bin:/storage/icds/tools/bin:/storage/sys/slurm/bin\nPETSC_ARCH=arch-moose\nPETSC_DIR=/storage/work/mvk6158/moose_directories/moose/petsc\nPWD=/storage/work/mvk6158/moose_directories/moose/scripts\nreturn $__lmod_my_status\nSCRATCH=/scratch\nset +$__lmod_sh_dbg;\nset -$__lmod_sh_dbg;\nSHELL=/bin/bash\nSHLVL=5\nSLURM_HOME=/storage/sys/slurm\nSSH_CLIENT=199.30.143.39 58329 22\nSSH_CONNECTION=199.30.143.39 58329 146.186.150.13 22\nSSH_USER_AUTH=/tmp/sshauth.7ybvVzXIiDvYjRU\nTERM_PROGRAM_VERSION=1.75.1\nTERM_PROGRAM=vscode\nTERM=xterm-256color\nTMPDIR=/tmp\nunset __lmod_sh_dbg;\nUSER=mvk6158\n_=/usr/bin/env\nv)\nVSCODE_GIT_ASKPASS_EXTRA_ARGS=\nVSCODE_GIT_ASKPASS_MAIN=/storage/home/mvk6158/.vscode-server/bin/441438abd1ac652551dbe4d408dfcec8a499b8bf/extensions/git/dist/askpass-main.js\nVSCODE_GIT_ASKPASS_NODE=/storage/home/mvk6158/.vscode-server/bin/441438abd1ac652551dbe4d408dfcec8a499b8bf/node\nVSCODE_GIT_IPC_HANDLE=/run/user/5624328/vscode-git-bf85f11af1.sock\nVSCODE_IPC_HOOK_CLI=/run/user/5624328/vscode-ipc-6523b58f-157a-4070-a966-47e63bd80623.sock\nvx)\nwhich_declare=declare -f\nWORK=/storage/work/mvk6158\nx)\nXDG_RUNTIME_DIR=/run/user/5624328\nXDG_SESSION_ID=18433",
                  "url": "https://github.com/idaholab/moose/discussions/28522#discussioncomment-10523561",
                  "updatedAt": "2024-09-02T17:28:14Z",
                  "publishedAt": "2024-09-02T17:28:14Z",
                  "isAnswer": false,
                  "replies": {
                    "edges": [
                      {
                        "node": {
                          "author": {
                            "login": "GiudGiud"
                          },
                          "bodyText": "You have less memory here\nIt says only 2.5 gb. This is well under requirements\nIs this your personal machine ? Or a specific part of a cluster ?",
                          "url": "https://github.com/idaholab/moose/discussions/28522#discussioncomment-10524010",
                          "updatedAt": "2024-09-02T18:38:57Z",
                          "publishedAt": "2024-09-02T18:38:57Z",
                          "isAnswer": false
                        }
                      }
                    ]
                  }
                }
              },
              {
                "node": {
                  "author": {
                    "login": "manikumd22"
                  },
                  "bodyText": "Hi @GiudGiud\nI have installed it on a research computing cluster provided by my university",
                  "url": "https://github.com/idaholab/moose/discussions/28522#discussioncomment-10524164",
                  "updatedAt": "2024-09-02T19:10:50Z",
                  "publishedAt": "2024-09-02T19:10:49Z",
                  "isAnswer": false,
                  "replies": {
                    "edges": [
                      {
                        "node": {
                          "author": {
                            "login": "GiudGiud"
                          },
                          "bodyText": "Can you try on a higher memory node?\nYou might be on the login node, you have very little memory\n(Or the inverse, you might be on a small memory compute node and you should try the login node)\nAlternatively you can ask your university cluster administrator to install it for you",
                          "url": "https://github.com/idaholab/moose/discussions/28522#discussioncomment-10524184",
                          "updatedAt": "2024-09-02T19:17:21Z",
                          "publishedAt": "2024-09-02T19:16:27Z",
                          "isAnswer": false
                        }
                      }
                    ]
                  }
                }
              },
              {
                "node": {
                  "author": {
                    "login": "manikumd22"
                  },
                  "bodyText": "Hi @GiudGiud\nI contacted the university cluster administrator and they allocated more memory (salloc --mem=16G)  for me and I am bale to compile it successfully.\nThanks for the help",
                  "url": "https://github.com/idaholab/moose/discussions/28522#discussioncomment-10540053",
                  "updatedAt": "2024-09-04T03:36:11Z",
                  "publishedAt": "2024-09-04T03:36:10Z",
                  "isAnswer": false,
                  "replies": {
                    "edges": []
                  }
                }
              }
            ]
          }
        }
      },
      {
        "node": {
          "title": "A WARNING with ADKernel",
          "author": {
            "login": "wangzhaohao"
          },
          "bodyText": "Check these boxes if you have followed the posting rules.\n\n Q&A General is the most appropriate section for my question\n I have consulted the posting Guidelines on the Discussions front page\n I have searched the Discussions forum and my question has not been asked before\n I have searched the MOOSE website and the documentation does not answer my question\n I have formatted my post following the posting guidelines (screenshots as a last resort, triple back quotes around pasted text)\n\nQuestion\nHi, there is a custom Diffusion Kernel. Seems all is right, because it's quite simple.\n#pragma once\n\n#include \"GenericKernel.h\"\n\ntemplate <bool is_ad>\nclass OxygenDiffusionTempl : public GenericKernel<is_ad>\n{\npublic:\n  static InputParameters validParams();\n  OxygenDiffusionTempl(const InputParameters & parameters);\n\nprotected:\n  virtual GenericReal<is_ad> computeQpResidual() override;\n  virtual Real computeQpJacobian() override;\n\n  const VariableValue & _temperature; //[K]\n  usingGenericKernelMembers;\n  using GenericKernel<is_ad>::_grad_test;\n  using GenericKernel<is_ad>::_grad_u;\n  using GenericKernel<is_ad>::_grad_phi;\nprivate:\n  Real _oxygen_diffusion_coeff; //[m^2/s]\n};\n\ntypedef OxygenDiffusionTempl<false> OxygenDiffusion;\ntypedef OxygenDiffusionTempl<true> ADOxygenDiffusion;\n#include \"OxygenDiffusion.h\"\n\nregisterMooseObject(\"MiracleApp\", OxygenDiffusion);\nregisterMooseObject(\"MiracleApp\", ADOxygenDiffusion);\n\ntemplate <bool is_ad>\nInputParameters OxygenDiffusionTempl<is_ad>::validParams()\n{\n  InputParameters params = GenericKernel<is_ad>::validParams();\n  params.addCoupledVar(\"temperature\", \"the temperature of the MOX or UO2 fuel in K\");\n  params.addClassDescription(\"Compute the oxygen diffusion term in MOX fuel.\");\n  return params;\n}\n\ntemplate <bool is_ad>\nOxygenDiffusionTempl<is_ad>::OxygenDiffusionTempl(const InputParameters & parameters)\n: GenericKernel<is_ad>(parameters),\n_temperature(this->coupledValue(\"temperature\"))\n{\n}\n\ntemplate <bool is_ad>\nGenericReal<is_ad> OxygenDiffusionTempl<is_ad>::computeQpResidual()\n{\n  _oxygen_diffusion_coeff = 3.5e-9 * std::exp(-7500. / _temperature[_qp]);// modifyed according FEAST_OXIDAL paper  \n  return _oxygen_diffusion_coeff * _grad_test[_i][_qp] * _grad_u[_qp];\n}\n\ntemplate <bool is_ad>\nReal OxygenDiffusionTempl<is_ad>::computeQpJacobian()\n{\n  if constexpr (!is_ad)\n  return _oxygen_diffusion_coeff * _grad_test[_i][_qp] * _grad_phi[_j][_qp];\n  else\n  mooseError(\"In ADOxygenDiffusion, computeQpJacobian should  not be called!\");\n}\n\ntemplate class OxygenDiffusionTempl<false>;\ntemplate class OxygenDiffusionTempl<true>;\nThe Miracle is myself AppName, when I test the Kernel, with this input file.\n[Mesh]\n  type = GeneratedMesh\n  dim = 2\n  nx = 10\n  ny = 10\n[]\n\n[Variables]\n  [u]\n  []\n[]\n[AuxVariables/temperature]\n  initial_condition = 1000\n[]\n\n[AuxKernels]\n  [temperature]\n    type = ConstantAux\n    variable = temperature\n    value = 1000\n  []\n[]\n\n[Kernels]\n  [diff]\n    type = ADOxygenDiffusion\n    variable = u\n    temperature = temperature\n  []\n[]\n\n[BCs]\n  [left]\n    type = ADDirichletBC\n    variable = u\n    boundary = left\n    value = 0\n  []\n  [right]\n    type = ADDirichletBC\n    variable = u\n    boundary = right\n    value = 1\n  []\n[]\n\n[Executioner]\n  type = Transient\n  dt = 1\n  end_time = 10\n  solve_type = 'PJFNK'\n#  petsc_options_iname = '-pc_type -pc_hypre_type'\n#  petsc_options_value = 'hypre boomeramg'\n  nl_abs_tol = 1e-10\n[]\n\n[Outputs]\n  exodus = true\n[]\nthere is a WARNING\nWARNING! There are options you set that were not used!\nWARNING! could be spelling mistake, etc!\nThere is one unused database option. It is:\nOption left: name:-ksp_converged_reason value: ::failed source: code\nAlthought There output exodus looks right, I want to remove this WARNING. So could you give me some help, Thanks!!!\nZhaohao Wang",
          "url": "https://github.com/idaholab/moose/discussions/28527",
          "updatedAt": "2024-09-03T14:38:32Z",
          "publishedAt": "2024-09-03T02:55:41Z",
          "category": {
            "name": "Q&A General"
          },
          "comments": {
            "edges": [
              {
                "node": {
                  "author": {
                    "login": "wangzhaohao"
                  },
                  "bodyText": "There is my MOOSE Version.\nMOOSE Version:           git commit dfb9763289 on 2024-07-15\nLibMesh Version:         \nPETSc Version:           3.20.3\nSLEPc Version:           3.20.1\nCurrent Time:            Tue Sep  3 10:46:54 2024\nExecutable Timestamp:    Tue Sep  3 10:46:42 2024\nand my workstation is\n\u2588\u2588\u2588\u2588\u2588\u2588\u2588\u2588\u2588\u2588\u2588\u2588\u2588\u2588\u2588\u2588\u2588\u2588  \u2588\u2588\u2588\u2588\u2588\u2588\u2588\u2588     wang@wang-x11dain\n\u2588\u2588\u2588\u2588\u2588\u2588\u2588\u2588\u2588\u2588\u2588\u2588\u2588\u2588\u2588\u2588\u2588\u2588  \u2588\u2588\u2588\u2588\u2588\u2588\u2588\u2588     OS: Manjaro 24.0.7 Wynsdey\n\u2588\u2588\u2588\u2588\u2588\u2588\u2588\u2588\u2588\u2588\u2588\u2588\u2588\u2588\u2588\u2588\u2588\u2588  \u2588\u2588\u2588\u2588\u2588\u2588\u2588\u2588     Kernel: x86_64 Linux 6.5.13-7-MANJARO\n\u2588\u2588\u2588\u2588\u2588\u2588\u2588\u2588\u2588\u2588\u2588\u2588\u2588\u2588\u2588\u2588\u2588\u2588  \u2588\u2588\u2588\u2588\u2588\u2588\u2588\u2588     Uptime: 8d 2h 3m\n\u2588\u2588\u2588\u2588\u2588\u2588\u2588\u2588                             \u2588\u2588\u2588\u2588\u2588\u2588\u2588\u2588     Packages: 1679\n\u2588\u2588\u2588\u2588\u2588\u2588\u2588\u2588  \u2588\u2588\u2588\u2588\u2588\u2588\u2588\u2588     \u2588\u2588\u2588\u2588\u2588\u2588\u2588\u2588     Shell: zsh 5.9\n\u2588\u2588\u2588\u2588\u2588\u2588\u2588\u2588  \u2588\u2588\u2588\u2588\u2588\u2588\u2588\u2588     \u2588\u2588\u2588\u2588\u2588\u2588\u2588\u2588     Resolution: 3000x2560\n\u2588\u2588\u2588\u2588\u2588\u2588\u2588\u2588  \u2588\u2588\u2588\u2588\u2588\u2588\u2588\u2588     \u2588\u2588\u2588\u2588\u2588\u2588\u2588\u2588     DE: KDE\n\u2588\u2588\u2588\u2588\u2588\u2588\u2588\u2588  \u2588\u2588\u2588\u2588\u2588\u2588\u2588\u2588     \u2588\u2588\u2588\u2588\u2588\u2588\u2588\u2588     WM: KWin\n\u2588\u2588\u2588\u2588\u2588\u2588\u2588\u2588  \u2588\u2588\u2588\u2588\u2588\u2588\u2588\u2588     \u2588\u2588\u2588\u2588\u2588\u2588\u2588\u2588     GTK Theme: Breeze [GTK2/3]\n\u2588\u2588\u2588\u2588\u2588\u2588\u2588\u2588  \u2588\u2588\u2588\u2588\u2588\u2588\u2588\u2588     \u2588\u2588\u2588\u2588\u2588\u2588\u2588\u2588     Icon Theme: Tela\n\u2588\u2588\u2588\u2588\u2588\u2588\u2588\u2588  \u2588\u2588\u2588\u2588\u2588\u2588\u2588\u2588     \u2588\u2588\u2588\u2588\u2588\u2588\u2588\u2588     Disk: 161G / 505G (34%)\n\u2588\u2588\u2588\u2588\u2588\u2588\u2588\u2588  \u2588\u2588\u2588\u2588\u2588\u2588\u2588\u2588     \u2588\u2588\u2588\u2588\u2588\u2588\u2588\u2588     CPU: Intel Xeon Gold 6148 @ 80x 3.7GHz [37.0\u00b0C]\n\u2588\u2588\u2588\u2588\u2588\u2588\u2588\u2588  \u2588\u2588\u2588\u2588\u2588\u2588\u2588\u2588     \u2588\u2588\u2588\u2588\u2588\u2588\u2588\u2588     GPU: NVIDIA GeForce GTX 1050\nRAM: 18681MiB / 96296MiB",
                  "url": "https://github.com/idaholab/moose/discussions/28527#discussioncomment-10526617",
                  "updatedAt": "2024-09-03T03:01:24Z",
                  "publishedAt": "2024-09-03T03:01:23Z",
                  "isAnswer": false,
                  "replies": {
                    "edges": []
                  }
                }
              },
              {
                "node": {
                  "author": {
                    "login": "GiudGiud"
                  },
                  "bodyText": "Thank you for reporting.\n@pbehne has been removing superfluous petsc options warnings / making it as accurate as possible. He will be able to help you though there might be a delay as the end of the financial year is a busier period\nIn the meantime, this is just a warning and you can ignore it.",
                  "url": "https://github.com/idaholab/moose/discussions/28527#discussioncomment-10526665",
                  "updatedAt": "2024-09-03T03:10:47Z",
                  "publishedAt": "2024-09-03T03:10:47Z",
                  "isAnswer": true,
                  "replies": {
                    "edges": []
                  }
                }
              },
              {
                "node": {
                  "author": {
                    "login": "pbehne"
                  },
                  "bodyText": "Are there any nonlinear iterations in your solve? If not, you are likely encountering this. This issue has been fixed in PETSc, we are just waiting for the next petsc submodule update.\nIf you MUST turn the warning off, you can supply -options-left 0 on the command line. I wouldn't recommend doing this, as it will turn off ALL warnings about unused options. But, if you are sure, go for it.",
                  "url": "https://github.com/idaholab/moose/discussions/28527#discussioncomment-10533136",
                  "updatedAt": "2024-09-03T14:38:34Z",
                  "publishedAt": "2024-09-03T14:38:32Z",
                  "isAnswer": false,
                  "replies": {
                    "edges": []
                  }
                }
              }
            ]
          }
        }
      },
      {
        "node": {
          "title": "Parametric Sweep on a Boundary Condition",
          "author": {
            "login": "jsevic"
          },
          "bodyText": "Check these boxes if you have followed the posting rules.\n\n Q&A General is the most appropriate section for my question\n I have consulted the posting Guidelines on the Discussions front page\n I have searched the Discussions forum and my question has not been asked before\n I have searched the MOOSE website and the documentation does not answer my question\n I have formatted my post following the posting guidelines (screenshots as a last resort, triple back quotes around pasted text)\n\nQuestion\nIs there a means of implementing a parametric sweep in MOOSE, specifically parametrizing a boundary condition and then running a Newton transient simulation to steady-state.\nWhat I would like to do is step voltage, a boundary condition, from say 0 V to 1.0 V in steps of 0.1 V and at each voltage step run the executioner with a Netwon transient simulation. Each voltage step would use the previous voltage step as the initial condition.\nI can do this manually, it would be nice to automate it.\nThank you.\nJohn Sevic",
          "url": "https://github.com/idaholab/moose/discussions/28525",
          "updatedAt": "2024-09-03T12:10:14Z",
          "publishedAt": "2024-09-02T20:55:34Z",
          "category": {
            "name": "Q&A General"
          },
          "comments": {
            "edges": [
              {
                "node": {
                  "author": {
                    "login": "GiudGiud"
                  },
                  "bodyText": "Hello\nYou can do that with the tools in stochastic tools, or in the optimization module\nhttps://mooseframework.inl.gov/syntax/ParameterStudy/index.html",
                  "url": "https://github.com/idaholab/moose/discussions/28525#discussioncomment-10525342",
                  "updatedAt": "2024-09-02T22:18:50Z",
                  "publishedAt": "2024-09-02T22:18:49Z",
                  "isAnswer": true,
                  "replies": {
                    "edges": [
                      {
                        "node": {
                          "author": {
                            "login": "jsevic"
                          },
                          "bodyText": "Great this is exactly what we were looking for thx!",
                          "url": "https://github.com/idaholab/moose/discussions/28525#discussioncomment-10531409",
                          "updatedAt": "2024-09-03T12:10:14Z",
                          "publishedAt": "2024-09-03T12:10:14Z",
                          "isAnswer": false
                        }
                      }
                    ]
                  }
                }
              }
            ]
          }
        }
      },
      {
        "node": {
          "title": "Definition of a 2 materials sample (elastic+viscoelastic)",
          "author": {
            "login": "AlexSacMorane"
          },
          "bodyText": "Dear all,\nI would like to model with MOOSE a 2 materials sample. This one is divided into one elastic part and one viscoelastic part.\nThanks to the tutorials, I have successfully run simulations with an elastic material only and with a viscoelastic material only. Nevertheless, I have not, combining the two.\nThe script I am using now is the following or in the attachments Elastic_ViscoElastic_Parallel_Materials.txt.\n\n[Mesh]\n[generated]\ntype = GeneratedMeshGenerator\ndim = 2\nnx = 10\nny = 10\nxmin = -0.5\nxmax =  0.5\nymin = -0.5\nymax =  0.5\n[]\n[elastic]\ntype = SubdomainBoundingBoxGenerator\ninput = generated\nblock_id = 1\nbottom_left = '-0.5 -0.5 0'\ntop_right = '0 0.5 0'\n[]\n[viscoelastic]\ntype = SubdomainBoundingBoxGenerator\ninput = elastic\nblock_id = 2\nbottom_left = '0 -0.5 0'\ntop_right = '0.5 0.5 0'\n[]\n[]\n[GlobalParams]\ndisplacements = 'disp_x disp_y'\n[]\n[Modules/TensorMechanics/Master]\nadd_variables = true\ngenerate_output = 'stress_xx stress_xy stress_yx stress_yy strain_xx strain_xy strain_yx strain_yy'\n[./block1]\nblock = 1\n[../]\n[./block2]\nblock = 2\n[../]\n[]\n[BCs]\ninactive = top_y\n[bottom_x]\ntype = DirichletBC\nvariable = disp_x\nboundary = bottom\nvalue = 0\n[]\n[bottom_y]\ntype = DirichletBC\nvariable = disp_y\nboundary = bottom\nvalue = 0\n[]\n[top_x]\ntype = FunctionDirichletBC\nvariable = disp_x\nboundary = top\nfunction = 1t\n[]\n[top_y]\ntype = FunctionDirichletBC\nvariable = disp_y\nboundary = top\nfunction = 0.5t\n[]\n[./Periodic]\n[./per_x_x]\nvariable = disp_x\nauto_direction = 'x'\n[../]\n[./per_y_x]\nvariable = disp_y\nauto_direction = 'x'\n[../]\n[../]\n[]\n[Materials]\n[./elasticity_tensor]\ntype = ComputeIsotropicElasticityTensor\nyoungs_modulus = 1e9\npoissons_ratio = 0.3\nbloc = 1\n[../]\n[./kelvin_voigt]\ntype = GeneralizedKelvinVoigtModel\ncreep_modulus = '1e9'\ncreep_viscosity = '1'\npoisson_ratio = 0.3\nyoung_modulus = 1e9\nbloc = 2\n[../]\n[./stress_elastic]\ntype = ComputeLinearElasticStress\nblock = 1\n[../]\n[./stress_viscoelastic]\ntype = ComputeLinearViscoelasticStress\nbloc = 2\n[../]\n[]\n[UserObjects]\n[./update]\ntype = LinearViscoelasticityManager\nviscoelastic_model = kelvin_voigt\nbloc = 2\n[../]\n[]\n[Preconditioning]\n[SMP]\ntype = SMP\nfull = true\n[]\n[]\n[Executioner]\ntype = Transient\nl_max_its  = 100\nl_tol      = 1e-8\nnl_max_its = 50\nnl_rel_tol = 1e-8\nnl_abs_tol = 1e-8\npetsc_options_iname = '-pc_type'\npetsc_options_value = 'lu'\nend_time = 1\ndt = 0.01\n[]\n[Outputs]\nexodus = true\n[console]\ntype = Console\nexecute_on = 'nonlinear'\n[]\n[]\n\nThe output I get is the following:\n\n*** ERROR ***\nThe following error occurred in the object \"MOOSE Problem\", of type \"FEProblem\".\nThe following material properties are declared on block 1 by multiple materials:\nMaterial Property             Material Objects\neffective_stiffness           block1_strain elasticity_tensor kelvin_voigt stress_elastic stress_viscoelastic\nelasticity_tensor             block1_strain elasticity_tensor kelvin_voigt stress_elastic stress_viscoelastic\n\nI am using an old version of Moose, the module is named tensor_mechanics. I am unsure about where the problem comes from. Is there someone able to help me?\nRegards\nAlexandre",
          "url": "https://github.com/idaholab/moose/discussions/28524",
          "updatedAt": "2024-09-02T20:04:06Z",
          "publishedAt": "2024-09-02T19:48:36Z",
          "category": {
            "name": "Q&A Modules: Solid mechanics"
          },
          "comments": {
            "edges": [
              {
                "node": {
                  "author": {
                    "login": "GiudGiud"
                  },
                  "bodyText": "Hello\nMaterials can be block restricted, which you almost have working.\nInstead of bloc = 1 you want block = 1 in the elasticity_tensor material.\nSame for the others.\nI think the 'unused parameter warning' would have helped you, but maybe it did not show because of the error",
                  "url": "https://github.com/idaholab/moose/discussions/28524#discussioncomment-10524710",
                  "updatedAt": "2024-09-02T20:01:13Z",
                  "publishedAt": "2024-09-02T20:01:11Z",
                  "isAnswer": true,
                  "replies": {
                    "edges": [
                      {
                        "node": {
                          "author": {
                            "login": "AlexSacMorane"
                          },
                          "bodyText": "Thank you, it was indeed an error because of that. I was not aware. Have a great day and thanks for your time.",
                          "url": "https://github.com/idaholab/moose/discussions/28524#discussioncomment-10524724",
                          "updatedAt": "2024-09-02T20:04:06Z",
                          "publishedAt": "2024-09-02T20:04:06Z",
                          "isAnswer": false
                        }
                      }
                    ]
                  }
                }
              }
            ]
          }
        }
      },
      {
        "node": {
          "title": "Max failures reached in installing MOOSE.",
          "author": {
            "login": "zuckarm"
          },
          "bodyText": "Check these boxes if you have followed the posting rules.\n\n Q&A General is the most appropriate section for my question\n I have consulted the posting Guidelines on the Discussions front page\n I have searched the Discussions forum and my question has not been asked before\n I have searched the MOOSE website and the documentation does not answer my question\n I have formatted my post following the posting guidelines (screenshots as a last resort, triple back quotes around pasted text)\n\nQuestion\ni am facing the following errors in installing MOOSE. can anyone please guide me?\n./run_tests -j 2\nmisc/check_error.node_value_off_block ..................................................... [METHOD!=DBG] SKIP\nmisc/check_error.bad_second_order_test .................................................... [METHOD!=DBG] SKIP\noutputs/format.tecplot_bin_test ......................................................... [TECPLOT!=TRUE] SKIP\nsamplers/base.errors/setNumberOfRows ............................................... [METHOD!=DEVEL, DBG] SKIP\nsamplers/base.errors/setNumberOfCols ............................................... [METHOD!=DEVEL, DBG] SKIP\nauxkernels/solution_aux.aux_nonlinear_solution/from_xdr ........................ [--with-dof-id-bytes!=4] SKIP\nproblems/eigen_problem/eigensolvers.no_slepc ............................................. [SLEPC!=FALSE] SKIP\nmeshmodifiers/element_subdomain_modifier.error-distributed ..................... [MESH_MODE!=DISTRIBUTED] SKIP\nmortar/continuity-3d-non-conforming.continuity_tet14 [Minimum AD size 100 needed, but MOOSE is config...] SKIP\nmortar/continuity-3d-non-conforming.continuity_sphere_hex20 [Minimum AD size 200 needed, but MOOSE is...] SKIP\nmortar/continuity-3d-non-conforming.continuity_sphere_hex27-debug-mesh [Minimum AD size 200 needed, b...] SKIP\nmortar/continuity-3d-non-conforming.continuity_tet10 [Minimum AD size 100 needed, but MOOSE is config...] SKIP\nmortar/continuity-3d-non-conforming.continuity_sphere_hex27 [Minimum AD size 200 needed, but MOOSE is...] SKIP\nsystem_interfaces.thread/pthread .................................................. [THREADING!=PTHREADS] SKIP\nsystem_interfaces.partitioner/chaco ....................................................... [CHACO!=TRUE] SKIP\nsystem_interfaces.partitioner/party ....................................................... [PARTY!=TRUE] SKIP\nsystem_interfaces.compiler/clang ...................................................... [COMPILER!=CLANG] SKIP\nsystem_interfaces.libraries/boost ......................................................... [BOOST!=TRUE] SKIP\nfvkernels/mms/advective-outflow.QUICKLimiter .................................................... [HEAVY] SKIP\nutils/libtorch_nn/ann.libtorch-nn-activation/linear .................................... [LIBTORCH!=TRUE] SKIP\nutils/libtorch_nn/ann.libtorch-nn-optimizer/adam ....................................... [LIBTORCH!=TRUE] SKIP\nutils/libtorch_nn/ann.libtorch-nn-errors/wrong-activation-number ....................... [LIBTORCH!=TRUE] SKIP\nutils/libtorch_nn/ann.libtorch-nn-activation/relu ...................................... [LIBTORCH!=TRUE] SKIP\nutils/libtorch_nn/ann.libtorch-nn-activation/elu ....................................... [LIBTORCH!=TRUE] SKIP\nutils/libtorch_nn/ann.libtorch-nn-optimizer/sgd ........................................ [LIBTORCH!=TRUE] SKIP\nutils/libtorch_nn/ann.libtorch-nn-optimizer/adagrad .................................... [LIBTORCH!=TRUE] SKIP\nutils/libtorch_nn/ann.libtorch-nn-errors/wrong-optimizer ............................... [LIBTORCH!=TRUE] SKIP\nutils/libtorch_nn/ann.libtorch-nn-activation/gelu ...................................... [LIBTORCH!=TRUE] SKIP\nutils/libtorch_nn/ann.libtorch-nn-optimizer/rmsprop .................................... [LIBTORCH!=TRUE] SKIP\nutils/libtorch_nn/ann.libtorch-nn-errors/wrong-activation .............................. [LIBTORCH!=TRUE] SKIP\nutils/libtorch_nn/ann.libtorch-nn-activation/sigmoid ................................... [LIBTORCH!=TRUE] SKIP\nmesh/splitting.meshgenerators_acting_on_split .................................. [MESH_MODE!=DISTRIBUTED] SKIP\nmesh/splitting.split_with_distributed_error .................................... [MESH_MODE!=DISTRIBUTED] SKIP\npartitioners/petsc_partitioner.party ...................................................... [PARTY!=TRUE] SKIP\npartitioners/petsc_partitioner.chaco ............ [PLATFORM!=DARWIN, CHACO!=TRUE, --with-dof-id-bytes!=4] SKIP\nmortar/periodic_segmental_constraint.penalty_periodic_split [Minimum AD size 100 needed, but MOOSE is...] SKIP\nmortar/periodic_segmental_constraint.periodic_simple2d [Minimum AD size 100 needed, but MOOSE is conf...] SKIP\nmortar/periodic_segmental_constraint.periodic_aux2d [Minimum AD size 100 needed, but MOOSE is configu...] SKIP\nmortar/periodic_segmental_constraint.periodic_simple3d [Minimum AD size 100 needed, but MOOSE is conf...] SKIP\nmortar/periodic_segmental_constraint.penalty_periodic_simple3d [Minimum AD size 100 needed, but MOOSE...] SKIP\ndgkernels/2d_diffusion_dg.proper_ghosting_with_action_parallel_distributed ..... [MESH_MODE!=DISTRIBUTED] SKIP\ndgkernels/2d_diffusion_dg.no_additional_rms_distributed ........................ [MESH_MODE!=DISTRIBUTED] SKIP\ndgkernels/2d_diffusion_dg.proper_ghosting_with_action_serial_distributed ....... [MESH_MODE!=DISTRIBUTED] SKIP\nmisc/jacobian.inf_nan ................................................. [using PETSc 3.21.4 REQ: <3.19.3] SKIP\nmisc/signal_handler.test_signal_debug ..................................................... [METHOD!=DBG] SKIP\nmisc/signal_handler.test_signal_recover_debug .......................... [METHOD!=DBG,skipped dependency] SKIP\nmisc/signal_handler.test_signal_recover_exodiff_debug .................. [METHOD!=DBG,skipped dependency] SKIP\nmeshgenerators/sideset_around_subdomain_generator.group/adjacent_to_boundary ... [MESH_MODE!=DISTRIBUTED] SKIP\nmortar/convergence-studies/continuity-3d.p2p2 [Minimum AD size 100 needed, but MOOSE is configured wi...] SKIP\nmortar/convergence-studies/continuity-3d.p1p1dual ............................................... [HEAVY] SKIP\nmortar/convergence-studies/continuity-3d.p1p1 ................................................... [HEAVY] SKIP\nmortar/convergence-studies/continuity-3d.p1p0 ................................................... [HEAVY] SKIP\nmortar/convergence-studies/continuity-3d.p2p1 [Minimum AD size 100 needed, but MOOSE is configured wi...] SKIP\nmortar/convergence-studies/continuity-3d.p2p0 [Minimum AD size 100 needed, but MOOSE is configured wi...] SKIP\nmortar/ad_periodic_segmental_constraint.penalty_periodic_simple3d [Minimum AD size 100 needed, but MO...] SKIP\nmortar/ad_periodic_segmental_constraint.periodic_simple2d [Minimum AD size 100 needed, but MOOSE is c...] SKIP\nmortar/ad_periodic_segmental_constraint.periodic_simple3d [Minimum AD size 100 needed, but MOOSE is c...] SKIP\nmeshgenerators/block_to_mesh_converter_generator.errors/distributed ............ [MESH_MODE!=DISTRIBUTED] SKIP\ncontrols/error.tid_warehouse_error ........................................................ [METHOD!=DBG] SKIP\noutputs/nemesis.nemesis_scalar_distributed ..................................... [MESH_MODE!=DISTRIBUTED] SKIP outputs/nemesis.nemesis_elemental_distributed .................................. [MESH_MODE!=DISTRIBUTED] SKIP outputs/vtk.solution/diff_parallel_mesh ................................. [#6149, MESH_MODE!=DISTRIBUTED] SKIP performance.os/linux ................................................................. [PLATFORM!=DARWIN] SKIP performance.os/macOS ................................................................. [PLATFORM!=DARWIN] SKIP mortar/convergence-studies/solution-continuity.p1p0 ............................................. [HEAVY] SKIP mortar/convergence-studies/solution-continuity.p2p2 ............................................. [HEAVY] SKIP mortar/convergence-studies/solution-continuity.p1p1 ............................................. [HEAVY] SKIP mortar/convergence-studies/solution-continuity.p2p1 ............................................. [HEAVY] SKIP mortar/convergence-studies/solution-continuity.p2p0 ............................................. [HEAVY] SKIP mortar/convergence-studies/gap-conductance.p2p0 ................................................. [HEAVY] SKIP mortar/convergence-studies/gap-conductance.p2p2 ................................................. [HEAVY] SKIP mortar/convergence-studies/gap-conductance.p1p0 ................................................. [HEAVY] SKIP mortar/convergence-studies/gap-conductance.p2p1 ................................................. [HEAVY] SKIP mortar/convergence-studies/gap-conductance.p1p1 ................................................. [HEAVY] SKIP misc/check_error.uo_pps_name_collision_test: Working Directory: /home/osboxes/projects/moose/test/tests/misc/check_error misc/check_error.uo_pps_name_collision_test: Running command: /home/osboxes/projects/moose/test/moose_test-opt -i uo_pps_name_collision_test.i --error --error-override --libtorch-device cpu\nmisc/check_error.uo_pps_name_collision_test: ################################################################################ misc/check_error.uo_pps_name_collision_test:  misc/check_error.uo_pps_name_collision_test: Unable to match the following pattern against the program's output: misc/check_error.uo_pps_name_collision_test:  misc/check_error.uo_pps_name_collision_test: A UserObject with the name \"\\w+\" already exists misc/check_error.uo_pps_name_collision_test:  misc/check_error.uo_pps_name_collision_test: ################################################################################ misc/check_error.uo_pps_name_collision_test: Tester failed, reason: EXPECTED ERROR MISSING misc/check_error.uo_pps_name_collision_test:  misc/check_error.uo_pps_name_collision_test .................................. FAILED (EXPECTED ERROR MISSING) misc/check_error.function_file_test3: Working Directory: /home/osboxes/projects/moose/test/tests/misc/check_error misc/check_error.function_file_test3: Running command: /home/osboxes/projects/moose/test/moose_test-opt -i function_file_test3.i --error --error-override --libtorch-device cpu misc/check_error.function_file_test3: ################################################################################ misc/check_error.function_file_test3:  misc/check_error.function_file_test3: Unable to match the following pattern against the program's output: misc/check_error.function_file_test3:  misc/check_error.function_file_test3: In \\S+: Lengths of x and y data do not match. misc/check_error.function_file_test3:  misc/check_error.function_file_test3: ################################################################################ misc/check_error.function_file_test3: Tester failed, reason: EXPECTED ERROR MISSING misc/check_error.function_file_test3:  misc/check_error.function_file_test3 ......................................... FAILED (EXPECTED ERROR MISSING) parser/param_substitution.debug_units ..................................................... [METHOD!=DBG] SKIP partitioners/block_weighted_partitioner.tests/distributed_mesh ................. [MESH_MODE!=DISTRIBUTED] SKIP fvkernels/fv_adapt.steady-mms ................................................................... [HEAVY] SKIP functions/image_function/error.errors/no_vtk ............................................... [VTK!=FALSE] SKIP controls/libtorch_nn_control.run-torch-script .......................................... [LIBTORCH!=TRUE] SKIP controls/libtorch_nn_control.invalid-torchscript-error ................................. [LIBTORCH!=TRUE] SKIP controls/libtorch_nn_control.run-with-torch-parameters ................................. [LIBTORCH!=TRUE] SKIP controls/libtorch_nn_control.run-without-nn ............................................ [LIBTORCH!=TRUE] SKIP transfers/multiapp_interpolation_transfer.fromsub_restricted ......................... [PLATFORM!=DARWIN] SKIP outputs/png.image_tests/square_domain .................................................... [LIBPNG!=TRUE] SKIP outputs/png.image_tests/wedge ............................................................ [LIBPNG!=TRUE] SKIP outputs/png.image_tests/adv_diff_reaction ................................................ [LIBPNG!=TRUE] SKIP outputs/tecplot.test_binary ............................................................. [TECPLOT!=TRUE] SKIP vectorpostprocessors/work_balance.work_balance/distributed ..................... [MESH_MODE!=DISTRIBUTED] SKIP misc/check_error.coupled_nodal_for_non_nodal_variable_older: Working Directory: /home/osboxes/projects/moose/test/tests/misc/check_error misc/check_error.coupled_nodal_for_non_nodal_variable_older: Running command: /home/osboxes/projects/moose/test/moose_test-opt -i coupled_nodal_for_non_nodal_variable.i Materials/m/lag=OLDER --error --error-override --libtorch-device cpu misc/check_error.coupled_nodal_for_non_nodal_variable_older: ################################################################################ misc/check_error.coupled_nodal_for_non_nodal_variable_older:  misc/check_error.coupled_nodal_for_non_nodal_variable_older: Unable to match the following pattern against the program's output: misc/check_error.coupled_nodal_for_non_nodal_variable_older:  misc/check_error.coupled_nodal_for_non_nodal_variable_older: m: Trying to get older nodal values of variable 'v', but it is not nodal. misc/check_error.coupled_nodal_for_non_nodal_variable_older:  misc/check_error.coupled_nodal_for_non_nodal_variable_older: ################################################################################ misc/check_error.coupled_nodal_for_non_nodal_variable_older: Tester failed, reason: EXPECTED ERROR MISSING misc/check_error.coupled_nodal_for_non_nodal_variable_older:  misc/check_error.coupled_nodal_for_non_nodal_variable_older .................. FAILED (EXPECTED ERROR MISSING) fvkernels/mms/non-orthogonal.compact ............................................................ [HEAVY] SKIP fvkernels/mms/non-orthogonal.extended ................................................... [#20953, HEAVY] SKIP misc/check_error.function_file_test13: Working Directory: /home/osboxes/projects/moose/test/tests/misc/check_error misc/check_error.function_file_test13: Running command: /home/osboxes/projects/moose/test/moose_test-opt -i function_file_test13.i --error --error-override --libtorch-device cpu misc/check_error.function_file_test13: ################################################################################ misc/check_error.function_file_test13:  misc/check_error.function_file_test13: Unable to match the following pattern against the program's output: misc/check_error.function_file_test13:  misc/check_error.function_file_test13: Index out-of-range of the available data in '\\S+', which contains 3 columns of data. misc/check_error.function_file_test13:  misc/check_error.function_file_test13: ################################################################################ misc/check_error.function_file_test13: Tester failed, reason: EXPECTED ERROR MISSING misc/check_error.function_file_test13:  misc/check_error.function_file_test13 ........................................ FAILED (EXPECTED ERROR MISSING) relationship_managers/two_rm.evaluable_neighbors/distributed ................... [MESH_MODE!=DISTRIBUTED] SKIP relationship_managers/two_rm.evaluable_neighbors/replicated .................... [--with-dof-id-bytes!=4] SKIP utils/libtorch_nn/torch_script.libtorch-torch-script ................................... [LIBTORCH!=TRUE] SKIP misc/check_error.coupling_scalar_into_field: Working Directory: /home/osboxes/projects/moose/test/tests/misc/check_error misc/check_error.coupling_scalar_into_field: Running command: /home/osboxes/projects/moose/test/moose_test-opt -i coupling_scalar_into_field.i --error --error-override --libtorch-device cpu misc/check_error.coupling_scalar_into_field: ################################################################################ misc/check_error.coupling_scalar_into_field:  misc/check_error.coupling_scalar_into_field: Unable to match the following pattern against the program's output: misc/check_error.coupling_scalar_into_field:  misc/check_error.coupling_scalar_into_field: cannot couple 'v' to a scalar variable \\( a\\) where field variable is expected misc/check_error.coupling_scalar_into_field:  misc/check_error.coupling_scalar_into_field: ################################################################################ misc/check_error.coupling_scalar_into_field: Tester failed, reason: EXPECTED ERROR MISSING misc/check_error.coupling_scalar_into_field:  misc/check_error.coupling_scalar_into_field .................................. FAILED (EXPECTED ERROR MISSING) misc/check_error.missing_active_section_test: Working Directory: /home/osboxes/projects/moose/test/tests/misc/check_error misc/check_error.missing_active_section_test: Running command: /home/osboxes/projects/moose/test/moose_test-opt -i missing_active_section.i --error --error-override --libtorch-device cpu misc/check_error.missing_active_section_test: ################################################################################ misc/check_error.missing_active_section_test:  misc/check_error.missing_active_section_test: Unable to match the following pattern against the program's output: misc/check_error.missing_active_section_test:  misc/check_error.missing_active_section_test: variables listed as active misc/check_error.missing_active_section_test:  misc/check_error.missing_active_section_test: ################################################################################ misc/check_error.missing_active_section_test: Tester failed, reason: EXPECTED ERROR MISSING misc/check_error.missing_active_section_test:  misc/check_error.missing_active_section_test ................................. FAILED (EXPECTED ERROR MISSING) misc/check_error.constraint_with_aux_var: Working Directory: /home/osboxes/projects/moose/test/tests/misc/check_error misc/check_error.constraint_with_aux_var: Running command: /home/osboxes/projects/moose/test/moose_test-opt -i constraint_with_aux_var.i --error --error-override --libtorch-device cpu misc/check_error.constraint_with_aux_var: ################################################################################ misc/check_error.constraint_with_aux_var:  misc/check_error.constraint_with_aux_var: Unable to match the following pattern against the program's output: misc/check_error.constraint_with_aux_var:  misc/check_error.constraint_with_aux_var: No solver variable named v found. Did you specify an auxiliary variable when you meant to specify a solver variable misc/check_error.constraint_with_aux_var:  misc/check_error.constraint_with_aux_var: ################################################################################ misc/check_error.constraint_with_aux_var: Tester failed, reason: EXPECTED ERROR MISSING misc/check_error.constraint_with_aux_var:  misc/check_error.constraint_with_aux_var ..................................... FAILED (EXPECTED ERROR MISSING) misc/check_error.missing_req_par_action_obj_test: Working Directory: /home/osboxes/projects/moose/test/tests/misc/check_error misc/check_error.missing_req_par_action_obj_test: Running command: /home/osboxes/projects/moose/test/moose_test-opt -i missing_req_par_action_obj_test.i --error --error-override --libtorch-device cpu misc/check_error.missing_req_par_action_obj_test: ################################################################################ misc/check_error.missing_req_par_action_obj_test:  misc/check_error.missing_req_par_action_obj_test: Unable to match the following pattern against the program's output: misc/check_error.missing_req_par_action_obj_test:  misc/check_error.missing_req_par_action_obj_test: missing required parameter 'ConvectionDiffusion/variables' misc/check_error.missing_req_par_action_obj_test:  misc/check_error.missing_req_par_action_obj_test: ################################################################################ misc/check_error.missing_req_par_action_obj_test: Tester failed, reason: EXPECTED ERROR MISSING misc/check_error.missing_req_par_action_obj_test:  misc/check_error.missing_req_par_action_obj_test ............................. FAILED (EXPECTED ERROR MISSING) misc/check_error.deprecated_param_no_default: Working Directory: /home/osboxes/projects/moose/test/tests/misc/check_error misc/check_error.deprecated_param_no_default: Running command: /home/osboxes/projects/moose/test/moose_test-opt -i deprecated_param_test.i Kernels/nan/deprecated_no_default=1 Outputs/exodus=false --error --error-override --libtorch-device cpu misc/check_error.deprecated_param_no_default: ################################################################################ misc/check_error.deprecated_param_no_default:  misc/check_error.deprecated_param_no_default: Unable to match the following pattern against the program's output: misc/check_error.deprecated_param_no_default:  misc/check_error.deprecated_param_no_default: The parameter '\\w+' is deprecated. misc/check_error.deprecated_param_no_default:  misc/check_error.deprecated_param_no_default: ################################################################################ misc/check_error.deprecated_param_no_default: Tester failed, reason: EXPECTED OUTPUT MISSING misc/check_error.deprecated_param_no_default:  misc/check_error.deprecated_param_no_default ................................ FAILED (EXPECTED OUTPUT MISSING) misc/check_error.override_name_variable_test: Working Directory: /home/osboxes/projects/moose/test/tests/misc/check_error misc/check_error.override_name_variable_test: Running command: /home/osboxes/projects/moose/test/moose_test-opt -i override_name_variable_test.i --error-override --libtorch-device cpu misc/check_error.override_name_variable_test: ################################################################################ misc/check_error.override_name_variable_test:  misc/check_error.override_name_variable_test: Unable to match the following pattern against the program's output: misc/check_error.override_name_variable_test:  misc/check_error.override_name_variable_test: supplied multiple times misc/check_error.override_name_variable_test:  misc/check_error.override_name_variable_test: ################################################################################ misc/check_error.override_name_variable_test: Tester failed, reason: EXPECTED ERROR MISSING misc/check_error.override_name_variable_test:  misc/check_error.override_name_variable_test ................................. FAILED (EXPECTED ERROR MISSING) misc/check_error.coupled_constant_yet_needs_name: Working Directory: /home/osboxes/projects/moose/test/tests/misc/check_error misc/check_error.coupled_constant_yet_needs_name: Running command: /home/osboxes/projects/moose/test/moose_test-opt -i coupled_nodal_for_non_nodal_variable.i Materials/m/type=MaterialDerivativeTestMaterial Materials/m/var1=1 Materials/m/var2=2 --error --error-override --libtorch-device cpu misc/check_error.coupled_constant_yet_needs_name: ################################################################################ misc/check_error.coupled_constant_yet_needs_name:  misc/check_error.coupled_constant_yet_needs_name: Unable to match the following pattern against the program's output: misc/check_error.coupled_constant_yet_needs_name:  misc/check_error.coupled_constant_yet_needs_name: a variable name was queried but a constant misc/check_error.coupled_constant_yet_needs_name:  misc/check_error.coupled_constant_yet_needs_name: ################################################################################ misc/check_error.coupled_constant_yet_needs_name: Tester failed, reason: EXPECTED ERROR MISSING misc/check_error.coupled_constant_yet_needs_name:  misc/check_error.coupled_constant_yet_needs_name ............................. FAILED (EXPECTED ERROR MISSING) misc/check_error.uo_vector_pps_name_collision_test: Working Directory: /home/osboxes/projects/moose/test/tests/misc/check_error misc/check_error.uo_vector_pps_name_collision_test: Running command: /home/osboxes/projects/moose/test/moose_test-opt -i uo_vector_pps_name_collision_test.i --error --error-override --libtorch-device cpu misc/check_error.uo_vector_pps_name_collision_test: ################################################################################ misc/check_error.uo_vector_pps_name_collision_test:  misc/check_error.uo_vector_pps_name_collision_test: Unable to match the following pattern against the program's output: misc/check_error.uo_vector_pps_name_collision_test:  misc/check_error.uo_vector_pps_name_collision_test: A UserObject with the name \"\\w+\" already exists misc/check_error.uo_vector_pps_name_collision_test:  misc/check_error.uo_vector_pps_name_collision_test: ################################################################################ misc/check_error.uo_vector_pps_name_collision_test: Tester failed, reason: EXPECTED ERROR MISSING misc/check_error.uo_vector_pps_name_collision_test:  misc/check_error.uo_vector_pps_name_collision_test ........................... FAILED (EXPECTED ERROR MISSING) misc/check_error.function_file_test14: Working Directory: /home/osboxes/projects/moose/test/tests/misc/check_error misc/check_error.function_file_test14: Running command: /home/osboxes/projects/moose/test/moose_test-opt -i function_file_test14.i --error --error-override --libtorch-device cpu misc/check_error.function_file_test14: ################################################################################ misc/check_error.function_file_test14:  misc/check_error.function_file_test14: Unable to match the following pattern against the program's output: misc/check_error.function_file_test14:  misc/check_error.function_file_test14: In \\S+: Read more than two rows of data from file '\\S+'.  Did you mean to use \"format = columns\" or set \"xy_in_file_only\" to false? misc/check_error.function_file_test14:  misc/check_error.function_file_test14: ################################################################################ misc/check_error.function_file_test14: Tester failed, reason: EXPECTED ERROR MISSING misc/check_error.function_file_test14:  misc/check_error.function_file_test14 ........................................ FAILED (EXPECTED ERROR MISSING) misc/check_error.function_file_test4: Working Directory: /home/osboxes/projects/moose/test/tests/misc/check_error misc/check_error.function_file_test4: Running command: /home/osboxes/projects/moose/test/moose_test-opt -i function_file_test4.i --error --error-override --libtorch-device cpu misc/check_error.function_file_test4: ################################################################################ misc/check_error.function_file_test4:  misc/check_error.function_file_test4: Unable to match the following pattern against the program's output: misc/check_error.function_file_test4:  misc/check_error.function_file_test4: Invalid option \"rowls\" in MooseEnum.\\s+Valid options \\(not case-sensitive\\) are \"columns rows\" misc/check_error.function_file_test4:  misc/check_error.function_file_test4: ################################################################################ misc/check_error.function_file_test4: Tester failed, reason: EXPECTED ERROR MISSING misc/check_error.function_file_test4:  misc/check_error.function_file_test4 ......................................... FAILED (EXPECTED ERROR MISSING) misc/check_error.missing_coupled_mat_prop_test: Working Directory: /home/osboxes/projects/moose/test/tests/misc/check_error misc/check_error.missing_coupled_mat_prop_test: Running command: /home/osboxes/projects/moose/test/moose_test-opt -i missing_coupled_mat_prop_test.i --error --error-override --libtorch-device cpu misc/check_error.missing_coupled_mat_prop_test: ################################################################################ misc/check_error.missing_coupled_mat_prop_test:  misc/check_error.missing_coupled_mat_prop_test: Unable to match the following pattern against the program's output: misc/check_error.missing_coupled_mat_prop_test:  misc/check_error.missing_coupled_mat_prop_test: Material property 'mp1', requested by 'mat_global' misc/check_error.missing_coupled_mat_prop_test:  misc/check_error.missing_coupled_mat_prop_test: ################################################################################ misc/check_error.missing_coupled_mat_prop_test: Tester failed, reason: EXPECTED ERROR MISSING misc/check_error.missing_coupled_mat_prop_test:  misc/check_error.missing_coupled_mat_prop_test ............................... FAILED (EXPECTED ERROR MISSING) misc/check_error.coupling_nonexistent_field: Working Directory: /home/osboxes/projects/moose/test/tests/misc/check_error misc/check_error.coupling_nonexistent_field: Running command: /home/osboxes/projects/moose/test/moose_test-opt -i coupling_nonexistent_field.i --error --error-override --libtorch-device cpu misc/check_error.coupling_nonexistent_field: ################################################################################ misc/check_error.coupling_nonexistent_field:  misc/check_error.coupling_nonexistent_field: Unable to match the following pattern against the program's output: misc/check_error.coupling_nonexistent_field:  misc/check_error.coupling_nonexistent_field: coupled variable 'a' was not found misc/check_error.coupling_nonexistent_field:  misc/check_error.coupling_nonexistent_field: ################################################################################ misc/check_error.coupling_nonexistent_field: Tester failed, reason: EXPECTED ERROR MISSING misc/check_error.coupling_nonexistent_field:  misc/check_error.coupling_nonexistent_field .................................. FAILED (EXPECTED ERROR MISSING) misc/check_error.missing_req_par_mesh_block_test: Working Directory: /home/osboxes/projects/moose/test/tests/misc/check_error misc/check_error.missing_req_par_mesh_block_test: Running command: /home/osboxes/projects/moose/test/moose_test-opt -i missing_req_par_mesh_block_test.i --error --error-override --libtorch-device cpu misc/check_error.missing_req_par_mesh_block_test: ################################################################################ misc/check_error.missing_req_par_mesh_block_test:  misc/check_error.missing_req_par_mesh_block_test: Unable to match the following pattern against the program's output: misc/check_error.missing_req_par_mesh_block_test:  misc/check_error.missing_req_par_mesh_block_test: missing required parameter 'Mesh/stripes' misc/check_error.missing_req_par_mesh_block_test:  misc/check_error.missing_req_par_mesh_block_test: ################################################################################ misc/check_error.missing_req_par_mesh_block_test: Tester failed, reason: EXPECTED ERROR MISSING misc/check_error.missing_req_par_mesh_block_test:  misc/check_error.missing_req_par_mesh_block_test ............................. FAILED (EXPECTED ERROR MISSING) misc/check_error.scalar_aux_kernel_with_var: Working Directory: /home/osboxes/projects/moose/test/tests/misc/check_error misc/check_error.scalar_aux_kernel_with_var: Running command: /home/osboxes/projects/moose/test/moose_test-opt -i scalar_aux_kernel_with_var.i --error --error-override --libtorch-device cpu misc/check_error.scalar_aux_kernel_with_var: ################################################################################ misc/check_error.scalar_aux_kernel_with_var:  misc/check_error.scalar_aux_kernel_with_var: Unable to match the following pattern against the program's output: misc/check_error.scalar_aux_kernel_with_var:  misc/check_error.scalar_aux_kernel_with_var: Scalar variable 'u' does not exist in this system misc/check_error.scalar_aux_kernel_with_var:  misc/check_error.scalar_aux_kernel_with_var: ################################################################################ misc/check_error.scalar_aux_kernel_with_var: Tester failed, reason: EXPECTED ERROR MISSING misc/check_error.scalar_aux_kernel_with_var:  misc/check_error.scalar_aux_kernel_with_var .................................. FAILED (EXPECTED ERROR MISSING) misc/check_error.bad_enum_test: Working Directory: /home/osboxes/projects/moose/test/tests/misc/check_error misc/check_error.bad_enum_test: Running command: /home/osboxes/projects/moose/test/moose_test-opt -i bad_enum_test.i --error --error-override --libtorch-device cpu misc/check_error.bad_enum_test: ################################################################################ misc/check_error.bad_enum_test:  misc/check_error.bad_enum_test: Unable to match the following pattern against the program's output: misc/check_error.bad_enum_test:  misc/check_error.bad_enum_test: Invalid option \"\\w+\" in MooseEnum. misc/check_error.bad_enum_test:  misc/check_error.bad_enum_test: ################################################################################ misc/check_error.bad_enum_test: Tester failed, reason: EXPECTED ERROR MISSING misc/check_error.bad_enum_test:  misc/check_error.bad_enum_test ............................................... FAILED (EXPECTED ERROR MISSING) misc/check_error.double_restrict_uo_test: Working Directory: /home/osboxes/projects/moose/test/tests/misc/check_error misc/check_error.double_restrict_uo_test: Running command: /home/osboxes/projects/moose/test/moose_test-opt -i double_restrict_uo.i --error --error-override --libtorch-device cpu misc/check_error.double_restrict_uo_test: ################################################################################ misc/check_error.double_restrict_uo_test:  misc/check_error.double_restrict_uo_test: Unable to match the following pattern against the program's output: misc/check_error.double_restrict_uo_test:  misc/check_error.double_restrict_uo_test: Attempted to restrict the object '\\S+' to a boundary, but the object is already restricted misc/check_error.double_restrict_uo_test:  misc/check_error.double_restrict_uo_test: ################################################################################ misc/check_error.double_restrict_uo_test: Tester failed, reason: EXPECTED ERROR MISSING misc/check_error.double_restrict_uo_test:  misc/check_error.double_restrict_uo_test ..................................... FAILED (EXPECTED ERROR MISSING) misc/check_error.rz_3d_error_check_test: Working Directory: /home/osboxes/projects/moose/test/tests/misc/check_error misc/check_error.rz_3d_error_check_test: Running command: /home/osboxes/projects/moose/test/moose_test-opt -i 3D_RZ_error_check.i --error --error-override --libtorch-device cpu misc/check_error.rz_3d_error_check_test: ################################################################################ misc/check_error.rz_3d_error_check_test:  misc/check_error.rz_3d_error_check_test: Unable to match the following pattern against the program's output: misc/check_error.rz_3d_error_check_test:  misc/check_error.rz_3d_error_check_test: An RZ coordinate system was requested for subdomain \\d+ which contains 3D elements misc/check_error.rz_3d_error_check_test:  misc/check_error.rz_3d_error_check_test: ################################################################################ misc/check_error.rz_3d_error_check_test: Tester failed, reason: EXPECTED ERROR MISSING misc/check_error.rz_3d_error_check_test:  misc/check_error.rz_3d_error_check_test ...................................... FAILED (EXPECTED ERROR MISSING) misc/check_error.check_syntax_ok: Working Directory: /home/osboxes/projects/moose/test/tests/misc/check_error misc/check_error.check_syntax_ok: Running command: /home/osboxes/projects/moose/test/moose_test-opt -i check_syntax_ok.i --check-input --error --error-override --libtorch-device cpu misc/check_error.check_syntax_ok: ################################################################################ misc/check_error.check_syntax_ok:  misc/check_error.check_syntax_ok: Unable to match the following pattern against the program's output: misc/check_error.check_syntax_ok:  misc/check_error.check_syntax_ok: Syntax OK misc/check_error.check_syntax_ok:  misc/check_error.check_syntax_ok: ################################################################################ misc/check_error.check_syntax_ok: Tester failed, reason: EXPECTED OUTPUT MISSING misc/check_error.check_syntax_ok:  misc/check_error.check_syntax_ok ............................................ FAILED (EXPECTED OUTPUT MISSING) misc/check_error.missing_executioner: Working Directory: /home/osboxes/projects/moose/test/tests/misc/check_error misc/check_error.missing_executioner: Running command: /home/osboxes/projects/moose/test/moose_test-opt -i missing_executioner.i --error --error-override --libtorch-device cpu misc/check_error.missing_executioner: ################################################################################ misc/check_error.missing_executioner:  misc/check_error.missing_executioner: Unable to match the following pattern against the program's output: misc/check_error.missing_executioner:  misc/check_error.missing_executioner: Executioner\" does not exis misc/check_error.missing_executioner:  misc/check_error.missing_executioner: ################################################################################ misc/check_error.missing_executioner: Tester failed, reason: EXPECTED ERROR MISSING misc/check_error.missing_executioner:  misc/check_error.missing_executioner ......................................... FAILED (EXPECTED ERROR MISSING) misc/check_error.wrong_object_test: Working Directory: /home/osboxes/projects/moose/test/tests/misc/check_error misc/check_error.wrong_object_test: Running command: /home/osboxes/projects/moose/test/moose_test-opt -i wrong_moose_object_test.i --error --error-override --libtorch-device cpu misc/check_error.wrong_object_test: ################################################################################ misc/check_error.wrong_object_test:  misc/check_error.wrong_object_test: Unable to match the following pattern against the program's output: misc/check_error.wrong_object_test:  misc/check_error.wrong_object_test: Task \\w+ is not registered to build \\w+ derived objects misc/check_error.wrong_object_test:  misc/check_error.wrong_object_test: ################################################################################ misc/check_error.wrong_object_test: Tester failed, reason: EXPECTED ERROR MISSING misc/check_error.wrong_object_test:  misc/check_error.wrong_object_test ........................................... FAILED (EXPECTED ERROR MISSING) misc/check_error.function_file_test5: Working Directory: /home/osboxes/projects/moose/test/tests/misc/check_error misc/check_error.function_file_test5: Running command: /home/osboxes/projects/moose/test/moose_test-opt -i function_file_test5.i --error --error-override --libtorch-device cpu misc/check_error.function_file_test5: ################################################################################ misc/check_error.function_file_test5:  misc/check_error.function_file_test5: Unable to match the following pattern against the program's output: misc/check_error.function_file_test5:  misc/check_error.function_file_test5: Either 'data_file' or 'json_uo' or 'x' and 'y' or 'xy_data' must be specified exclusively. misc/check_error.function_file_test5:  misc/check_error.function_file_test5: ################################################################################ misc/check_error.function_file_test5: Tester failed, reason: EXPECTED ERROR MISSING misc/check_error.function_file_test5:  misc/check_error.function_file_test5 ......................................... FAILED (EXPECTED ERROR MISSING) misc/check_error.coupling_nonexistent_scalar: Working Directory: /home/osboxes/projects/moose/test/tests/misc/check_error misc/check_error.coupling_nonexistent_scalar: Running command: /home/osboxes/projects/moose/test/moose_test-opt -i coupling_nonexistent_scalar.i --error --error-override --libtorch-device cpu misc/check_error.coupling_nonexistent_scalar: ################################################################################ misc/check_error.coupling_nonexistent_scalar:  misc/check_error.coupling_nonexistent_scalar: Unable to match the following pattern against the program's output: misc/check_error.coupling_nonexistent_scalar:  misc/check_error.coupling_nonexistent_scalar: coupled variable 'b' was not found misc/check_error.coupling_nonexistent_scalar:  misc/check_error.coupling_nonexistent_scalar: ################################################################################ misc/check_error.coupling_nonexistent_scalar: Tester failed, reason: EXPECTED ERROR MISSING misc/check_error.coupling_nonexistent_scalar:  misc/check_error.coupling_nonexistent_scalar ................................. FAILED (EXPECTED ERROR MISSING) misc/check_error.function_file_test15: Working Directory: /home/osboxes/projects/moose/test/tests/misc/check_error misc/check_error.function_file_test15: Running command: /home/osboxes/projects/moose/test/moose_test-opt -i function_file_test15.i --error --error-override --libtorch-device cpu misc/check_error.function_file_test15: ################################################################################ misc/check_error.function_file_test15:  misc/check_error.function_file_test15: Unable to match the following pattern against the program's output: misc/check_error.function_file_test15:  misc/check_error.function_file_test15: Index out-of-range of the available data in '\\S+', which contains 3 rows of data. misc/check_error.function_file_test15:  misc/check_error.function_file_test15: ################################################################################ misc/check_error.function_file_test15: Tester failed, reason: EXPECTED ERROR MISSING misc/check_error.function_file_test15:  misc/check_error.function_file_test15 ........................................ FAILED (EXPECTED ERROR MISSING) misc/check_error.coupled_grad_without_declare: Working Directory: /home/osboxes/projects/moose/test/tests/misc/check_error misc/check_error.coupled_grad_without_declare: Running command: /home/osboxes/projects/moose/test/moose_test-opt -i coupled_grad_without_declare.i --error --error-override --libtorch-device cpu misc/check_error.coupled_grad_without_declare: ################################################################################ misc/check_error.coupled_grad_without_declare:  misc/check_error.coupled_grad_without_declare: Unable to match the following pattern against the program's output: misc/check_error.coupled_grad_without_declare:  misc/check_error.coupled_grad_without_declare: The coupled variable \"\\w+\" was never added to this object's InputParameters misc/check_error.coupled_grad_without_declare:  misc/check_error.coupled_grad_without_declare: ################################################################################ misc/check_error.coupled_grad_without_declare: Tester failed, reason: EXPECTED ERROR MISSING misc/check_error.coupled_grad_without_declare:  misc/check_error.coupled_grad_without_declare ................................ FAILED (EXPECTED ERROR MISSING) misc/check_error.dirac_kernel_with_aux_var: Working Directory: /home/osboxes/projects/moose/test/tests/misc/check_error misc/check_error.dirac_kernel_with_aux_var: Running command: /home/osboxes/projects/moose/test/moose_test-opt -i dirac_kernel_with_aux_var.i --error --error-override --libtorch-device cpu misc/check_error.dirac_kernel_with_aux_var: ################################################################################ misc/check_error.dirac_kernel_with_aux_var:  misc/check_error.dirac_kernel_with_aux_var: Unable to match the following pattern against the program's output: misc/check_error.dirac_kernel_with_aux_var:  misc/check_error.dirac_kernel_with_aux_var: No solver variable named v found. Did you specify an auxiliary variable when you meant to specify a solver variable misc/check_error.dirac_kernel_with_aux_var:  misc/check_error.dirac_kernel_with_aux_var: ################################################################################ misc/check_error.dirac_kernel_with_aux_var: Tester failed, reason: EXPECTED ERROR MISSING misc/check_error.dirac_kernel_with_aux_var:  misc/check_error.dirac_kernel_with_aux_var ................................... FAILED (EXPECTED ERROR MISSING) misc/check_error.bad_executioner_test: Working Directory: /home/osboxes/projects/moose/test/tests/misc/check_error misc/check_error.bad_executioner_test: Running command: /home/osboxes/projects/moose/test/moose_test-opt -i bad_executioner_test.i --error --error-override --libtorch-device cpu misc/check_error.bad_executioner_test: ################################################################################ misc/check_error.bad_executioner_test:  misc/check_error.bad_executioner_test: Unable to match the following pattern against the program's output: misc/check_error.bad_executioner_test:  misc/check_error.bad_executioner_test: A '\\w+' is not a registered object misc/check_error.bad_executioner_test:  misc/check_error.bad_executioner_test: ################################################################################ misc/check_error.bad_executioner_test: Tester failed, reason: EXPECTED ERROR MISSING misc/check_error.bad_executioner_test:  misc/check_error.bad_executioner_test ........................................ FAILED (EXPECTED ERROR MISSING) misc/check_error.missing_req_par_moose_obj_test: Working Directory: /home/osboxes/projects/moose/test/tests/misc/check_error misc/check_error.missing_req_par_moose_obj_test: Running command: /home/osboxes/projects/moose/test/moose_test-opt -i missing_req_par_moose_obj_test.i --error --error-override --libtorch-device cpu misc/check_error.missing_req_par_moose_obj_test: ################################################################################ misc/check_error.missing_req_par_moose_obj_test:  misc/check_error.missing_req_par_moose_obj_test: Unable to match the following pattern against the program's output: misc/check_error.missing_req_par_moose_obj_test:  misc/check_error.missing_req_par_moose_obj_test: missing required parameter 'Kernels/diff/type' misc/check_error.missing_req_par_moose_obj_test:  misc/check_error.missing_req_par_moose_obj_test: ################################################################################ misc/check_error.missing_req_par_moose_obj_test: Tester failed, reason: EXPECTED ERROR MISSING misc/check_error.missing_req_par_moose_obj_test:  misc/check_error.missing_req_par_moose_obj_test .............................. FAILED (EXPECTED ERROR MISSING) misc/check_error.check_syntax_error: Working Directory: /home/osboxes/projects/moose/test/tests/misc/check_error misc/check_error.check_syntax_error: Running command: /home/osboxes/projects/moose/test/moose_test-opt -i check_syntax_error.i --check-input --error --error-override --libtorch-device cpu misc/check_error.check_syntax_error: ################################################################################ misc/check_error.check_syntax_error:  misc/check_error.check_syntax_error: Unable to match the following pattern against the program's output: misc/check_error.check_syntax_error:  misc/check_error.check_syntax_error: invalid number of nodes: want 2, got 3 misc/check_error.check_syntax_error:  misc/check_error.check_syntax_error: ################################################################################ misc/check_error.check_syntax_error: Tester failed, reason: EXPECTED ERROR MISSING misc/check_error.check_syntax_error:  misc/check_error.check_syntax_error .......................................... FAILED (EXPECTED ERROR MISSING) misc/check_error.dynamic_check_name_block_mismatch_test: Working Directory: /home/osboxes/projects/moose/test/tests/misc/check_error misc/check_error.dynamic_check_name_block_mismatch_test: Running command: /home/osboxes/projects/moose/test/moose_test-opt -i check_dynamic_name_block_mismatch.i --error --error-override --libtorch-device cpu misc/check_error.dynamic_check_name_block_mismatch_test: ################################################################################ misc/check_error.dynamic_check_name_block_mismatch_test:  misc/check_error.dynamic_check_name_block_mismatch_test: Unable to match the following pattern against the program's output: misc/check_error.dynamic_check_name_block_mismatch_test:  misc/check_error.dynamic_check_name_block_mismatch_test: You must supply the same number of block ids and names parameters misc/check_error.dynamic_check_name_block_mismatch_test:  misc/check_error.dynamic_check_name_block_mismatch_test: ################################################################################ misc/check_error.dynamic_check_name_block_mismatch_test: Tester failed, reason: EXPECTED ERROR MISSING misc/check_error.dynamic_check_name_block_mismatch_test:  misc/check_error.dynamic_check_name_block_mismatch_test ...................... FAILED (EXPECTED ERROR MISSING) misc/check_error.same_name_variable_test: Working Directory: /home/osboxes/projects/moose/test/tests/misc/check_error misc/check_error.same_name_variable_test: Running command: /home/osboxes/projects/moose/test/moose_test-opt -i same_name_variable_test.i --error --error-override --libtorch-device cpu misc/check_error.same_name_variable_test: ################################################################################ misc/check_error.same_name_variable_test:  misc/check_error.same_name_variable_test: Unable to match the following pattern against the program's output: misc/check_error.same_name_variable_test:  misc/check_error.same_name_variable_test: Cannot have an auxiliary variable and a solver variable with the same name misc/check_error.same_name_variable_test:  misc/check_error.same_name_variable_test: ################################################################################ misc/check_error.same_name_variable_test: Tester failed, reason: EXPECTED ERROR MISSING misc/check_error.same_name_variable_test:  misc/check_error.same_name_variable_test ..................................... FAILED (EXPECTED ERROR MISSING) misc/check_error.wrong_action_spelling: Working Directory: /home/osboxes/projects/moose/test/tests/misc/check_error misc/check_error.wrong_action_spelling: Running command: /home/osboxes/projects/moose/test/moose_test-opt -i wrong_moose_object_test.i AAAKErnels/type=Diffusion BCs/active='' --error --error-override --libtorch-device cpu misc/check_error.wrong_action_spelling: ################################################################################ misc/check_error.wrong_action_spelling:  misc/check_error.wrong_action_spelling: Unable to match the following pattern against the program's output: misc/check_error.wrong_action_spelling:  misc/check_error.wrong_action_spelling: section '\\[AAAKErnels\\]' does not have an associated \"Action\" misc/check_error.wrong_action_spelling:  misc/check_error.wrong_action_spelling: ################################################################################ misc/check_error.wrong_action_spelling: Tester failed, reason: EXPECTED ERROR MISSING misc/check_error.wrong_action_spelling:  misc/check_error.wrong_action_spelling ....................................... FAILED (EXPECTED ERROR MISSING) misc/check_error.nodal_bc_on_elemental_var: Working Directory: /home/osboxes/projects/moose/test/tests/misc/check_error misc/check_error.nodal_bc_on_elemental_var: Running command: /home/osboxes/projects/moose/test/moose_test-opt -i nodal_bc_on_elemental_var.i --error --error-override --libtorch-device cpu misc/check_error.nodal_bc_on_elemental_var: ################################################################################ misc/check_error.nodal_bc_on_elemental_var:  misc/check_error.nodal_bc_on_elemental_var: Unable to match the following pattern against the program's output: misc/check_error.nodal_bc_on_elemental_var:  misc/check_error.nodal_bc_on_elemental_var: Trying to use nodal boundary condition 'bcs' on a non-nodal variable 'u' misc/check_error.nodal_bc_on_elemental_var:  misc/check_error.nodal_bc_on_elemental_var: ################################################################################ misc/check_error.nodal_bc_on_elemental_var: Tester failed, reason: EXPECTED ERROR MISSING misc/check_error.nodal_bc_on_elemental_var:  misc/check_error.nodal_bc_on_elemental_var ................................... FAILED (EXPECTED ERROR MISSING) misc/check_error.function_file_test6: Working Directory: /home/osboxes/projects/moose/test/tests/misc/check_error misc/check_error.function_file_test6: Running command: /home/osboxes/projects/moose/test/moose_test-opt -i function_file_test6.i --error --error-override --libtorch-device cpu misc/check_error.function_file_test6: ################################################################################ misc/check_error.function_file_test6:  misc/check_error.function_file_test6: Unable to match the following pattern against the program's output: misc/check_error.function_file_test6:  misc/check_error.function_file_test6: Either 'data_file' or 'json_uo' or 'x' and 'y' or 'xy_data' must be specified exclusively. misc/check_error.function_file_test6:  misc/check_error.function_file_test6: ################################################################################ misc/check_error.function_file_test6: Tester failed, reason: EXPECTED ERROR MISSING misc/check_error.function_file_test6:  misc/check_error.function_file_test6 ......................................... FAILED (EXPECTED ERROR MISSING) misc/check_error.coupling_itself: Working Directory: /home/osboxes/projects/moose/test/tests/misc/check_error misc/check_error.coupling_itself: Running command: /home/osboxes/projects/moose/test/moose_test-opt -i coupling_itself.i --error --error-override --libtorch-device cpu misc/check_error.coupling_itself: ################################################################################ misc/check_error.coupling_itself:  misc/check_error.coupling_itself: Unable to match the following pattern against the program's output: misc/check_error.coupling_itself:  misc/check_error.coupling_itself: Coupled variable 'v' needs to be different from 'variable' with CoupledForce misc/check_error.coupling_itself:  misc/check_error.coupling_itself: ################################################################################ misc/check_error.coupling_itself: Tester failed, reason: EXPECTED ERROR MISSING misc/check_error.coupling_itself:  misc/check_error.coupling_itself ............................................. FAILED (EXPECTED ERROR MISSING) misc/check_error.function_file_test16: Working Directory: /home/osboxes/projects/moose/test/tests/misc/check_error misc/check_error.function_file_test16: Running command: /home/osboxes/projects/moose/test/moose_test-opt -i function_file_test16.i --error --error-override --libtorch-device cpu misc/check_error.function_file_test16: ################################################################################ misc/check_error.function_file_test16:  misc/check_error.function_file_test16: Unable to match the following pattern against the program's output: misc/check_error.function_file_test16:  misc/check_error.function_file_test16: Index out-of-range of the available data in '\\S+', which contains 3 rows of data. misc/check_error.function_file_test16:  misc/check_error.function_file_test16: ################################################################################ misc/check_error.function_file_test16: Tester failed, reason: EXPECTED ERROR MISSING misc/check_error.function_file_test16:  misc/check_error.function_file_test16 ........................................ FAILED (EXPECTED ERROR MISSING) misc/check_error.missing_function_file_test: Working Directory: /home/osboxes/projects/moose/test/tests/misc/check_error misc/check_error.missing_function_file_test: Running command: /home/osboxes/projects/moose/test/moose_test-opt -i missing_function_file_test.i --error --error-override --libtorch-device cpu misc/check_error.missing_function_file_test: ################################################################################ misc/check_error.missing_function_file_test:  misc/check_error.missing_function_file_test: Unable to match the following pattern against the program's output: misc/check_error.missing_function_file_test:  misc/check_error.missing_function_file_test: Unable to open file \\S+. Check to make sure that it exists and that you have read permission. misc/check_error.missing_function_file_test:  misc/check_error.missing_function_file_test: ################################################################################ misc/check_error.missing_function_file_test: Tester failed, reason: EXPECTED ERROR MISSING misc/check_error.missing_function_file_test:  misc/check_error.missing_function_file_test .................................. FAILED (EXPECTED ERROR MISSING) misc/check_error.dg_kernel_with_aux_var: Working Directory: /home/osboxes/projects/moose/test/tests/misc/check_error misc/check_error.dg_kernel_with_aux_var: Running command: /home/osboxes/projects/moose/test/moose_test-opt -i dg_kernel_with_aux_var.i --error --error-override --libtorch-device cpu misc/check_error.dg_kernel_with_aux_var: ################################################################################ misc/check_error.dg_kernel_with_aux_var:  misc/check_error.dg_kernel_with_aux_var: Unable to match the following pattern against the program's output: misc/check_error.dg_kernel_with_aux_var:  misc/check_error.dg_kernel_with_aux_var: No solver variable named v found. Did you specify an auxiliary variable when you meant to specify a solver variable misc/check_error.dg_kernel_with_aux_var:  misc/check_error.dg_kernel_with_aux_var: ################################################################################ misc/check_error.dg_kernel_with_aux_var: Tester failed, reason: EXPECTED ERROR MISSING misc/check_error.dg_kernel_with_aux_var:  misc/check_error.dg_kernel_with_aux_var ...................................... FAILED (EXPECTED ERROR MISSING) misc/check_error.missing_required_param_in_kernel_test: Working Directory: /home/osboxes/projects/moose/test/tests/misc/check_error misc/check_error.missing_required_param_in_kernel_test: Running command: /home/osboxes/projects/moose/test/moose_test-opt -i missing_required_parameter_moose_obj_test.i --error --error-override --libtorch-device cpu misc/check_error.missing_required_param_in_kernel_test: ################################################################################ misc/check_error.missing_required_param_in_kernel_test:  misc/check_error.missing_required_param_in_kernel_test: Unable to match the following pattern against the program's output: misc/check_error.missing_required_param_in_kernel_test:  misc/check_error.missing_required_param_in_kernel_test: missing required parameter 'Kernels/diff/tensor_coeff' misc/check_error.missing_required_param_in_kernel_test:  misc/check_error.missing_required_param_in_kernel_test: ################################################################################ misc/check_error.missing_required_param_in_kernel_test: Tester failed, reason: EXPECTED ERROR MISSING misc/check_error.missing_required_param_in_kernel_test:  misc/check_error.missing_required_param_in_kernel_test ....................... FAILED (EXPECTED ERROR MISSING) misc/check_error.bad_kernel_test: Working Directory: /home/osboxes/projects/moose/test/tests/misc/check_error misc/check_error.bad_kernel_test: Running command: /home/osboxes/projects/moose/test/moose_test-opt -i bad_kernel_test.i --error --error-override --libtorch-device cpu misc/check_error.bad_kernel_test: ################################################################################ misc/check_error.bad_kernel_test:  misc/check_error.bad_kernel_test: Unable to match the following pattern against the program's output: misc/check_error.bad_kernel_test:  misc/check_error.bad_kernel_test: A '\\w+' is not a registered object misc/check_error.bad_kernel_test:  misc/check_error.bad_kernel_test: ################################################################################ misc/check_error.bad_kernel_test: Tester failed, reason: EXPECTED ERROR MISSING misc/check_error.bad_kernel_test:  misc/check_error.bad_kernel_test ............................................. FAILED (EXPECTED ERROR MISSING) misc/check_error.check_syntax_no_input: Working Directory: /home/osboxes/projects/moose/test/tests/misc/check_error misc/check_error.check_syntax_no_input: Running command: /home/osboxes/projects/moose/test/moose_test-opt --check-input Foo --error --error-override --libtorch-device cpu misc/check_error.check_syntax_no_input: ################################################################################ misc/check_error.check_syntax_no_input:  misc/check_error.check_syntax_no_input: Unable to match the following pattern against the program's output: misc/check_error.check_syntax_no_input:  misc/check_error.check_syntax_no_input: You specified --check-input, but did not provide an input file. Add -i <inputfile> to your command line. misc/check_error.check_syntax_no_input:  misc/check_error.check_syntax_no_input: ################################################################################ misc/check_error.check_syntax_no_input: Tester failed, reason: EXPECTED ERROR MISSING misc/check_error.check_syntax_no_input:  misc/check_error.check_syntax_no_input ....................................... FAILED (EXPECTED ERROR MISSING) misc/check_error.check_git_lfs_pointer: Working Directory: /home/osboxes/projects/moose/test/tests/misc/check_error misc/check_error.check_git_lfs_pointer: Running command: /home/osboxes/projects/moose/test/moose_test-opt -i mesh_pointer_error_check.i Mesh/file=mesh_pointer.e --error --error-override --libtorch-device cpu misc/check_error.check_git_lfs_pointer: ################################################################################ misc/check_error.check_git_lfs_pointer:  misc/check_error.check_git_lfs_pointer: Unable to match the following pattern against the program's output: misc/check_error.check_git_lfs_pointer:  misc/check_error.check_git_lfs_pointer: appears to be a Git-LFS pointer misc/check_error.check_git_lfs_pointer:  misc/check_error.check_git_lfs_pointer: ################################################################################ misc/check_error.check_git_lfs_pointer: Tester failed, reason: EXPECTED ERROR MISSING misc/check_error.check_git_lfs_pointer:  misc/check_error.check_git_lfs_pointer ....................................... FAILED (EXPECTED ERROR MISSING) misc/check_error.subdomain_restricted_auxkernel_test: Working Directory: /home/osboxes/projects/moose/test/tests/misc/check_error misc/check_error.subdomain_restricted_auxkernel_test: Running command: /home/osboxes/projects/moose/test/moose_test-opt -i subdomain_restricted_auxkernel_mismatch.i --error --error-override --libtorch-device cpu misc/check_error.subdomain_restricted_auxkernel_test: ################################################################################ misc/check_error.subdomain_restricted_auxkernel_test:  misc/check_error.subdomain_restricted_auxkernel_test: Unable to match the following pattern against the program's output: misc/check_error.subdomain_restricted_auxkernel_test:  misc/check_error.subdomain_restricted_auxkernel_test: The 'block' parameter of the object 'foo' must be a subset of the 'block' parameter of the variable 'foo' misc/check_error.subdomain_restricted_auxkernel_test:  misc/check_error.subdomain_restricted_auxkernel_test: ################################################################################ misc/check_error.subdomain_restricted_auxkernel_test: Tester failed, reason: EXPECTED ERROR MISSING misc/check_error.subdomain_restricted_auxkernel_test:  misc/check_error.subdomain_restricted_auxkernel_test ......................... FAILED (EXPECTED ERROR MISSING) misc/check_error.dynamic_check_name_block_test: Working Directory: /home/osboxes/projects/moose/test/tests/misc/check_error misc/check_error.dynamic_check_name_block_test: Running command: /home/osboxes/projects/moose/test/moose_test-opt -i check_dynamic_name_block.i --error --error-override --libtorch-device cpu misc/check_error.dynamic_check_name_block_test: ################################################################################ misc/check_error.dynamic_check_name_block_test:  misc/check_error.dynamic_check_name_block_test: Unable to match the following pattern against the program's output: misc/check_error.dynamic_check_name_block_test:  misc/check_error.dynamic_check_name_block_test: The following dynamic block name is not unique: \\w+ misc/check_error.dynamic_check_name_block_test:  misc/check_error.dynamic_check_name_block_test: ################################################################################ misc/check_error.dynamic_check_name_block_test: Tester failed, reason: EXPECTED ERROR MISSING misc/check_error.dynamic_check_name_block_test:  misc/check_error.dynamic_check_name_block_test ............................... FAILED (EXPECTED ERROR MISSING) misc/check_error.coupling_itself_ad: Working Directory: /home/osboxes/projects/moose/test/tests/misc/check_error misc/check_error.coupling_itself_ad: Running command: /home/osboxes/projects/moose/test/moose_test-opt -i coupling_itself.i Kernels/coupled/type=ADCoupledForce --error --error-override --libtorch-device cpu misc/check_error.coupling_itself_ad: ################################################################################ misc/check_error.coupling_itself_ad:  misc/check_error.coupling_itself_ad: Unable to match the following pattern against the program's output: misc/check_error.coupling_itself_ad:  misc/check_error.coupling_itself_ad: Coupled variable 'v' needs to be different from 'variable' with CoupledForce / ADCoupledForce misc/check_error.coupling_itself_ad:  misc/check_error.coupling_itself_ad: ################################################################################ misc/check_error.coupling_itself_ad: Tester failed, reason: EXPECTED ERROR MISSING misc/check_error.coupling_itself_ad:  misc/check_error.coupling_itself_ad .......................................... FAILED (EXPECTED ERROR MISSING) misc/check_error.wrong_input_switch: Working Directory: /home/osboxes/projects/moose/test/tests/misc/check_error misc/check_error.wrong_input_switch: Running command: /home/osboxes/projects/moose/test/moose_test-opt -m Foo --error --error-override --libtorch-device cpu misc/check_error.wrong_input_switch: ################################################################################ misc/check_error.wrong_input_switch:  misc/check_error.wrong_input_switch: Unable to match the following pattern against the program's output: misc/check_error.wrong_input_switch:  misc/check_error.wrong_input_switch: ^Usage: misc/check_error.wrong_input_switch:  misc/check_error.wrong_input_switch: ################################################################################ misc/check_error.wrong_input_switch: Tester failed, reason: EXPECTED OUTPUT MISSING misc/check_error.wrong_input_switch:  misc/check_error.wrong_input_switch ......................................... FAILED (EXPECTED OUTPUT MISSING) misc/check_error.function_file_test17: Working Directory: /home/osboxes/projects/moose/test/tests/misc/check_error misc/check_error.function_file_test17: Running command: /home/osboxes/projects/moose/test/moose_test-opt -i function_file_test17.i --error --error-override --libtorch-device cpu misc/check_error.function_file_test17: ################################################################################ misc/check_error.function_file_test17:  misc/check_error.function_file_test17: Unable to match the following pattern against the program's output: misc/check_error.function_file_test17:  misc/check_error.function_file_test17: In \\S+: 'x_index_in_file' and 'y_index_in_file' are set to the same value. misc/check_error.function_file_test17:  misc/check_error.function_file_test17: ################################################################################\nmisc/check_error.function_file_test17: Tester failed, reason: EXPECTED ERROR MISSING misc/check_error.function_file_test17:  misc/check_error.function_file_test17 ........................................ FAILED (EXPECTED ERROR MISSING) runWorker Exception: Traceback (most recent call last): File \"/home/osboxes/projects/moose/python/TestHarness/schedulers/Scheduler.py\", line 456, in runJob self.queueJobs(jobs, j_lock) File \"/home/osboxes/projects/moose/python/TestHarness/schedulers/Scheduler.py\", line 257, in queueJobs self.status_pool.apply_async(self.jobStatus, (job, jobs, j_lock)) File \"/home/osboxes/miniforge/envs/moose/lib/python3.11/multiprocessing/pool.py\", line 458, in apply_async self._check_running() File \"/home/osboxes/miniforge/envs/moose/lib/python3.11/multiprocessing/pool.py\", line 353, in _check_running raise ValueError(\"Pool not running\") ValueError: Pool not running\nFinal Test Results:\n--------------------------------------------------------------------------------------------------------------\nmisc/check_error.node_value_off_block ..................................................... [METHOD!=DBG] SKIP misc/check_error.bad_second_order_test .................................................... [METHOD!=DBG] SKIP outputs/format.tecplot_bin_test ......................................................... [TECPLOT!=TRUE] SKIP samplers/base.errors/setNumberOfRows ............................................... [METHOD!=DEVEL, DBG] SKIP samplers/base.errors/setNumberOfCols ............................................... [METHOD!=DEVEL, DBG] SKIP auxkernels/solution_aux.aux_nonlinear_solution/from_xdr ........................ [--with-dof-id-bytes!=4] SKIP problems/eigen_problem/eigensolvers.no_slepc ............................................. [SLEPC!=FALSE] SKIP meshmodifiers/element_subdomain_modifier.error-distributed ..................... [MESH_MODE!=DISTRIBUTED] SKIP mortar/continuity-3d-non-conforming.continuity_tet14 [Minimum AD size 100 needed, but MOOSE is config...] SKIP mortar/continuity-3d-non-conforming.continuity_sphere_hex20 [Minimum AD size 200 needed, but MOOSE is...] SKIP mortar/continuity-3d-non-conforming.continuity_sphere_hex27-debug-mesh [Minimum AD size 200 needed, b...] SKIP mortar/continuity-3d-non-conforming.continuity_tet10 [Minimum AD size 100 needed, but MOOSE is config...] SKIP mortar/continuity-3d-non-conforming.continuity_sphere_hex27 [Minimum AD size 200 needed, but MOOSE is...] SKIP system_interfaces.thread/pthread .................................................. [THREADING!=PTHREADS] SKIP system_interfaces.partitioner/chaco ....................................................... [CHACO!=TRUE] SKIP system_interfaces.partitioner/party ....................................................... [PARTY!=TRUE] SKIP system_interfaces.compiler/clang ...................................................... [COMPILER!=CLANG] SKIP system_interfaces.libraries/boost ......................................................... [BOOST!=TRUE] SKIP fvkernels/mms/advective-outflow.QUICKLimiter .................................................... [HEAVY] SKIP utils/libtorch_nn/ann.libtorch-nn-activation/linear .................................... [LIBTORCH!=TRUE] SKIP utils/libtorch_nn/ann.libtorch-nn-optimizer/adam ....................................... [LIBTORCH!=TRUE] SKIP utils/libtorch_nn/ann.libtorch-nn-errors/wrong-activation-number ....................... [LIBTORCH!=TRUE] SKIP utils/libtorch_nn/ann.libtorch-nn-activation/relu ...................................... [LIBTORCH!=TRUE] SKIP utils/libtorch_nn/ann.libtorch-nn-activation/elu ....................................... [LIBTORCH!=TRUE] SKIP utils/libtorch_nn/ann.libtorch-nn-optimizer/sgd ........................................ [LIBTORCH!=TRUE] SKIP utils/libtorch_nn/ann.libtorch-nn-optimizer/adagrad .................................... [LIBTORCH!=TRUE] SKIP utils/libtorch_nn/ann.libtorch-nn-errors/wrong-optimizer ............................... [LIBTORCH!=TRUE] SKIP utils/libtorch_nn/ann.libtorch-nn-activation/gelu ...................................... [LIBTORCH!=TRUE] SKIP utils/libtorch_nn/ann.libtorch-nn-optimizer/rmsprop .................................... [LIBTORCH!=TRUE] SKIP utils/libtorch_nn/ann.libtorch-nn-errors/wrong-activation .............................. [LIBTORCH!=TRUE] SKIP utils/libtorch_nn/ann.libtorch-nn-activation/sigmoid ................................... [LIBTORCH!=TRUE] SKIP mesh/splitting.meshgenerators_acting_on_split .................................. [MESH_MODE!=DISTRIBUTED] SKIP mesh/splitting.split_with_distributed_error .................................... [MESH_MODE!=DISTRIBUTED] SKIP partitioners/petsc_partitioner.party ...................................................... [PARTY!=TRUE] SKIP partitioners/petsc_partitioner.chaco ............ [PLATFORM!=DARWIN, CHACO!=TRUE, --with-dof-id-bytes!=4] SKIP mortar/periodic_segmental_constraint.penalty_periodic_split [Minimum AD size 100 needed, but MOOSE is...] SKIP mortar/periodic_segmental_constraint.periodic_simple2d [Minimum AD size 100 needed, but MOOSE is conf...] SKIP mortar/periodic_segmental_constraint.periodic_aux2d [Minimum AD size 100 needed, but MOOSE is configu...] SKIP mortar/periodic_segmental_constraint.periodic_simple3d [Minimum AD size 100 needed, but MOOSE is conf...] SKIP mortar/periodic_segmental_constraint.penalty_periodic_simple3d [Minimum AD size 100 needed, but MOOSE...] SKIP dgkernels/2d_diffusion_dg.proper_ghosting_with_action_parallel_distributed ..... [MESH_MODE!=DISTRIBUTED] SKIP dgkernels/2d_diffusion_dg.no_additional_rms_distributed ........................ [MESH_MODE!=DISTRIBUTED] SKIP dgkernels/2d_diffusion_dg.proper_ghosting_with_action_serial_distributed ....... [MESH_MODE!=DISTRIBUTED] SKIP misc/jacobian.inf_nan ................................................. [using PETSc 3.21.4 REQ: <3.19.3] SKIP misc/signal_handler.test_signal_debug ..................................................... [METHOD!=DBG] SKIP misc/signal_handler.test_signal_recover_debug .......................... [METHOD!=DBG,skipped dependency] SKIP misc/signal_handler.test_signal_recover_exodiff_debug .................. [METHOD!=DBG,skipped dependency] SKIP meshgenerators/sideset_around_subdomain_generator.group/adjacent_to_boundary ... [MESH_MODE!=DISTRIBUTED] SKIP mortar/convergence-studies/continuity-3d.p2p2 [Minimum AD size 100 needed, but MOOSE is configured wi...] SKIP mortar/convergence-studies/continuity-3d.p1p1dual ............................................... [HEAVY] SKIP mortar/convergence-studies/continuity-3d.p1p1 ................................................... [HEAVY] SKIP mortar/convergence-studies/continuity-3d.p1p0 ................................................... [HEAVY] SKIP mortar/convergence-studies/continuity-3d.p2p1 [Minimum AD size 100 needed, but MOOSE is configured wi...] SKIP mortar/convergence-studies/continuity-3d.p2p0 [Minimum AD size 100 needed, but MOOSE is configured wi...] SKIP mortar/ad_periodic_segmental_constraint.penalty_periodic_simple3d [Minimum AD size 100 needed, but MO...] SKIP mortar/ad_periodic_segmental_constraint.periodic_simple2d [Minimum AD size 100 needed, but MOOSE is c...] SKIP mortar/ad_periodic_segmental_constraint.periodic_simple3d [Minimum AD size 100 needed, but MOOSE is c...] SKIP meshgenerators/block_to_mesh_converter_generator.errors/distributed ............ [MESH_MODE!=DISTRIBUTED] SKIP controls/error.tid_warehouse_error ........................................................ [METHOD!=DBG] SKIP outputs/nemesis.nemesis_scalar_distributed ..................................... [MESH_MODE!=DISTRIBUTED] SKIP outputs/nemesis.nemesis_elemental_distributed .................................. [MESH_MODE!=DISTRIBUTED] SKIP outputs/vtk.solution/diff_parallel_mesh ................................. [#6149, MESH_MODE!=DISTRIBUTED] SKIP performance.os/linux ................................................................. [PLATFORM!=DARWIN] SKIP performance.os/macOS ................................................................. [PLATFORM!=DARWIN] SKIP mortar/convergence-studies/solution-continuity.p1p0 ............................................. [HEAVY] SKIP mortar/convergence-studies/solution-continuity.p2p2 ............................................. [HEAVY] SKIP mortar/convergence-studies/solution-continuity.p1p1 ............................................. [HEAVY] SKIP mortar/convergence-studies/solution-continuity.p2p1 ............................................. [HEAVY] SKIP mortar/convergence-studies/solution-continuity.p2p0 ............................................. [HEAVY] SKIP mortar/convergence-studies/gap-conductance.p2p0 ................................................. [HEAVY] SKIP mortar/convergence-studies/gap-conductance.p2p2 ................................................. [HEAVY] SKIP mortar/convergence-studies/gap-conductance.p1p0 ................................................. [HEAVY] SKIP mortar/convergence-studies/gap-conductance.p2p1 ................................................. [HEAVY] SKIP mortar/convergence-studies/gap-conductance.p1p1 ................................................. [HEAVY] SKIP parser/param_substitution.debug_units ..................................................... [METHOD!=DBG] SKIP partitioners/block_weighted_partitioner.tests/distributed_mesh ................. [MESH_MODE!=DISTRIBUTED] SKIP fvkernels/fv_adapt.steady-mms ................................................................... [HEAVY] SKIP functions/image_function/error.errors/no_vtk ............................................... [VTK!=FALSE] SKIP controls/libtorch_nn_control.run-torch-script .......................................... [LIBTORCH!=TRUE] SKIP controls/libtorch_nn_control.invalid-torchscript-error ................................. [LIBTORCH!=TRUE] SKIP controls/libtorch_nn_control.run-with-torch-parameters ................................. [LIBTORCH!=TRUE] SKIP controls/libtorch_nn_control.run-without-nn ............................................ [LIBTORCH!=TRUE] SKIP transfers/multiapp_interpolation_transfer.fromsub_restricted ......................... [PLATFORM!=DARWIN] SKIP outputs/png.image_tests/square_domain .................................................... [LIBPNG!=TRUE] SKIP outputs/png.image_tests/wedge ............................................................ [LIBPNG!=TRUE] SKIP outputs/png.image_tests/adv_diff_reaction ................................................ [LIBPNG!=TRUE] SKIP outputs/tecplot.test_binary ............................................................. [TECPLOT!=TRUE] SKIP vectorpostprocessors/work_balance.work_balance/distributed ..................... [MESH_MODE!=DISTRIBUTED] SKIP fvkernels/mms/non-orthogonal.compact ............................................................ [HEAVY] SKIP fvkernels/mms/non-orthogonal.extended ................................................... [#20953, HEAVY] SKIP relationship_managers/two_rm.evaluable_neighbors/distributed ................... [MESH_MODE!=DISTRIBUTED] SKIP relationship_managers/two_rm.evaluable_neighbors/replicated .................... [--with-dof-id-bytes!=4] SKIP utils/libtorch_nn/torch_script.libtorch-torch-script ................................... [LIBTORCH!=TRUE] SKIP misc/check_error.uo_pps_name_collision_test .................................. FAILED (EXPECTED ERROR MISSING) misc/check_error.function_file_test3 ......................................... FAILED (EXPECTED ERROR MISSING) misc/check_error.coupled_nodal_for_non_nodal_variable_older .................. FAILED (EXPECTED ERROR MISSING) misc/check_error.function_file_test13 ........................................ FAILED (EXPECTED ERROR MISSING) misc/check_error.coupling_scalar_into_field .................................. FAILED (EXPECTED ERROR MISSING) misc/check_error.missing_active_section_test ................................. FAILED (EXPECTED ERROR MISSING) misc/check_error.constraint_with_aux_var ..................................... FAILED (EXPECTED ERROR MISSING) misc/check_error.missing_req_par_action_obj_test ............................. FAILED (EXPECTED ERROR MISSING) misc/check_error.deprecated_param_no_default ................................ FAILED (EXPECTED OUTPUT MISSING) misc/check_error.override_name_variable_test ................................. FAILED (EXPECTED ERROR MISSING) misc/check_error.coupled_constant_yet_needs_name ............................. FAILED (EXPECTED ERROR MISSING) misc/check_error.uo_vector_pps_name_collision_test ........................... FAILED (EXPECTED ERROR MISSING) misc/check_error.function_file_test14 ........................................ FAILED (EXPECTED ERROR MISSING) misc/check_error.function_file_test4 ......................................... FAILED (EXPECTED ERROR MISSING) misc/check_error.missing_coupled_mat_prop_test ............................... FAILED (EXPECTED ERROR MISSING) misc/check_error.coupling_nonexistent_field .................................. FAILED (EXPECTED ERROR MISSING) misc/check_error.missing_req_par_mesh_block_test ............................. FAILED (EXPECTED ERROR MISSING) misc/check_error.scalar_aux_kernel_with_var .................................. FAILED (EXPECTED ERROR MISSING) misc/check_error.bad_enum_test ............................................... FAILED (EXPECTED ERROR MISSING) misc/check_error.double_restrict_uo_test ..................................... FAILED (EXPECTED ERROR MISSING) misc/check_error.rz_3d_error_check_test ...................................... FAILED (EXPECTED ERROR MISSING) misc/check_error.check_syntax_ok ............................................ FAILED (EXPECTED OUTPUT MISSING) misc/check_error.missing_executioner ......................................... FAILED (EXPECTED ERROR MISSING) misc/check_error.wrong_object_test ........................................... FAILED (EXPECTED ERROR MISSING) misc/check_error.function_file_test5 ......................................... FAILED (EXPECTED ERROR MISSING) misc/check_error.coupling_nonexistent_scalar ................................. FAILED (EXPECTED ERROR MISSING) misc/check_error.function_file_test15 ........................................ FAILED (EXPECTED ERROR MISSING) misc/check_error.coupled_grad_without_declare ................................ FAILED (EXPECTED ERROR MISSING) misc/check_error.dirac_kernel_with_aux_var ................................... FAILED (EXPECTED ERROR MISSING) misc/check_error.bad_executioner_test ........................................ FAILED (EXPECTED ERROR MISSING) misc/check_error.missing_req_par_moose_obj_test .............................. FAILED (EXPECTED ERROR MISSING) misc/check_error.check_syntax_error .......................................... FAILED (EXPECTED ERROR MISSING) misc/check_error.dynamic_check_name_block_mismatch_test ...................... FAILED (EXPECTED ERROR MISSING) misc/check_error.same_name_variable_test ..................................... FAILED (EXPECTED ERROR MISSING) misc/check_error.wrong_action_spelling ....................................... FAILED (EXPECTED ERROR MISSING) misc/check_error.nodal_bc_on_elemental_var ................................... FAILED (EXPECTED ERROR MISSING) misc/check_error.function_file_test6 ......................................... FAILED (EXPECTED ERROR MISSING) misc/check_error.coupling_itself ............................................. FAILED (EXPECTED ERROR MISSING) misc/check_error.function_file_test16 ........................................ FAILED (EXPECTED ERROR MISSING) misc/check_error.missing_function_file_test .................................. FAILED (EXPECTED ERROR MISSING) misc/check_error.dg_kernel_with_aux_var ...................................... FAILED (EXPECTED ERROR MISSING) misc/check_error.missing_required_param_in_kernel_test ....................... FAILED (EXPECTED ERROR MISSING) misc/check_error.bad_kernel_test ............................................. FAILED (EXPECTED ERROR MISSING) misc/check_error.check_syntax_no_input ....................................... FAILED (EXPECTED ERROR MISSING) misc/check_error.check_git_lfs_pointer ....................................... FAILED (EXPECTED ERROR MISSING) misc/check_error.subdomain_restricted_auxkernel_test ......................... FAILED (EXPECTED ERROR MISSING) misc/check_error.dynamic_check_name_block_test ............................... FAILED (EXPECTED ERROR MISSING) misc/check_error.coupling_itself_ad .......................................... FAILED (EXPECTED ERROR MISSING) misc/check_error.wrong_input_switch ......................................... FAILED (EXPECTED OUTPUT MISSING) misc/check_error.function_file_test17 ........................................ FAILED (EXPECTED ERROR MISSING) --------------------------------------------------------------------------------------------------------------\nRan 50 tests in 20.5 seconds. Average test time 0.6 seconds, maximum test time 1.2 seconds.\n0 passed, 93 skipped, 0 pending, 50 FAILED MAX FAILURES REACHED",
          "url": "https://github.com/idaholab/moose/discussions/28523",
          "updatedAt": "2024-09-03T04:38:21Z",
          "publishedAt": "2024-09-02T03:16:27Z",
          "category": {
            "name": "Q&A General"
          },
          "comments": {
            "edges": [
              {
                "node": {
                  "author": {
                    "login": "GiudGiud"
                  },
                  "bodyText": "Hello\nThere is an ongoing known failure. See #28494\nFor now the solution is to revert to an older conda package or build from source\nGuillaume",
                  "url": "https://github.com/idaholab/moose/discussions/28523#discussioncomment-10520158",
                  "updatedAt": "2024-09-02T11:57:33Z",
                  "publishedAt": "2024-09-02T11:57:33Z",
                  "isAnswer": true,
                  "replies": {
                    "edges": []
                  }
                }
              }
            ]
          }
        }
      }
    ]
  }
}